TN:
SF:src\shell.js
FN:11,Shell
FN:35,registerCommand
FN:53,tokenize
FN:124,parsePipeline
FN:190,parseCommand
FN:208,splitBySemicolon
FN:247,execute
FN:273,executeSegment
FN:290,executeSimple
FN:313,executePipeline
FN:399,historyPrevious
FN:410,historyNext
FN:424,writePrompt
FN:435,readLine
FN:450,cd
FN:474,getState
FN:485,setState
FNF:17
FNH:4
FNDA:297,Shell
FNDA:12771,registerCommand
FNDA:0,tokenize
FNDA:0,parsePipeline
FNDA:0,parseCommand
FNDA:0,splitBySemicolon
FNDA:282,execute
FNDA:0,executeSegment
FNDA:0,executeSimple
FNDA:81,executePipeline
FNDA:0,historyPrevious
FNDA:0,historyNext
FNDA:0,writePrompt
FNDA:0,readLine
FNDA:0,cd
FNDA:0,getState
FNDA:0,setState
DA:1,8
DA:2,8
DA:3,8
DA:4,8
DA:5,8
DA:6,8
DA:7,8
DA:8,8
DA:9,8
DA:10,8
DA:11,8
DA:12,297
DA:13,297
DA:14,297
DA:15,297
DA:16,297
DA:17,297
DA:18,297
DA:19,297
DA:20,297
DA:21,297
DA:22,297
DA:23,297
DA:24,297
DA:25,297
DA:26,8
DA:27,8
DA:28,8
DA:29,8
DA:30,8
DA:31,8
DA:32,8
DA:33,8
DA:34,8
DA:35,8
DA:36,12771
DA:37,12771
DA:38,12771
DA:39,12771
DA:40,12771
DA:41,12771
DA:42,12771
DA:43,12771
DA:44,12771
DA:45,12771
DA:46,12771
DA:47,8
DA:48,8
DA:49,8
DA:50,8
DA:51,8
DA:52,8
DA:53,8
DA:54,0
DA:55,0
DA:56,0
DA:57,0
DA:58,0
DA:59,0
DA:60,0
DA:61,0
DA:62,0
DA:63,0
DA:64,0
DA:65,0
DA:66,0
DA:67,0
DA:68,0
DA:69,0
DA:70,0
DA:71,0
DA:72,0
DA:73,0
DA:74,0
DA:75,0
DA:76,0
DA:77,0
DA:78,0
DA:79,0
DA:80,0
DA:81,0
DA:82,0
DA:83,0
DA:84,0
DA:85,0
DA:86,0
DA:87,0
DA:88,0
DA:89,0
DA:90,0
DA:91,0
DA:92,0
DA:93,0
DA:94,0
DA:95,0
DA:96,0
DA:97,0
DA:98,0
DA:99,0
DA:100,0
DA:101,0
DA:102,0
DA:103,0
DA:104,8
DA:105,8
DA:106,8
DA:107,8
DA:108,8
DA:109,8
DA:110,8
DA:111,8
DA:112,8
DA:113,8
DA:114,8
DA:115,8
DA:116,8
DA:117,8
DA:118,8
DA:119,8
DA:120,8
DA:121,8
DA:122,8
DA:123,8
DA:124,8
DA:125,0
DA:126,0
DA:127,0
DA:128,0
DA:129,0
DA:130,0
DA:131,0
DA:132,0
DA:133,0
DA:134,0
DA:135,0
DA:136,0
DA:137,0
DA:138,0
DA:139,0
DA:140,0
DA:141,0
DA:142,0
DA:143,0
DA:144,0
DA:145,0
DA:146,0
DA:147,0
DA:148,0
DA:149,0
DA:150,0
DA:151,0
DA:152,0
DA:153,0
DA:154,0
DA:155,0
DA:156,0
DA:157,0
DA:158,0
DA:159,0
DA:160,0
DA:161,0
DA:162,0
DA:163,0
DA:164,0
DA:165,0
DA:166,0
DA:167,0
DA:168,0
DA:169,0
DA:170,0
DA:171,0
DA:172,0
DA:173,0
DA:174,0
DA:175,0
DA:176,0
DA:177,0
DA:178,0
DA:179,0
DA:180,0
DA:181,0
DA:182,8
DA:183,8
DA:184,8
DA:185,8
DA:186,8
DA:187,8
DA:188,8
DA:189,8
DA:190,8
DA:191,0
DA:192,0
DA:193,0
DA:194,0
DA:195,0
DA:196,0
DA:197,0
DA:198,0
DA:199,0
DA:200,0
DA:201,0
DA:202,8
DA:203,8
DA:204,8
DA:205,8
DA:206,8
DA:207,8
DA:208,8
DA:209,0
DA:210,0
DA:211,0
DA:212,0
DA:213,0
DA:214,0
DA:215,0
DA:216,0
DA:217,0
DA:218,0
DA:219,0
DA:220,0
DA:221,0
DA:222,0
DA:223,0
DA:224,0
DA:225,0
DA:226,0
DA:227,0
DA:228,0
DA:229,0
DA:230,0
DA:231,0
DA:232,0
DA:233,0
DA:234,0
DA:235,0
DA:236,0
DA:237,0
DA:238,0
DA:239,0
DA:240,0
DA:241,0
DA:242,0
DA:243,8
DA:244,8
DA:245,8
DA:246,8
DA:247,8
DA:248,282
DA:249,282
DA:250,282
DA:251,282
DA:252,282
DA:253,282
DA:254,282
DA:255,282
DA:256,282
DA:257,282
DA:258,282
DA:259,277
DA:260,277
DA:261,277
DA:262,282
DA:263,5
DA:264,5
DA:265,5
DA:266,5
DA:267,5
DA:268,282
DA:269,8
DA:270,8
DA:271,8
DA:272,8
DA:273,8
DA:274,0
DA:275,0
DA:276,0
DA:277,0
DA:278,0
DA:279,0
DA:280,0
DA:281,0
DA:282,0
DA:283,0
DA:284,0
DA:285,0
DA:286,8
DA:287,8
DA:288,8
DA:289,8
DA:290,8
DA:291,0
DA:292,0
DA:293,0
DA:294,0
DA:295,0
DA:296,0
DA:297,0
DA:298,0
DA:299,0
DA:300,0
DA:301,0
DA:302,0
DA:303,0
DA:304,0
DA:305,0
DA:306,0
DA:307,0
DA:308,0
DA:309,8
DA:310,8
DA:311,8
DA:312,8
DA:313,8
DA:314,81
DA:315,81
DA:316,81
DA:317,81
DA:318,81
DA:319,81
DA:320,81
DA:321,81
DA:322,81
DA:323,81
DA:324,7
DA:325,7
DA:326,6
DA:327,80
DA:328,80
DA:329,81
DA:330,137
DA:331,137
DA:332,137
DA:333,137
DA:334,137
DA:335,137
DA:336,1
DA:337,1
DA:338,1
DA:339,136
DA:340,136
DA:341,136
DA:342,137
DA:343,45
DA:344,137
DA:345,57
DA:346,89
DA:347,34
DA:348,34
DA:349,34
DA:350,136
DA:351,136
DA:352,136
DA:353,136
DA:354,136
DA:355,136
DA:356,137
DA:357,57
DA:358,135
DA:359,45
DA:360,45
DA:361,45
DA:362,45
DA:363,45
DA:364,45
DA:365,13
DA:366,13
DA:367,13
DA:368,11
DA:369,13
DA:370,2
DA:371,2
DA:372,2
DA:373,45
DA:374,32
DA:375,32
DA:376,31
DA:377,45
DA:378,1
DA:379,1
DA:380,79
DA:381,34
DA:382,34
DA:383,34
DA:384,34
DA:385,28
DA:386,28
DA:387,28
DA:388,34
DA:389,137
DA:390,81
DA:391,1
DA:392,1
DA:393,1
DA:394,81
DA:395,8
DA:396,8
DA:397,8
DA:398,8
DA:399,8
DA:400,0
DA:401,0
DA:402,0
DA:403,0
DA:404,0
DA:405,0
DA:406,8
DA:407,8
DA:408,8
DA:409,8
DA:410,8
DA:411,0
DA:412,0
DA:413,0
DA:414,0
DA:415,0
DA:416,0
DA:417,0
DA:418,0
DA:419,0
DA:420,8
DA:421,8
DA:422,8
DA:423,8
DA:424,8
DA:425,0
DA:426,0
DA:427,0
DA:428,0
DA:429,8
DA:430,8
DA:431,8
DA:432,8
DA:433,8
DA:434,8
DA:435,8
DA:436,0
DA:437,0
DA:438,0
DA:439,0
DA:440,0
DA:441,0
DA:442,0
DA:443,0
DA:444,0
DA:445,0
DA:446,8
DA:447,8
DA:448,8
DA:449,8
DA:450,8
DA:451,0
DA:452,0
DA:453,0
DA:454,0
DA:455,0
DA:456,0
DA:457,0
DA:458,0
DA:459,0
DA:460,0
DA:461,0
DA:462,0
DA:463,0
DA:464,0
DA:465,0
DA:466,0
DA:467,0
DA:468,0
DA:469,0
DA:470,8
DA:471,8
DA:472,8
DA:473,8
DA:474,8
DA:475,0
DA:476,0
DA:477,0
DA:478,0
DA:479,0
DA:480,0
DA:481,8
DA:482,8
DA:483,8
DA:484,8
DA:485,8
DA:486,0
DA:487,0
DA:488,0
DA:489,0
DA:490,0
DA:491,8
LF:491
LH:250
BRDA:1,0,0,8
BRDA:11,1,0,298
BRDA:35,2,0,12772
BRDA:42,3,0,1
BRDA:43,4,0,1
BRDA:247,5,0,283
BRDA:248,6,0,1
BRDA:262,7,0,6
BRDA:313,8,0,85
BRDA:323,9,0,11
BRDA:329,10,0,141
BRDA:332,11,0,84
BRDA:335,12,0,5
BRDA:342,13,0,49
BRDA:344,14,0,95
BRDA:344,15,0,61
BRDA:346,16,0,38
BRDA:356,17,0,61
BRDA:358,18,0,83
BRDA:358,19,0,49
BRDA:364,20,0,17
BRDA:377,21,0,5
BRDA:380,22,0,38
BRDA:384,23,0,32
BRDA:390,24,0,140
BRDA:390,25,0,5
BRDA:386,26,0,40
BRDA:344,27,0,93
BRDA:356,28,0,139
BRDA:259,29,0,278
BRDA:326,30,0,10
BRDA:327,31,0,84
BRDA:339,32,0,140
BRDA:350,33,0,140
BRDA:368,34,0,15
BRDA:369,35,0,6
BRDA:373,36,0,36
BRDA:376,37,0,35
BRF:38
BRH:38
end_of_record
TN:
SF:src\commands\filesystem.js
FN:30,withTimeout
FN:54,registerFilesystemCommands
FN:56,shell.registerCommand.description
FN:102,shell.registerCommand.description
FN:193,shell.registerCommand.description
FN:245,shell.registerCommand.description
FN:280,shell.registerCommand.description
FN:312,shell.registerCommand.description
FN:371,shell.registerCommand.description
FN:417,shell.registerCommand.description
FN:464,shell.registerCommand.description
FN:472,shell.registerCommand.description
FN:524,shell.registerCommand.description
FN:555,shell.registerCommand.description
FN:649,shell.registerCommand.description
FN:680,shell.registerCommand.description
FN:711,shell.registerCommand.description
FN:779,shell.registerCommand.description
FN:805,shell.registerCommand.description
FN:864,shell.registerCommand.description
FN:951,shell.registerCommand.description
FN:1012,shell.registerCommand.description
FN:1090,shell.registerCommand.description
FNF:23
FNH:15
FNDA:196,withTimeout
FNDA:297,registerFilesystemCommands
FNDA:0,shell.registerCommand.description
FNDA:17,shell.registerCommand.description
FNDA:61,shell.registerCommand.description
FNDA:28,shell.registerCommand.description
FNDA:22,shell.registerCommand.description
FNDA:35,shell.registerCommand.description
FNDA:19,shell.registerCommand.description
FNDA:17,shell.registerCommand.description
FNDA:0,shell.registerCommand.description
FNDA:0,shell.registerCommand.description
FNDA:18,shell.registerCommand.description
FNDA:36,shell.registerCommand.description
FNDA:8,shell.registerCommand.description
FNDA:8,shell.registerCommand.description
FNDA:19,shell.registerCommand.description
FNDA:8,shell.registerCommand.description
FNDA:0,shell.registerCommand.description
FNDA:0,shell.registerCommand.description
FNDA:0,shell.registerCommand.description
FNDA:0,shell.registerCommand.description
FNDA:0,shell.registerCommand.description
DA:1,7
DA:2,7
DA:3,7
DA:4,7
DA:5,7
DA:6,7
DA:7,7
DA:8,7
DA:9,7
DA:10,7
DA:11,7
DA:12,7
DA:13,7
DA:14,7
DA:15,7
DA:16,7
DA:17,7
DA:18,7
DA:19,7
DA:20,7
DA:21,7
DA:22,7
DA:23,7
DA:24,7
DA:25,7
DA:26,7
DA:27,7
DA:28,7
DA:29,7
DA:30,196
DA:31,196
DA:32,196
DA:33,196
DA:34,82
DA:35,196
DA:36,114
DA:37,114
DA:38,196
DA:39,196
DA:40,196
DA:41,196
DA:42,196
DA:43,196
DA:44,196
DA:45,184
DA:46,184
DA:47,184
DA:48,196
DA:49,12
DA:50,12
DA:51,12
DA:52,196
DA:53,7
DA:54,7
DA:55,297
DA:56,297
DA:57,0
DA:58,0
DA:59,0
DA:60,0
DA:61,0
DA:62,0
DA:63,0
DA:64,0
DA:65,0
DA:66,0
DA:67,0
DA:68,0
DA:69,0
DA:70,0
DA:71,0
DA:72,0
DA:73,0
DA:74,0
DA:75,0
DA:76,0
DA:77,0
DA:78,0
DA:79,0
DA:80,0
DA:81,0
DA:82,0
DA:83,0
DA:84,0
DA:85,0
DA:86,0
DA:87,0
DA:88,0
DA:89,0
DA:90,0
DA:91,0
DA:92,0
DA:93,0
DA:94,0
DA:95,0
DA:96,297
DA:97,297
DA:98,297
DA:99,297
DA:100,297
DA:101,297
DA:102,297
DA:103,17
DA:104,17
DA:105,17
DA:106,17
DA:107,17
DA:108,17
DA:109,17
DA:110,17
DA:111,17
DA:112,17
DA:113,17
DA:114,17
DA:115,17
DA:116,17
DA:117,17
DA:118,17
DA:119,17
DA:120,17
DA:121,17
DA:122,17
DA:123,17
DA:124,17
DA:125,17
DA:126,17
DA:127,17
DA:128,17
DA:129,0
DA:130,0
DA:131,0
DA:132,17
DA:133,17
DA:134,17
DA:135,17
DA:136,17
DA:137,17
DA:138,17
DA:139,17
DA:140,17
DA:141,0
DA:142,0
DA:143,0
DA:144,16
DA:145,16
DA:146,16
DA:147,16
DA:148,17
DA:149,13
DA:150,13
DA:151,16
DA:152,17
DA:153,1
DA:154,1
DA:155,1
DA:156,15
DA:157,17
DA:158,2
DA:159,2
DA:160,7
DA:161,7
DA:162,7
DA:163,7
DA:164,7
DA:165,7
DA:166,7
DA:167,7
DA:168,7
DA:169,17
DA:170,13
DA:171,13
DA:172,6
DA:173,6
DA:174,13
DA:175,7
DA:176,7
DA:177,21
DA:178,21
DA:179,21
DA:180,7
DA:181,7
DA:182,7
DA:183,13
DA:184,17
DA:185,1
DA:186,1
DA:187,297
DA:188,297
DA:189,297
DA:190,297
DA:191,297
DA:192,297
DA:193,297
DA:194,61
DA:195,61
DA:196,61
DA:197,61
DA:198,61
DA:199,61
DA:200,61
DA:201,61
DA:202,61
DA:203,61
DA:204,61
DA:205,61
DA:206,61
DA:207,61
DA:208,61
DA:209,61
DA:210,61
DA:211,61
DA:212,61
DA:213,17
DA:214,16
DA:215,16
DA:216,16
DA:217,16
DA:218,17
DA:219,1
DA:220,1
DA:221,1
DA:222,17
DA:223,44
DA:224,44
DA:225,44
DA:226,44
DA:227,44
DA:228,61
DA:229,49
DA:230,49
DA:231,46
DA:232,46
DA:233,46
DA:234,46
DA:235,46
DA:236,61
DA:237,3
DA:238,3
DA:239,297
DA:240,297
DA:241,297
DA:242,297
DA:243,297
DA:244,297
DA:245,297
DA:246,28
DA:247,28
DA:248,28
DA:249,28
DA:250,28
DA:251,28
DA:252,28
DA:253,28
DA:254,28
DA:255,28
DA:256,28
DA:257,28
DA:258,28
DA:259,28
DA:260,28
DA:261,28
DA:262,28
DA:263,1
DA:264,1
DA:265,1
DA:266,27
DA:267,27
DA:268,27
DA:269,27
DA:270,27
DA:271,28
DA:272,3
DA:273,3
DA:274,297
DA:275,297
DA:276,297
DA:277,297
DA:278,297
DA:279,297
DA:280,297
DA:281,22
DA:282,22
DA:283,22
DA:284,22
DA:285,22
DA:286,22
DA:287,22
DA:288,22
DA:289,22
DA:290,22
DA:291,22
DA:292,22
DA:293,22
DA:294,22
DA:295,1
DA:296,1
DA:297,1
DA:298,21
DA:299,21
DA:300,21
DA:301,21
DA:302,21
DA:303,22
DA:304,0
DA:305,0
DA:306,297
DA:307,297
DA:308,297
DA:309,297
DA:310,297
DA:311,297
DA:312,297
DA:313,35
DA:314,35
DA:315,35
DA:316,35
DA:317,35
DA:318,35
DA:319,35
DA:320,35
DA:321,35
DA:322,35
DA:323,35
DA:324,35
DA:325,35
DA:326,35
DA:327,35
DA:328,35
DA:329,35
DA:330,35
DA:331,35
DA:332,35
DA:333,35
DA:334,1
DA:335,1
DA:336,1
DA:337,34
DA:338,34
DA:339,34
DA:340,34
DA:341,34
DA:342,34
DA:343,34
DA:344,34
DA:345,34
DA:346,0
DA:347,0
DA:348,0
DA:349,0
DA:350,0
DA:351,0
DA:352,0
DA:353,0
DA:354,0
DA:355,0
DA:356,0
DA:357,0
DA:358,34
DA:359,34
DA:360,31
DA:361,34
DA:362,35
DA:363,3
DA:364,3
DA:365,297
DA:366,297
DA:367,297
DA:368,297
DA:369,297
DA:370,297
DA:371,297
DA:372,19
DA:373,19
DA:374,19
DA:375,19
DA:376,19
DA:377,19
DA:378,19
DA:379,19
DA:380,19
DA:381,19
DA:382,19
DA:383,19
DA:384,19
DA:385,19
DA:386,2
DA:387,2
DA:388,2
DA:389,2
DA:390,17
DA:391,17
DA:392,17
DA:393,17
DA:394,17
DA:395,17
DA:396,17
DA:397,17
DA:398,17
DA:399,19
DA:400,2
DA:401,2
DA:402,2
DA:403,19
DA:404,13
DA:405,13
DA:406,17
DA:407,17
DA:408,19
DA:409,1
DA:410,1
DA:411,297
DA:412,297
DA:413,297
DA:414,297
DA:415,297
DA:416,297
DA:417,297
DA:418,17
DA:419,17
DA:420,17
DA:421,17
DA:422,17
DA:423,17
DA:424,17
DA:425,17
DA:426,17
DA:427,17
DA:428,17
DA:429,17
DA:430,17
DA:431,17
DA:432,17
DA:433,2
DA:434,2
DA:435,2
DA:436,2
DA:437,15
DA:438,15
DA:439,15
DA:440,15
DA:441,15
DA:442,15
DA:443,15
DA:444,15
DA:445,15
DA:446,17
DA:447,2
DA:448,2
DA:449,2
DA:450,17
DA:451,12
DA:452,12
DA:453,15
DA:454,15
DA:455,17
DA:456,1
DA:457,1
DA:458,297
DA:459,297
DA:460,297
DA:461,297
DA:462,297
DA:463,297
DA:464,297
DA:465,0
DA:466,297
DA:467,297
DA:468,297
DA:469,297
DA:470,297
DA:471,297
DA:472,297
DA:473,0
DA:474,0
DA:475,0
DA:476,0
DA:477,0
DA:478,0
DA:479,0
DA:480,0
DA:481,0
DA:482,0
DA:483,0
DA:484,0
DA:485,0
DA:486,0
DA:487,0
DA:488,0
DA:489,0
DA:490,0
DA:491,0
DA:492,0
DA:493,0
DA:494,0
DA:495,0
DA:496,0
DA:497,0
DA:498,0
DA:499,0
DA:500,0
DA:501,0
DA:502,0
DA:503,0
DA:504,0
DA:505,0
DA:506,0
DA:507,0
DA:508,0
DA:509,0
DA:510,0
DA:511,0
DA:512,0
DA:513,0
DA:514,0
DA:515,0
DA:516,0
DA:517,0
DA:518,297
DA:519,297
DA:520,297
DA:521,297
DA:522,297
DA:523,297
DA:524,297
DA:525,18
DA:526,3
DA:527,3
DA:528,3
DA:529,3
DA:530,3
DA:531,15
DA:532,15
DA:533,15
DA:534,18
DA:535,18
DA:536,18
DA:537,18
DA:538,18
DA:539,18
DA:540,18
DA:541,18
DA:542,18
DA:543,18
DA:544,18
DA:545,18
DA:546,18
DA:547,0
DA:548,0
DA:549,297
DA:550,297
DA:551,297
DA:552,297
DA:553,297
DA:554,297
DA:555,297
DA:556,36
DA:557,36
DA:558,36
DA:559,36
DA:560,36
DA:561,36
DA:562,36
DA:563,36
DA:564,36
DA:565,36
DA:566,36
DA:567,36
DA:568,36
DA:569,36
DA:570,36
DA:571,36
DA:572,36
DA:573,36
DA:574,36
DA:575,36
DA:576,36
DA:577,36
DA:578,36
DA:579,36
DA:580,36
DA:581,36
DA:582,0
DA:583,0
DA:584,0
DA:585,36
DA:586,36
DA:587,36
DA:588,36
DA:589,36
DA:590,36
DA:591,36
DA:592,36
DA:593,36
DA:594,28
DA:595,28
DA:596,36
DA:597,3
DA:598,3
DA:599,3
DA:600,3
DA:601,3
DA:602,5
DA:603,5
DA:604,5
DA:605,5
DA:606,31
DA:607,31
DA:608,31
DA:609,31
DA:610,185
DA:611,185
DA:612,185
DA:613,185
DA:614,61
DA:615,61
DA:616,31
DA:617,31
DA:618,31
DA:619,36
DA:620,0
DA:621,0
DA:622,36
DA:623,31
DA:624,31
DA:625,61
DA:626,61
DA:627,61
DA:628,61
DA:629,0
DA:630,0
DA:631,61
DA:632,61
DA:633,61
DA:634,0
DA:635,0
DA:636,61
DA:637,61
DA:638,31
DA:639,31
DA:640,36
DA:641,0
DA:642,0
DA:643,297
DA:644,297
DA:645,297
DA:646,297
DA:647,297
DA:648,297
DA:649,297
DA:650,8
DA:651,0
DA:652,0
DA:653,0
DA:654,8
DA:655,8
DA:656,8
DA:657,8
DA:658,8
DA:659,8
DA:660,8
DA:661,5
DA:662,5
DA:663,5
DA:664,8
DA:665,8
DA:666,8
DA:667,8
DA:668,7
DA:669,7
DA:670,7
DA:671,8
DA:672,1
DA:673,1
DA:674,297
DA:675,297
DA:676,297
DA:677,297
DA:678,297
DA:679,297
DA:680,297
DA:681,8
DA:682,0
DA:683,0
DA:684,0
DA:685,8
DA:686,8
DA:687,8
DA:688,8
DA:689,8
DA:690,8
DA:691,8
DA:692,5
DA:693,5
DA:694,5
DA:695,8
DA:696,8
DA:697,8
DA:698,8
DA:699,7
DA:700,7
DA:701,7
DA:702,8
DA:703,1
DA:704,1
DA:705,297
DA:706,297
DA:707,297
DA:708,297
DA:709,297
DA:710,297
DA:711,297
DA:712,19
DA:713,19
DA:714,19
DA:715,19
DA:716,19
DA:717,19
DA:718,19
DA:719,19
DA:720,19
DA:721,19
DA:722,19
DA:723,19
DA:724,19
DA:725,19
DA:726,19
DA:727,19
DA:728,19
DA:729,19
DA:730,19
DA:731,19
DA:732,19
DA:733,19
DA:734,19
DA:735,19
DA:736,19
DA:737,19
DA:738,19
DA:739,19
DA:740,19
DA:741,11
DA:742,19
DA:743,7
DA:744,7
DA:745,7
DA:746,7
DA:747,8
DA:748,1
DA:749,1
DA:750,1
DA:751,18
DA:752,18
DA:753,18
DA:754,18
DA:755,18
DA:756,18
DA:757,18
DA:758,19
DA:759,19
DA:760,19
DA:761,19
DA:762,19
DA:763,19
DA:764,19
DA:765,19
DA:766,19
DA:767,19
DA:768,18
DA:769,18
DA:770,19
DA:771,0
DA:772,0
DA:773,297
DA:774,297
DA:775,297
DA:776,297
DA:777,297
DA:778,297
DA:779,297
DA:780,8
DA:781,0
DA:782,0
DA:783,0
DA:784,8
DA:785,8
DA:786,8
DA:787,8
DA:788,8
DA:789,7
DA:790,7
DA:791,7
DA:792,8
DA:793,8
DA:794,8
DA:795,8
DA:796,1
DA:797,1
DA:798,297
DA:799,297
DA:800,297
DA:801,297
DA:802,297
DA:803,297
DA:804,297
DA:805,0
DA:806,0
DA:807,0
DA:808,0
DA:809,0
DA:810,0
DA:811,0
DA:812,0
DA:813,0
DA:814,0
DA:815,0
DA:816,0
DA:817,0
DA:818,0
DA:819,0
DA:820,0
DA:821,0
DA:822,0
DA:823,0
DA:824,0
DA:825,0
DA:826,0
DA:827,0
DA:828,0
DA:829,0
DA:830,0
DA:831,0
DA:832,0
DA:833,0
DA:834,0
DA:835,0
DA:836,0
DA:837,0
DA:838,0
DA:839,0
DA:840,0
DA:841,0
DA:842,0
DA:843,0
DA:844,0
DA:845,0
DA:846,0
DA:847,0
DA:848,0
DA:849,0
DA:850,0
DA:851,0
DA:852,0
DA:853,0
DA:854,0
DA:855,0
DA:856,0
DA:857,0
DA:858,0
DA:859,0
DA:860,0
DA:861,0
DA:862,297
DA:863,297
DA:864,297
DA:865,0
DA:866,0
DA:867,0
DA:868,0
DA:869,0
DA:870,0
DA:871,0
DA:872,0
DA:873,0
DA:874,0
DA:875,0
DA:876,0
DA:877,0
DA:878,0
DA:879,0
DA:880,0
DA:881,0
DA:882,0
DA:883,0
DA:884,0
DA:885,0
DA:886,0
DA:887,0
DA:888,0
DA:889,0
DA:890,0
DA:891,0
DA:892,0
DA:893,0
DA:894,0
DA:895,0
DA:896,0
DA:897,0
DA:898,0
DA:899,0
DA:900,0
DA:901,0
DA:902,0
DA:903,0
DA:904,0
DA:905,0
DA:906,0
DA:907,0
DA:908,0
DA:909,0
DA:910,0
DA:911,0
DA:912,0
DA:913,0
DA:914,0
DA:915,0
DA:916,0
DA:917,0
DA:918,0
DA:919,0
DA:920,0
DA:921,0
DA:922,0
DA:923,0
DA:924,0
DA:925,0
DA:926,0
DA:927,0
DA:928,0
DA:929,0
DA:930,0
DA:931,0
DA:932,0
DA:933,0
DA:934,0
DA:935,0
DA:936,0
DA:937,0
DA:938,0
DA:939,0
DA:940,0
DA:941,0
DA:942,0
DA:943,0
DA:944,0
DA:945,297
DA:946,297
DA:947,297
DA:948,297
DA:949,297
DA:950,297
DA:951,297
DA:952,0
DA:953,0
DA:954,0
DA:955,0
DA:956,0
DA:957,0
DA:958,0
DA:959,0
DA:960,0
DA:961,0
DA:962,0
DA:963,0
DA:964,0
DA:965,0
DA:966,0
DA:967,0
DA:968,0
DA:969,0
DA:970,0
DA:971,0
DA:972,0
DA:973,0
DA:974,0
DA:975,0
DA:976,0
DA:977,0
DA:978,0
DA:979,0
DA:980,0
DA:981,0
DA:982,0
DA:983,0
DA:984,0
DA:985,0
DA:986,0
DA:987,0
DA:988,0
DA:989,0
DA:990,0
DA:991,0
DA:992,0
DA:993,0
DA:994,0
DA:995,0
DA:996,0
DA:997,0
DA:998,0
DA:999,0
DA:1000,0
DA:1001,0
DA:1002,0
DA:1003,0
DA:1004,0
DA:1005,0
DA:1006,297
DA:1007,297
DA:1008,297
DA:1009,297
DA:1010,297
DA:1011,297
DA:1012,297
DA:1013,0
DA:1014,0
DA:1015,0
DA:1016,0
DA:1017,0
DA:1018,0
DA:1019,0
DA:1020,0
DA:1021,0
DA:1022,0
DA:1023,0
DA:1024,0
DA:1025,0
DA:1026,0
DA:1027,0
DA:1028,0
DA:1029,0
DA:1030,0
DA:1031,0
DA:1032,0
DA:1033,0
DA:1034,0
DA:1035,0
DA:1036,0
DA:1037,0
DA:1038,0
DA:1039,0
DA:1040,0
DA:1041,0
DA:1042,0
DA:1043,0
DA:1044,0
DA:1045,0
DA:1046,0
DA:1047,0
DA:1048,0
DA:1049,0
DA:1050,0
DA:1051,0
DA:1052,0
DA:1053,0
DA:1054,0
DA:1055,0
DA:1056,0
DA:1057,0
DA:1058,0
DA:1059,0
DA:1060,0
DA:1061,0
DA:1062,0
DA:1063,0
DA:1064,0
DA:1065,0
DA:1066,0
DA:1067,0
DA:1068,0
DA:1069,0
DA:1070,0
DA:1071,0
DA:1072,0
DA:1073,0
DA:1074,0
DA:1075,0
DA:1076,0
DA:1077,0
DA:1078,0
DA:1079,0
DA:1080,0
DA:1081,0
DA:1082,0
DA:1083,0
DA:1084,297
DA:1085,297
DA:1086,297
DA:1087,297
DA:1088,297
DA:1089,297
DA:1090,297
DA:1091,0
DA:1092,0
DA:1093,0
DA:1094,0
DA:1095,0
DA:1096,0
DA:1097,0
DA:1098,0
DA:1099,0
DA:1100,0
DA:1101,0
DA:1102,0
DA:1103,0
DA:1104,0
DA:1105,0
DA:1106,0
DA:1107,0
DA:1108,0
DA:1109,0
DA:1110,0
DA:1111,0
DA:1112,0
DA:1113,0
DA:1114,0
DA:1115,0
DA:1116,0
DA:1117,0
DA:1118,0
DA:1119,0
DA:1120,0
DA:1121,0
DA:1122,0
DA:1123,0
DA:1124,0
DA:1125,0
DA:1126,0
DA:1127,0
DA:1128,0
DA:1129,0
DA:1130,0
DA:1131,0
DA:1132,0
DA:1133,0
DA:1134,0
DA:1135,0
DA:1136,0
DA:1137,0
DA:1138,0
DA:1139,0
DA:1140,0
DA:1141,0
DA:1142,0
DA:1143,0
DA:1144,0
DA:1145,0
DA:1146,0
DA:1147,0
DA:1148,0
DA:1149,0
DA:1150,0
DA:1151,0
DA:1152,297
DA:1153,297
DA:1154,297
DA:1155,297
DA:1156,297
LF:1156
LH:704
BRDA:1,0,0,7
BRDA:54,1,0,297
BRDA:804,2,0,0
BRDA:30,3,0,197
BRDA:35,4,0,115
BRDA:45,5,0,185
BRDA:48,6,0,13
BRDA:41,7,0,197
BRDA:193,8,0,84
BRDA:195,9,0,23
BRDA:207,10,0,23
BRDA:212,11,0,40
BRDA:228,12,0,72
BRDA:231,13,0,69
BRDA:236,14,0,64
BRDA:236,15,0,26
BRDA:234,16,0,226
BRDA:555,17,0,210
BRDA:557,18,0,174
BRDA:577,19,0,174
BRDA:581,20,0,174
BRDA:588,21,0,174
BRDA:593,22,0,202
BRDA:596,23,0,182
BRDA:596,24,0,180
BRDA:606,25,0,205
BRDA:619,26,0,174
BRDA:622,27,0,205
BRDA:640,28,0,174
BRDA:609,29,0,359
BRDA:611,30,0,174
BRDA:613,31,0,235
BRDA:624,32,0,235
BRDA:628,33,0,174
BRDA:633,34,0,190
BRDA:633,35,0,174
BRDA:633,36,0,174
BRDA:649,37,0,260
BRDA:650,38,0,252
BRDA:660,39,0,257
BRDA:660,40,0,257
BRDA:665,41,0,252
BRDA:668,42,0,259
BRDA:671,43,0,253
BRDA:670,44,0,282
BRDA:680,45,0,260
BRDA:681,46,0,252
BRDA:691,47,0,257
BRDA:691,48,0,257
BRDA:696,49,0,252
BRDA:699,50,0,259
BRDA:702,51,0,253
BRDA:701,52,0,282
BRDA:711,53,0,211
BRDA:713,54,0,192
BRDA:731,55,0,192
BRDA:740,56,0,203
BRDA:742,57,0,200
BRDA:747,58,0,193
BRDA:758,59,0,197
BRDA:758,60,0,197
BRDA:759,61,0,208
BRDA:759,62,0,208
BRDA:760,63,0,209
BRDA:760,64,0,209
BRDA:764,65,0,207
BRDA:765,66,0,196
BRDA:766,67,0,195
BRDA:767,68,0,199
BRDA:770,69,0,192
BRDA:754,70,0,288
BRDA:779,71,0,260
BRDA:780,72,0,252
BRDA:786,73,0,253
BRDA:786,74,0,259
BRDA:789,75,0,259
BRDA:792,76,0,254
BRDA:795,77,0,253
BRDA:102,78,0,231
BRDA:104,79,0,214
BRDA:121,80,0,214
BRDA:128,81,0,214
BRDA:135,82,0,216
BRDA:136,83,0,229
BRDA:140,84,0,230
BRDA:140,85,0,214
BRDA:144,86,0,230
BRDA:148,87,0,227
BRDA:151,88,0,230
BRDA:152,89,0,215
BRDA:156,90,0,229
BRDA:157,91,0,216
BRDA:159,92,0,221
BRDA:160,93,0,216
BRDA:160,94,0,219
BRDA:161,95,0,216
BRDA:165,96,0,214
BRDA:166,97,0,216
BRDA:166,98,0,219
BRDA:169,99,0,227
BRDA:171,100,0,222
BRDA:171,101,0,220
BRDA:174,102,0,221
BRDA:184,103,0,215
BRDA:149,104,0,265
BRDA:173,105,0,243
BRDA:176,106,0,235
BRDA:178,107,0,220
BRDA:179,108,0,229
BRDA:33,109,0,83
BRDA:312,110,0,172
BRDA:314,111,0,137
BRDA:329,112,0,137
BRDA:333,113,0,138
BRDA:345,114,0,137
BRDA:362,115,0,140
BRDA:213,116,0,39
BRDA:218,117,0,24
BRDA:223,118,0,67
BRDA:216,119,0,47
BRDA:596,120,0,182
BRDA:742,121,0,199
BRDA:751,122,0,210
BRDA:764,123,0,210
BRDA:766,124,0,210
BRDA:767,125,0,210
BRDA:768,126,0,210
BRDA:245,127,0,170
BRDA:247,128,0,142
BRDA:258,129,0,142
BRDA:262,130,0,143
BRDA:266,131,0,169
BRDA:271,132,0,166
BRDA:271,133,0,145
BRDA:280,134,0,164
BRDA:290,135,0,142
BRDA:294,136,0,143
BRDA:298,137,0,163
BRDA:303,138,0,142
BRDA:337,139,0,171
BRDA:360,140,0,168
BRDA:362,141,0,168
BRDA:371,142,0,161
BRDA:381,143,0,142
BRDA:385,144,0,144
BRDA:390,145,0,159
BRDA:399,146,0,146
BRDA:399,147,0,144
BRDA:403,148,0,155
BRDA:406,149,0,159
BRDA:408,150,0,158
BRDA:408,151,0,143
BRDA:417,152,0,159
BRDA:428,153,0,142
BRDA:432,154,0,144
BRDA:437,155,0,157
BRDA:446,156,0,145
BRDA:446,157,0,144
BRDA:450,158,0,154
BRDA:453,159,0,157
BRDA:455,160,0,156
BRDA:455,161,0,143
BRDA:524,162,0,160
BRDA:525,163,0,145
BRDA:531,164,0,157
BRDA:534,165,0,147
BRDA:534,166,0,152
BRDA:546,167,0,157
BRDA:546,168,0,142
BRF:169
BRH:168
end_of_record
TN:
SF:src\commands\index.js
FN:9,registerBuiltins
FNF:1
FNH:1
FNDA:297,registerBuiltins
DA:1,7
DA:2,7
DA:3,7
DA:4,7
DA:5,7
DA:6,7
DA:7,7
DA:8,7
DA:9,7
DA:10,297
DA:11,297
DA:12,297
LF:12
LH:12
BRDA:1,0,0,7
BRDA:9,1,0,297
BRF:2
BRH:2
end_of_record
TN:
SF:src\commands\shell.js
FN:24,registerShellCommands
FN:26,shell.registerCommand.description
FN:34,shell.registerCommand.description
FN:142,shell.registerCommand.description
FN:199,shell.registerCommand.description
FN:207,shell.registerCommand.description
FN:228,shell.registerCommand.description
FN:244,shell.registerCommand.description
FN:263,shell.registerCommand.description
FN:282,shell.registerCommand.description
FN:295,shell.registerCommand.description
FN:321,shell.registerCommand.description
FN:393,shell.registerCommand.description
FN:500,shell.registerCommand.description
FN:596,shell.registerCommand.description
FN:649,shell.registerCommand.description
FN:690,shell.registerCommand.description
FN:746,shell.registerCommand.description
FN:793,shell.registerCommand.description
FN:838,computeSHA256
FN:849,compressString
FN:862,decompressString
FN:874,utf8ToBase64
FN:886,base64ToUtf8
FN:897,getAllVFSEntries
FN:942,shell.registerCommand.description
FN:1067,shell.registerCommand.description
FN:1178,input.onchange
FN:1341,shell.registerCommand.description
FNF:29
FNH:8
FNDA:297,registerShellCommands
FNDA:0,shell.registerCommand.description
FNDA:0,shell.registerCommand.description
FNDA:0,shell.registerCommand.description
FNDA:0,shell.registerCommand.description
FNDA:30,shell.registerCommand.description
FNDA:0,shell.registerCommand.description
FNDA:0,shell.registerCommand.description
FNDA:0,shell.registerCommand.description
FNDA:0,shell.registerCommand.description
FNDA:0,shell.registerCommand.description
FNDA:0,shell.registerCommand.description
FNDA:0,shell.registerCommand.description
FNDA:0,shell.registerCommand.description
FNDA:0,shell.registerCommand.description
FNDA:0,shell.registerCommand.description
FNDA:0,shell.registerCommand.description
FNDA:0,shell.registerCommand.description
FNDA:0,shell.registerCommand.description
FNDA:5,computeSHA256
FNDA:2,compressString
FNDA:0,decompressString
FNDA:1,utf8ToBase64
FNDA:0,base64ToUtf8
FNDA:33,getAllVFSEntries
FNDA:4,shell.registerCommand.description
FNDA:2,shell.registerCommand.description
FNDA:0,input.onchange
FNDA:0,shell.registerCommand.description
DA:1,7
DA:2,7
DA:3,7
DA:4,7
DA:5,7
DA:6,7
DA:7,7
DA:8,7
DA:9,7
DA:10,7
DA:11,7
DA:12,7
DA:13,7
DA:14,7
DA:15,7
DA:16,7
DA:17,7
DA:18,7
DA:19,7
DA:20,7
DA:21,7
DA:22,7
DA:23,7
DA:24,7
DA:25,297
DA:26,297
DA:27,0
DA:28,297
DA:29,297
DA:30,297
DA:31,297
DA:32,297
DA:33,297
DA:34,297
DA:35,0
DA:36,0
DA:37,0
DA:38,0
DA:39,0
DA:40,0
DA:41,0
DA:42,0
DA:43,0
DA:44,0
DA:45,0
DA:46,0
DA:47,0
DA:48,0
DA:49,0
DA:50,0
DA:51,0
DA:52,0
DA:53,0
DA:54,0
DA:55,0
DA:56,0
DA:57,0
DA:58,0
DA:59,0
DA:60,0
DA:61,0
DA:62,0
DA:63,0
DA:64,0
DA:65,0
DA:66,0
DA:67,0
DA:68,0
DA:69,0
DA:70,0
DA:71,0
DA:72,0
DA:73,0
DA:74,0
DA:75,0
DA:76,0
DA:77,0
DA:78,0
DA:79,0
DA:80,0
DA:81,0
DA:82,0
DA:83,0
DA:84,0
DA:85,0
DA:86,0
DA:87,0
DA:88,0
DA:89,0
DA:90,0
DA:91,0
DA:92,0
DA:93,0
DA:94,0
DA:95,0
DA:96,0
DA:97,0
DA:98,0
DA:99,0
DA:100,0
DA:101,0
DA:102,0
DA:103,0
DA:104,0
DA:105,0
DA:106,0
DA:107,0
DA:108,0
DA:109,0
DA:110,0
DA:111,0
DA:112,0
DA:113,0
DA:114,0
DA:115,0
DA:116,0
DA:117,0
DA:118,0
DA:119,0
DA:120,0
DA:121,0
DA:122,0
DA:123,0
DA:124,0
DA:125,0
DA:126,0
DA:127,0
DA:128,0
DA:129,0
DA:130,0
DA:131,0
DA:132,0
DA:133,0
DA:134,0
DA:135,0
DA:136,297
DA:137,297
DA:138,297
DA:139,297
DA:140,297
DA:141,297
DA:142,297
DA:143,0
DA:144,0
DA:145,0
DA:146,0
DA:147,0
DA:148,0
DA:149,0
DA:150,0
DA:151,0
DA:152,0
DA:153,0
DA:154,0
DA:155,0
DA:156,0
DA:157,0
DA:158,0
DA:159,0
DA:160,0
DA:161,0
DA:162,0
DA:163,0
DA:164,0
DA:165,0
DA:166,0
DA:167,0
DA:168,0
DA:169,0
DA:170,0
DA:171,0
DA:172,0
DA:173,0
DA:174,0
DA:175,0
DA:176,0
DA:177,0
DA:178,0
DA:179,0
DA:180,0
DA:181,0
DA:182,0
DA:183,0
DA:184,0
DA:185,0
DA:186,0
DA:187,0
DA:188,0
DA:189,0
DA:190,0
DA:191,0
DA:192,0
DA:193,297
DA:194,297
DA:195,297
DA:196,297
DA:197,297
DA:198,297
DA:199,297
DA:200,0
DA:201,297
DA:202,297
DA:203,297
DA:204,297
DA:205,297
DA:206,297
DA:207,297
DA:208,30
DA:209,30
DA:210,30
DA:211,30
DA:212,0
DA:213,0
DA:214,0
DA:215,0
DA:216,0
DA:217,0
DA:218,0
DA:219,0
DA:220,0
DA:221,30
DA:222,297
DA:223,297
DA:224,297
DA:225,297
DA:226,297
DA:227,297
DA:228,297
DA:229,0
DA:230,0
DA:231,0
DA:232,0
DA:233,0
DA:234,0
DA:235,0
DA:236,0
DA:237,0
DA:238,297
DA:239,297
DA:240,297
DA:241,297
DA:242,297
DA:243,297
DA:244,297
DA:245,0
DA:246,0
DA:247,0
DA:248,0
DA:249,0
DA:250,0
DA:251,0
DA:252,0
DA:253,0
DA:254,0
DA:255,0
DA:256,0
DA:257,297
DA:258,297
DA:259,297
DA:260,297
DA:261,297
DA:262,297
DA:263,297
DA:264,0
DA:265,0
DA:266,0
DA:267,0
DA:268,0
DA:269,0
DA:270,0
DA:271,0
DA:272,0
DA:273,0
DA:274,0
DA:275,0
DA:276,297
DA:277,297
DA:278,297
DA:279,297
DA:280,297
DA:281,297
DA:282,297
DA:283,0
DA:284,0
DA:285,0
DA:286,0
DA:287,0
DA:288,0
DA:289,297
DA:290,297
DA:291,297
DA:292,297
DA:293,297
DA:294,297
DA:295,297
DA:296,0
DA:297,0
DA:298,0
DA:299,0
DA:300,0
DA:301,0
DA:302,0
DA:303,0
DA:304,0
DA:305,0
DA:306,0
DA:307,0
DA:308,0
DA:309,0
DA:310,0
DA:311,0
DA:312,0
DA:313,0
DA:314,0
DA:315,297
DA:316,297
DA:317,297
DA:318,297
DA:319,297
DA:320,297
DA:321,297
DA:322,0
DA:323,0
DA:324,0
DA:325,0
DA:326,0
DA:327,0
DA:328,0
DA:329,0
DA:330,0
DA:331,0
DA:332,0
DA:333,0
DA:334,0
DA:335,0
DA:336,0
DA:337,0
DA:338,0
DA:339,0
DA:340,0
DA:341,0
DA:342,0
DA:343,0
DA:344,0
DA:345,0
DA:346,0
DA:347,0
DA:348,0
DA:349,0
DA:350,0
DA:351,0
DA:352,0
DA:353,0
DA:354,0
DA:355,0
DA:356,0
DA:357,0
DA:358,0
DA:359,0
DA:360,0
DA:361,0
DA:362,0
DA:363,0
DA:364,0
DA:365,0
DA:366,0
DA:367,0
DA:368,0
DA:369,0
DA:370,0
DA:371,0
DA:372,0
DA:373,0
DA:374,0
DA:375,0
DA:376,0
DA:377,0
DA:378,0
DA:379,0
DA:380,0
DA:381,0
DA:382,0
DA:383,0
DA:384,0
DA:385,0
DA:386,0
DA:387,297
DA:388,297
DA:389,297
DA:390,297
DA:391,297
DA:392,297
DA:393,297
DA:394,0
DA:395,0
DA:396,0
DA:397,0
DA:398,0
DA:399,0
DA:400,0
DA:401,0
DA:402,0
DA:403,0
DA:404,0
DA:405,0
DA:406,0
DA:407,0
DA:408,0
DA:409,0
DA:410,0
DA:411,0
DA:412,0
DA:413,0
DA:414,0
DA:415,0
DA:416,0
DA:417,0
DA:418,0
DA:419,0
DA:420,0
DA:421,0
DA:422,0
DA:423,0
DA:424,0
DA:425,0
DA:426,0
DA:427,0
DA:428,0
DA:429,0
DA:430,0
DA:431,0
DA:432,0
DA:433,0
DA:434,0
DA:435,0
DA:436,0
DA:437,0
DA:438,0
DA:439,0
DA:440,0
DA:441,0
DA:442,0
DA:443,0
DA:444,0
DA:445,0
DA:446,0
DA:447,0
DA:448,0
DA:449,0
DA:450,0
DA:451,0
DA:452,0
DA:453,0
DA:454,0
DA:455,0
DA:456,0
DA:457,0
DA:458,0
DA:459,0
DA:460,0
DA:461,0
DA:462,0
DA:463,0
DA:464,0
DA:465,0
DA:466,0
DA:467,0
DA:468,0
DA:469,0
DA:470,0
DA:471,0
DA:472,0
DA:473,0
DA:474,0
DA:475,0
DA:476,0
DA:477,0
DA:478,0
DA:479,0
DA:480,0
DA:481,0
DA:482,0
DA:483,0
DA:484,0
DA:485,0
DA:486,0
DA:487,0
DA:488,0
DA:489,0
DA:490,0
DA:491,0
DA:492,0
DA:493,0
DA:494,297
DA:495,297
DA:496,297
DA:497,297
DA:498,297
DA:499,297
DA:500,297
DA:501,0
DA:502,0
DA:503,0
DA:504,0
DA:505,0
DA:506,0
DA:507,0
DA:508,0
DA:509,0
DA:510,0
DA:511,0
DA:512,0
DA:513,0
DA:514,0
DA:515,0
DA:516,0
DA:517,0
DA:518,0
DA:519,0
DA:520,0
DA:521,0
DA:522,0
DA:523,0
DA:524,0
DA:525,0
DA:526,0
DA:527,0
DA:528,0
DA:529,0
DA:530,0
DA:531,0
DA:532,0
DA:533,0
DA:534,0
DA:535,0
DA:536,0
DA:537,0
DA:538,0
DA:539,0
DA:540,0
DA:541,0
DA:542,0
DA:543,0
DA:544,0
DA:545,0
DA:546,0
DA:547,0
DA:548,0
DA:549,0
DA:550,0
DA:551,0
DA:552,0
DA:553,0
DA:554,0
DA:555,0
DA:556,0
DA:557,0
DA:558,0
DA:559,0
DA:560,0
DA:561,0
DA:562,0
DA:563,0
DA:564,0
DA:565,0
DA:566,0
DA:567,0
DA:568,0
DA:569,0
DA:570,0
DA:571,0
DA:572,0
DA:573,0
DA:574,0
DA:575,0
DA:576,0
DA:577,0
DA:578,0
DA:579,0
DA:580,0
DA:581,0
DA:582,0
DA:583,0
DA:584,0
DA:585,0
DA:586,0
DA:587,0
DA:588,0
DA:589,0
DA:590,297
DA:591,297
DA:592,297
DA:593,297
DA:594,297
DA:595,297
DA:596,297
DA:597,0
DA:598,0
DA:599,0
DA:600,0
DA:601,0
DA:602,0
DA:603,0
DA:604,0
DA:605,0
DA:606,0
DA:607,0
DA:608,0
DA:609,0
DA:610,0
DA:611,0
DA:612,0
DA:613,0
DA:614,0
DA:615,0
DA:616,0
DA:617,0
DA:618,0
DA:619,0
DA:620,0
DA:621,0
DA:622,0
DA:623,0
DA:624,0
DA:625,0
DA:626,0
DA:627,0
DA:628,0
DA:629,0
DA:630,0
DA:631,0
DA:632,0
DA:633,0
DA:634,0
DA:635,0
DA:636,0
DA:637,0
DA:638,0
DA:639,0
DA:640,0
DA:641,0
DA:642,0
DA:643,297
DA:644,297
DA:645,297
DA:646,297
DA:647,297
DA:648,297
DA:649,297
DA:650,0
DA:651,0
DA:652,0
DA:653,0
DA:654,0
DA:655,0
DA:656,0
DA:657,0
DA:658,0
DA:659,0
DA:660,0
DA:661,0
DA:662,0
DA:663,0
DA:664,0
DA:665,0
DA:666,0
DA:667,0
DA:668,0
DA:669,0
DA:670,0
DA:671,0
DA:672,0
DA:673,0
DA:674,0
DA:675,0
DA:676,0
DA:677,0
DA:678,0
DA:679,0
DA:680,0
DA:681,0
DA:682,0
DA:683,0
DA:684,297
DA:685,297
DA:686,297
DA:687,297
DA:688,297
DA:689,297
DA:690,297
DA:691,0
DA:692,0
DA:693,0
DA:694,0
DA:695,0
DA:696,0
DA:697,0
DA:698,0
DA:699,0
DA:700,0
DA:701,0
DA:702,0
DA:703,0
DA:704,0
DA:705,0
DA:706,0
DA:707,0
DA:708,0
DA:709,0
DA:710,0
DA:711,0
DA:712,0
DA:713,0
DA:714,0
DA:715,0
DA:716,0
DA:717,0
DA:718,0
DA:719,0
DA:720,0
DA:721,0
DA:722,0
DA:723,0
DA:724,0
DA:725,0
DA:726,0
DA:727,0
DA:728,0
DA:729,0
DA:730,0
DA:731,0
DA:732,0
DA:733,0
DA:734,0
DA:735,0
DA:736,0
DA:737,0
DA:738,0
DA:739,0
DA:740,297
DA:741,297
DA:742,297
DA:743,297
DA:744,297
DA:745,297
DA:746,297
DA:747,0
DA:748,0
DA:749,0
DA:750,0
DA:751,0
DA:752,0
DA:753,0
DA:754,0
DA:755,0
DA:756,0
DA:757,0
DA:758,0
DA:759,0
DA:760,0
DA:761,0
DA:762,0
DA:763,0
DA:764,0
DA:765,0
DA:766,0
DA:767,0
DA:768,0
DA:769,0
DA:770,0
DA:771,0
DA:772,0
DA:773,0
DA:774,0
DA:775,0
DA:776,0
DA:777,0
DA:778,0
DA:779,0
DA:780,0
DA:781,0
DA:782,0
DA:783,0
DA:784,0
DA:785,0
DA:786,0
DA:787,297
DA:788,297
DA:789,297
DA:790,297
DA:791,297
DA:792,297
DA:793,297
DA:794,0
DA:795,0
DA:796,0
DA:797,0
DA:798,0
DA:799,0
DA:800,0
DA:801,0
DA:802,0
DA:803,0
DA:804,0
DA:805,0
DA:806,0
DA:807,0
DA:808,0
DA:809,0
DA:810,0
DA:811,0
DA:812,0
DA:813,0
DA:814,0
DA:815,0
DA:816,0
DA:817,0
DA:818,0
DA:819,0
DA:820,0
DA:821,0
DA:822,0
DA:823,0
DA:824,0
DA:825,0
DA:826,0
DA:827,0
DA:828,297
DA:829,297
DA:830,297
DA:831,297
DA:832,297
DA:833,297
DA:834,297
DA:835,297
DA:836,297
DA:837,297
DA:838,297
DA:839,5
DA:840,5
DA:841,5
DA:842,5
DA:843,5
DA:844,5
DA:845,297
DA:846,297
DA:847,297
DA:848,297
DA:849,297
DA:850,2
DA:851,2
DA:852,2
DA:853,2
DA:854,2
DA:855,2
DA:856,2
DA:857,2
DA:858,297
DA:859,297
DA:860,297
DA:861,297
DA:862,297
DA:863,0
DA:864,0
DA:865,0
DA:866,0
DA:867,0
DA:868,0
DA:869,0
DA:870,297
DA:871,297
DA:872,297
DA:873,297
DA:874,297
DA:875,1
DA:876,1
DA:877,1
DA:878,1
DA:879,1
DA:880,1
DA:881,1
DA:882,297
DA:883,297
DA:884,297
DA:885,297
DA:886,297
DA:887,0
DA:888,0
DA:889,0
DA:890,0
DA:891,0
DA:892,0
DA:893,297
DA:894,297
DA:895,297
DA:896,297
DA:897,297
DA:898,33
DA:899,33
DA:900,33
DA:901,33
DA:902,33
DA:903,33
DA:904,180
DA:905,180
DA:906,180
DA:907,180
DA:908,0
DA:909,0
DA:910,180
DA:911,180
DA:912,30
DA:913,30
DA:914,30
DA:915,30
DA:916,30
DA:917,30
DA:918,30
DA:919,30
DA:920,30
DA:921,30
DA:922,180
DA:923,150
DA:924,150
DA:925,150
DA:926,150
DA:927,150
DA:928,150
DA:929,150
DA:930,150
DA:931,150
DA:932,150
DA:933,180
DA:934,33
DA:935,0
DA:936,0
DA:937,33
DA:938,33
DA:939,33
DA:940,297
DA:941,297
DA:942,297
DA:943,4
DA:944,4
DA:945,4
DA:946,4
DA:947,4
DA:948,4
DA:949,4
DA:950,4
DA:951,4
DA:952,4
DA:953,4
DA:954,4
DA:955,4
DA:956,4
DA:957,3
DA:958,3
DA:959,3
DA:960,3
DA:961,3
DA:962,3
DA:963,3
DA:964,3
DA:965,3
DA:966,3
DA:967,3
DA:968,3
DA:969,3
DA:970,3
DA:971,3
DA:972,3
DA:973,3
DA:974,4
DA:975,4
DA:976,4
DA:977,4
DA:978,4
DA:979,4
DA:980,4
DA:981,4
DA:982,4
DA:983,2
DA:984,2
DA:985,2
DA:986,2
DA:987,2
DA:988,2
DA:989,2
DA:990,2
DA:991,2
DA:992,2
DA:993,2
DA:994,2
DA:995,2
DA:996,2
DA:997,2
DA:998,2
DA:999,2
DA:1000,2
DA:1001,2
DA:1002,2
DA:1003,2
DA:1004,2
DA:1005,4
DA:1006,1
DA:1007,1
DA:1008,1
DA:1009,1
DA:1010,1
DA:1011,1
DA:1012,1
DA:1013,1
DA:1014,1
DA:1015,1
DA:1016,3
DA:1017,3
DA:1018,3
DA:1019,3
DA:1020,3
DA:1021,3
DA:1022,3
DA:1023,4
DA:1024,4
DA:1025,4
DA:1026,4
DA:1027,4
DA:1028,4
DA:1029,4
DA:1030,4
DA:1031,4
DA:1032,4
DA:1033,4
DA:1034,4
DA:1035,4
DA:1036,4
DA:1037,4
DA:1038,4
DA:1039,4
DA:1040,4
DA:1041,4
DA:1042,4
DA:1043,4
DA:1044,4
DA:1045,4
DA:1046,4
DA:1047,4
DA:1048,4
DA:1049,4
DA:1050,2
DA:1051,2
DA:1052,2
DA:1053,4
DA:1054,1
DA:1055,1
DA:1056,3
DA:1057,3
DA:1058,4
DA:1059,0
DA:1060,0
DA:1061,297
DA:1062,297
DA:1063,297
DA:1064,297
DA:1065,297
DA:1066,297
DA:1067,297
DA:1068,2
DA:1069,2
DA:1070,2
DA:1071,2
DA:1072,2
DA:1073,2
DA:1074,2
DA:1075,2
DA:1076,2
DA:1077,2
DA:1078,2
DA:1079,2
DA:1080,2
DA:1081,2
DA:1082,2
DA:1083,1
DA:1084,1
DA:1085,1
DA:1086,1
DA:1087,1
DA:1088,1
DA:1089,0
DA:1090,0
DA:1091,0
DA:1092,0
DA:1093,0
DA:1094,0
DA:1095,0
DA:1096,2
DA:1097,2
DA:1098,2
DA:1099,2
DA:1100,0
DA:1101,0
DA:1102,0
DA:1103,0
DA:1104,0
DA:1105,0
DA:1106,0
DA:1107,0
DA:1108,0
DA:1109,0
DA:1110,0
DA:1111,0
DA:1112,0
DA:1113,0
DA:1114,0
DA:1115,0
DA:1116,0
DA:1117,0
DA:1118,0
DA:1119,0
DA:1120,0
DA:1121,0
DA:1122,0
DA:1123,0
DA:1124,0
DA:1125,0
DA:1126,0
DA:1127,0
DA:1128,0
DA:1129,0
DA:1130,0
DA:1131,0
DA:1132,0
DA:1133,0
DA:1134,0
DA:1135,0
DA:1136,0
DA:1137,0
DA:1138,0
DA:1139,0
DA:1140,0
DA:1141,0
DA:1142,0
DA:1143,0
DA:1144,0
DA:1145,0
DA:1146,0
DA:1147,0
DA:1148,0
DA:1149,0
DA:1150,0
DA:1151,0
DA:1152,0
DA:1153,0
DA:1154,0
DA:1155,0
DA:1156,0
DA:1157,0
DA:1158,0
DA:1159,0
DA:1160,0
DA:1161,0
DA:1162,0
DA:1163,0
DA:1164,0
DA:1165,0
DA:1166,0
DA:1167,0
DA:1168,0
DA:1169,0
DA:1170,0
DA:1171,0
DA:1172,0
DA:1173,0
DA:1174,0
DA:1175,0
DA:1176,0
DA:1177,0
DA:1178,0
DA:1179,0
DA:1180,0
DA:1181,0
DA:1182,0
DA:1183,0
DA:1184,0
DA:1185,0
DA:1186,0
DA:1187,0
DA:1188,0
DA:1189,0
DA:1190,0
DA:1191,0
DA:1192,0
DA:1193,0
DA:1194,0
DA:1195,0
DA:1196,0
DA:1197,0
DA:1198,0
DA:1199,0
DA:1200,0
DA:1201,0
DA:1202,0
DA:1203,0
DA:1204,0
DA:1205,0
DA:1206,0
DA:1207,0
DA:1208,0
DA:1209,0
DA:1210,0
DA:1211,0
DA:1212,0
DA:1213,0
DA:1214,0
DA:1215,0
DA:1216,0
DA:1217,0
DA:1218,0
DA:1219,0
DA:1220,0
DA:1221,0
DA:1222,0
DA:1223,0
DA:1224,0
DA:1225,0
DA:1226,0
DA:1227,0
DA:1228,0
DA:1229,0
DA:1230,0
DA:1231,0
DA:1232,0
DA:1233,0
DA:1234,0
DA:1235,0
DA:1236,0
DA:1237,0
DA:1238,0
DA:1239,0
DA:1240,0
DA:1241,0
DA:1242,0
DA:1243,0
DA:1244,0
DA:1245,0
DA:1246,0
DA:1247,0
DA:1248,0
DA:1249,0
DA:1250,0
DA:1251,0
DA:1252,0
DA:1253,0
DA:1254,0
DA:1255,0
DA:1256,0
DA:1257,0
DA:1258,0
DA:1259,0
DA:1260,0
DA:1261,0
DA:1262,0
DA:1263,0
DA:1264,0
DA:1265,0
DA:1266,0
DA:1267,0
DA:1268,0
DA:1269,0
DA:1270,0
DA:1271,0
DA:1272,0
DA:1273,0
DA:1274,0
DA:1275,0
DA:1276,0
DA:1277,0
DA:1278,0
DA:1279,0
DA:1280,0
DA:1281,0
DA:1282,0
DA:1283,0
DA:1284,0
DA:1285,0
DA:1286,0
DA:1287,0
DA:1288,0
DA:1289,0
DA:1290,0
DA:1291,0
DA:1292,0
DA:1293,0
DA:1294,0
DA:1295,0
DA:1296,0
DA:1297,0
DA:1298,0
DA:1299,0
DA:1300,0
DA:1301,0
DA:1302,0
DA:1303,0
DA:1304,0
DA:1305,0
DA:1306,0
DA:1307,0
DA:1308,0
DA:1309,0
DA:1310,0
DA:1311,0
DA:1312,0
DA:1313,0
DA:1314,0
DA:1315,0
DA:1316,0
DA:1317,0
DA:1318,0
DA:1319,0
DA:1320,0
DA:1321,0
DA:1322,0
DA:1323,297
DA:1324,297
DA:1325,297
DA:1326,297
DA:1327,297
DA:1328,297
DA:1329,297
DA:1330,297
DA:1331,297
DA:1332,297
DA:1333,297
DA:1334,297
DA:1335,297
DA:1336,297
DA:1337,297
DA:1338,297
DA:1339,297
DA:1340,297
DA:1341,297
DA:1342,0
DA:1343,0
DA:1344,0
DA:1345,0
DA:1346,0
DA:1347,0
DA:1348,0
DA:1349,0
DA:1350,0
DA:1351,0
DA:1352,0
DA:1353,0
DA:1354,0
DA:1355,0
DA:1356,0
DA:1357,0
DA:1358,0
DA:1359,0
DA:1360,0
DA:1361,0
DA:1362,0
DA:1363,0
DA:1364,0
DA:1365,0
DA:1366,0
DA:1367,0
DA:1368,0
DA:1369,0
DA:1370,0
DA:1371,0
DA:1372,0
DA:1373,0
DA:1374,0
DA:1375,0
DA:1376,0
DA:1377,0
DA:1378,0
DA:1379,0
DA:1380,0
DA:1381,0
DA:1382,0
DA:1383,0
DA:1384,0
DA:1385,0
DA:1386,0
DA:1387,0
DA:1388,0
DA:1389,0
DA:1390,0
DA:1391,0
DA:1392,0
DA:1393,0
DA:1394,0
DA:1395,0
DA:1396,0
DA:1397,0
DA:1398,0
DA:1399,0
DA:1400,0
DA:1401,0
DA:1402,0
DA:1403,0
DA:1404,0
DA:1405,0
DA:1406,0
DA:1407,0
DA:1408,0
DA:1409,0
DA:1410,0
DA:1411,0
DA:1412,0
DA:1413,0
DA:1414,0
DA:1415,0
DA:1416,0
DA:1417,0
DA:1418,0
DA:1419,0
DA:1420,0
DA:1421,0
DA:1422,0
DA:1423,0
DA:1424,0
DA:1425,0
DA:1426,0
DA:1427,0
DA:1428,0
DA:1429,0
DA:1430,0
DA:1431,0
DA:1432,0
DA:1433,0
DA:1434,0
DA:1435,0
DA:1436,0
DA:1437,0
DA:1438,0
DA:1439,0
DA:1440,0
DA:1441,0
DA:1442,0
DA:1443,0
DA:1444,0
DA:1445,0
DA:1446,0
DA:1447,0
DA:1448,0
DA:1449,0
DA:1450,0
DA:1451,0
DA:1452,0
DA:1453,0
DA:1454,0
DA:1455,0
DA:1456,0
DA:1457,0
DA:1458,0
DA:1459,0
DA:1460,0
DA:1461,0
DA:1462,0
DA:1463,0
DA:1464,0
DA:1465,0
DA:1466,0
DA:1467,0
DA:1468,0
DA:1469,0
DA:1470,0
DA:1471,0
DA:1472,0
DA:1473,0
DA:1474,0
DA:1475,0
DA:1476,0
DA:1477,0
DA:1478,0
DA:1479,0
DA:1480,0
DA:1481,0
DA:1482,0
DA:1483,0
DA:1484,0
DA:1485,0
DA:1486,0
DA:1487,0
DA:1488,0
DA:1489,0
DA:1490,0
DA:1491,0
DA:1492,0
DA:1493,297
DA:1494,297
DA:1495,297
DA:1496,297
DA:1497,297
LF:1497
LH:420
BRDA:1,0,0,7
BRDA:24,1,0,297
BRDA:838,2,0,288
BRDA:843,3,0,443
BRDA:849,4,0,285
BRDA:874,5,0,284
BRDA:879,6,0,108714
BRDA:897,7,0,316
BRDA:903,8,0,463
BRDA:904,9,0,301
BRDA:904,10,0,445
BRDA:907,11,0,283
BRDA:911,12,0,313
BRDA:922,13,0,433
BRDA:934,14,0,283
BRDA:907,15,0,463
BRDA:942,16,0,287
BRDA:956,17,0,284
BRDA:957,18,0,286
BRDA:974,19,0,285
BRDA:982,20,0,285
BRDA:1005,21,0,284
BRDA:1016,22,0,286
BRDA:1023,23,0,285
BRDA:1023,24,0,284
BRDA:1026,25,0,285
BRDA:1049,26,0,285
BRDA:1053,27,0,284
BRDA:1056,28,0,286
BRDA:1058,29,0,283
BRDA:999,30,0,403
BRDA:1000,31,0,403
BRDA:1011,32,0,343
BRDA:1012,33,0,343
BRDA:1067,34,0,285
BRDA:1082,35,0,284
BRDA:1089,36,0,283
BRDA:1096,37,0,283
BRDA:1099,38,0,283
BRDA:207,39,0,267
BRDA:209,40,0,237
BRDA:211,41,0,237
BRF:42
BRH:42
end_of_record
TN:
SF:src\commands\test.js
FN:47,test
FN:80,evaluateExpression
FN:199,isRegularFile
FN:213,isDirectory
FN:227,fileExists
FN:241,isNonEmptyFile
FNF:6
FNH:0
FNDA:0,test
FNDA:0,evaluateExpression
FNDA:0,isRegularFile
FNDA:0,isDirectory
FNDA:0,fileExists
FNDA:0,isNonEmptyFile
DA:1,7
DA:2,7
DA:3,7
DA:4,7
DA:5,7
DA:6,7
DA:7,7
DA:8,7
DA:9,7
DA:10,7
DA:11,7
DA:12,7
DA:13,7
DA:14,7
DA:15,7
DA:16,7
DA:17,7
DA:18,7
DA:19,7
DA:20,7
DA:21,7
DA:22,7
DA:23,7
DA:24,7
DA:25,7
DA:26,7
DA:27,7
DA:28,7
DA:29,7
DA:30,7
DA:31,7
DA:32,7
DA:33,7
DA:34,7
DA:35,7
DA:36,7
DA:37,7
DA:38,7
DA:39,7
DA:40,7
DA:41,7
DA:42,7
DA:43,7
DA:44,7
DA:45,7
DA:46,7
DA:47,7
DA:48,0
DA:49,0
DA:50,0
DA:51,0
DA:52,0
DA:53,0
DA:54,0
DA:55,0
DA:56,0
DA:57,0
DA:58,0
DA:59,0
DA:60,0
DA:61,0
DA:62,0
DA:63,0
DA:64,0
DA:65,0
DA:66,0
DA:67,0
DA:68,0
DA:69,0
DA:70,0
DA:71,0
DA:72,0
DA:73,0
DA:74,0
DA:75,0
DA:76,7
DA:77,7
DA:78,7
DA:79,7
DA:80,0
DA:81,0
DA:82,0
DA:83,0
DA:84,0
DA:85,0
DA:86,0
DA:87,0
DA:88,0
DA:89,0
DA:90,0
DA:91,0
DA:92,0
DA:93,0
DA:94,0
DA:95,0
DA:96,0
DA:97,0
DA:98,0
DA:99,0
DA:100,0
DA:101,0
DA:102,0
DA:103,0
DA:104,0
DA:105,0
DA:106,0
DA:107,0
DA:108,0
DA:109,0
DA:110,0
DA:111,0
DA:112,0
DA:113,0
DA:114,0
DA:115,0
DA:116,0
DA:117,0
DA:118,0
DA:119,0
DA:120,0
DA:121,0
DA:122,0
DA:123,0
DA:124,0
DA:125,0
DA:126,0
DA:127,0
DA:128,0
DA:129,0
DA:130,0
DA:131,0
DA:132,0
DA:133,0
DA:134,0
DA:135,0
DA:136,0
DA:137,0
DA:138,0
DA:139,0
DA:140,0
DA:141,0
DA:142,0
DA:143,0
DA:144,0
DA:145,0
DA:146,0
DA:147,0
DA:148,0
DA:149,0
DA:150,0
DA:151,0
DA:152,0
DA:153,0
DA:154,0
DA:155,0
DA:156,0
DA:157,0
DA:158,0
DA:159,0
DA:160,0
DA:161,0
DA:162,0
DA:163,0
DA:164,0
DA:165,0
DA:166,0
DA:167,0
DA:168,0
DA:169,0
DA:170,0
DA:171,0
DA:172,0
DA:173,0
DA:174,0
DA:175,0
DA:176,0
DA:177,0
DA:178,0
DA:179,0
DA:180,0
DA:181,0
DA:182,0
DA:183,0
DA:184,0
DA:185,0
DA:186,0
DA:187,0
DA:188,0
DA:189,0
DA:190,0
DA:191,0
DA:192,0
DA:193,0
DA:194,0
DA:195,7
DA:196,7
DA:197,7
DA:198,7
DA:199,0
DA:200,0
DA:201,0
DA:202,0
DA:203,0
DA:204,0
DA:205,0
DA:206,0
DA:207,0
DA:208,0
DA:209,7
DA:210,7
DA:211,7
DA:212,7
DA:213,0
DA:214,0
DA:215,0
DA:216,0
DA:217,0
DA:218,0
DA:219,0
DA:220,0
DA:221,0
DA:222,0
DA:223,7
DA:224,7
DA:225,7
DA:226,7
DA:227,0
DA:228,0
DA:229,0
DA:230,0
DA:231,0
DA:232,0
DA:233,0
DA:234,0
DA:235,0
DA:236,0
DA:237,7
DA:238,7
DA:239,7
DA:240,7
DA:241,0
DA:242,0
DA:243,0
DA:244,0
DA:245,0
DA:246,0
DA:247,0
DA:248,0
DA:249,0
DA:250,0
LF:250
LH:67
BRDA:1,0,0,7
BRF:1
BRH:1
end_of_record
TN:
SF:src\kernel\client.js
FN:13,restoreErrorCode
FN:31,wrapMethod
FN:42,KernelClient
FN:51,initialize
FN:60,worker.onerror
FN:67,worker.onmessageerror
FN:93,getKernel
FN:102,get
FN:120,getVersion
FN:128,restart
FNF:10
FNH:6
FNDA:653,restoreErrorCode
FNDA:4748,wrapMethod
FNDA:7,KernelClient
FNDA:7,initialize
FNDA:0,worker.onerror
FNDA:0,worker.onmessageerror
FNDA:606,getKernel
FNDA:5354,get
FNDA:0,getVersion
FNDA:0,restart
DA:1,7
DA:2,7
DA:3,7
DA:4,7
DA:5,7
DA:6,7
DA:7,7
DA:8,7
DA:9,7
DA:10,7
DA:11,7
DA:12,7
DA:13,653
DA:14,653
DA:15,653
DA:16,653
DA:17,653
DA:18,653
DA:19,653
DA:20,653
DA:21,653
DA:22,653
DA:23,653
DA:24,653
DA:25,653
DA:26,653
DA:27,7
DA:28,7
DA:29,7
DA:30,7
DA:31,4748
DA:32,4748
DA:33,4748
DA:34,4748
DA:35,4748
DA:36,653
DA:37,653
DA:38,4748
DA:39,4748
DA:40,7
DA:41,7
DA:42,7
DA:43,7
DA:44,7
DA:45,7
DA:46,7
DA:47,7
DA:48,7
DA:49,7
DA:50,7
DA:51,7
DA:52,7
DA:53,7
DA:54,7
DA:55,7
DA:56,7
DA:57,7
DA:58,7
DA:59,7
DA:60,7
DA:61,0
DA:62,0
DA:63,0
DA:64,0
DA:65,7
DA:66,7
DA:67,7
DA:68,0
DA:69,7
DA:70,7
DA:71,7
DA:72,7
DA:73,7
DA:74,7
DA:75,7
DA:76,7
DA:77,7
DA:78,7
DA:79,7
DA:80,7
DA:81,7
DA:82,7
DA:83,7
DA:84,0
DA:85,0
DA:86,0
DA:87,7
DA:88,7
DA:89,7
DA:90,7
DA:91,7
DA:92,7
DA:93,7
DA:94,606
DA:95,606
DA:96,606
DA:97,0
DA:98,0
DA:99,606
DA:100,606
DA:101,606
DA:102,606
DA:103,5354
DA:104,5354
DA:105,5354
DA:106,4748
DA:107,4748
DA:108,606
DA:109,5354
DA:110,606
DA:111,606
DA:112,0
DA:113,0
DA:114,0
DA:115,606
DA:116,7
DA:117,7
DA:118,7
DA:119,7
DA:120,7
DA:121,0
DA:122,0
DA:123,0
DA:124,7
DA:125,7
DA:126,7
DA:127,7
DA:128,7
DA:129,0
DA:130,0
DA:131,0
DA:132,0
DA:133,0
DA:134,0
DA:135,0
DA:136,0
DA:137,0
DA:138,0
DA:139,0
DA:140,0
DA:141,0
DA:142,7
DA:143,7
DA:144,7
DA:145,7
LF:145
LH:116
BRDA:1,0,0,7
BRDA:13,1,0,654
BRDA:31,2,0,4748
BRDA:32,3,0,4748
BRDA:35,4,0,653
BRDA:42,5,0,7
BRDA:51,6,0,7
BRDA:83,7,0,0
BRDA:93,8,0,606
BRDA:96,9,0,0
BRDA:111,10,0,0
BRDA:102,11,0,5354
BRDA:105,12,0,4748
BRDA:108,13,0,606
BRF:14
BRH:11
end_of_record
TN:
SF:src\parser\ast-nodes.js
FN:12,ASTNode
FN:19,toString
FN:37,CommandNode
FN:43,toString
FN:63,PipelineNode
FN:68,toString
FN:87,RedirectNode
FN:94,toString
FN:112,SequenceNode
FN:117,toString
FN:134,AssignmentNode
FN:140,toString
FN:157,VariableNode
FN:162,toString
FN:183,CompoundNode
FN:193,toString
FN:211,EmptyNode
FN:215,toString
FN:233,SExpressionNode
FN:238,toString
FNF:20
FNH:7
FNDA:430,ASTNode
FNDA:0,toString
FNDA:337,CommandNode
FNDA:138,toString
FNDA:40,PipelineNode
FNDA:40,toString
FNDA:0,RedirectNode
FNDA:0,toString
FNDA:0,SequenceNode
FNDA:0,toString
FNDA:0,AssignmentNode
FNDA:0,toString
FNDA:0,VariableNode
FNDA:0,toString
FNDA:53,CompoundNode
FNDA:51,toString
FNDA:0,EmptyNode
FNDA:0,toString
FNDA:0,SExpressionNode
FNDA:0,toString
DA:1,8
DA:2,8
DA:3,8
DA:4,8
DA:5,8
DA:6,8
DA:7,8
DA:8,8
DA:9,8
DA:10,8
DA:11,8
DA:12,8
DA:13,430
DA:14,430
DA:15,8
DA:16,8
DA:17,8
DA:18,8
DA:19,8
DA:20,0
DA:21,0
DA:22,8
DA:23,8
DA:24,8
DA:25,8
DA:26,8
DA:27,8
DA:28,8
DA:29,8
DA:30,8
DA:31,8
DA:32,8
DA:33,8
DA:34,8
DA:35,8
DA:36,8
DA:37,8
DA:38,337
DA:39,337
DA:40,337
DA:41,337
DA:42,8
DA:43,8
DA:44,138
DA:45,124
DA:46,0
DA:47,138
DA:48,138
DA:49,138
DA:50,8
DA:51,8
DA:52,8
DA:53,8
DA:54,8
DA:55,8
DA:56,8
DA:57,8
DA:58,8
DA:59,8
DA:60,8
DA:61,8
DA:62,8
DA:63,8
DA:64,40
DA:65,40
DA:66,40
DA:67,8
DA:68,8
DA:69,40
DA:70,40
DA:71,8
DA:72,8
DA:73,8
DA:74,8
DA:75,8
DA:76,8
DA:77,8
DA:78,8
DA:79,8
DA:80,8
DA:81,8
DA:82,8
DA:83,8
DA:84,8
DA:85,8
DA:86,8
DA:87,8
DA:88,0
DA:89,0
DA:90,0
DA:91,0
DA:92,0
DA:93,8
DA:94,8
DA:95,0
DA:96,0
DA:97,0
DA:98,0
DA:99,8
DA:100,8
DA:101,8
DA:102,8
DA:103,8
DA:104,8
DA:105,8
DA:106,8
DA:107,8
DA:108,8
DA:109,8
DA:110,8
DA:111,8
DA:112,8
DA:113,0
DA:114,0
DA:115,0
DA:116,8
DA:117,8
DA:118,0
DA:119,0
DA:120,8
DA:121,8
DA:122,8
DA:123,8
DA:124,8
DA:125,8
DA:126,8
DA:127,8
DA:128,8
DA:129,8
DA:130,8
DA:131,8
DA:132,8
DA:133,8
DA:134,8
DA:135,0
DA:136,0
DA:137,0
DA:138,0
DA:139,8
DA:140,8
DA:141,0
DA:142,0
DA:143,8
DA:144,8
DA:145,8
DA:146,8
DA:147,8
DA:148,8
DA:149,8
DA:150,8
DA:151,8
DA:152,8
DA:153,8
DA:154,8
DA:155,8
DA:156,8
DA:157,8
DA:158,0
DA:159,0
DA:160,0
DA:161,8
DA:162,8
DA:163,0
DA:164,0
DA:165,8
DA:166,8
DA:167,8
DA:168,8
DA:169,8
DA:170,8
DA:171,8
DA:172,8
DA:173,8
DA:174,8
DA:175,8
DA:176,8
DA:177,8
DA:178,8
DA:179,8
DA:180,8
DA:181,8
DA:182,8
DA:183,8
DA:184,53
DA:185,53
DA:186,53
DA:187,53
DA:188,53
DA:189,53
DA:190,53
DA:191,53
DA:192,8
DA:193,8
DA:194,51
DA:195,51
DA:196,7
DA:197,7
DA:198,51
DA:199,45
DA:200,45
DA:201,45
DA:202,51
DA:203,51
DA:204,8
DA:205,8
DA:206,8
DA:207,8
DA:208,8
DA:209,8
DA:210,8
DA:211,8
DA:212,0
DA:213,0
DA:214,8
DA:215,8
DA:216,0
DA:217,0
DA:218,8
DA:219,8
DA:220,8
DA:221,8
DA:222,8
DA:223,8
DA:224,8
DA:225,8
DA:226,8
DA:227,8
DA:228,8
DA:229,8
DA:230,8
DA:231,8
DA:232,8
DA:233,8
DA:234,0
DA:235,0
DA:236,0
DA:237,8
DA:238,8
DA:239,0
DA:240,0
DA:241,0
DA:242,0
DA:243,0
DA:244,0
DA:245,8
LF:245
LH:204
BRDA:1,0,0,8
BRDA:12,1,0,431
BRDA:37,2,0,338
BRDA:43,3,0,142
BRDA:44,4,0,128
BRDA:46,5,0,4
BRDA:63,6,0,44
BRDA:68,7,0,44
BRDA:69,8,0,101
BRDA:183,9,0,59
BRDA:188,10,0,14
BRDA:189,11,0,6
BRDA:193,12,0,57
BRDA:195,13,0,13
BRDA:199,14,0,19
BRDA:187,15,0,50
BRDA:198,16,0,51
BRDA:199,17,0,38
BRF:18
BRH:18
end_of_record
TN:
SF:src\parser\executor.js
FN:34,Executor
FN:44,execute
FN:81,executeEmpty
FN:91,executeCommand
FN:130,executePipeline
FN:170,executeCompound
FN:230,executeSequence
FN:248,executeAssignment
FN:260,expandArguments
FN:284,expandVariable
FN:306,getLastExitCode
FN:314,setLastExitCode
FN:325,execute
FNF:13
FNH:6
FNDA:297,Executor
FNDA:277,execute
FNDA:0,executeEmpty
FNDA:196,executeCommand
FNDA:30,executePipeline
FNDA:51,executeCompound
FNDA:0,executeSequence
FNDA:0,executeAssignment
FNDA:334,expandArguments
FNDA:0,expandVariable
FNDA:0,getLastExitCode
FNDA:0,setLastExitCode
FNDA:0,execute
DA:1,8
DA:2,8
DA:3,8
DA:4,8
DA:5,8
DA:6,8
DA:7,8
DA:8,8
DA:9,8
DA:10,8
DA:11,8
DA:12,8
DA:13,8
DA:14,8
DA:15,8
DA:16,8
DA:17,8
DA:18,8
DA:19,8
DA:20,8
DA:21,8
DA:22,8
DA:23,8
DA:24,8
DA:25,8
DA:26,8
DA:27,8
DA:28,8
DA:29,8
DA:30,8
DA:31,8
DA:32,8
DA:33,8
DA:34,8
DA:35,297
DA:36,297
DA:37,297
DA:38,8
DA:39,8
DA:40,8
DA:41,8
DA:42,8
DA:43,8
DA:44,8
DA:45,277
DA:46,277
DA:47,277
DA:48,277
DA:49,0
DA:50,277
DA:51,277
DA:52,196
DA:53,277
DA:54,277
DA:55,30
DA:56,277
DA:57,277
DA:58,51
DA:59,277
DA:60,277
DA:61,0
DA:62,277
DA:63,277
DA:64,0
DA:65,277
DA:66,277
DA:67,0
DA:68,277
DA:69,277
DA:70,0
DA:71,0
DA:72,0
DA:73,0
DA:74,0
DA:75,277
DA:76,8
DA:77,8
DA:78,8
DA:79,8
DA:80,8
DA:81,8
DA:82,0
DA:83,0
DA:84,0
DA:85,8
DA:86,8
DA:87,8
DA:88,8
DA:89,8
DA:90,8
DA:91,8
DA:92,196
DA:93,196
DA:94,196
DA:95,196
DA:96,196
DA:97,0
DA:98,0
DA:99,0
DA:100,0
DA:101,0
DA:102,196
DA:103,196
DA:104,196
DA:105,196
DA:106,196
DA:107,196
DA:108,196
DA:109,196
DA:110,196
DA:111,196
DA:112,196
DA:113,196
DA:114,196
DA:115,196
DA:116,196
DA:117,196
DA:118,0
DA:119,0
DA:120,0
DA:121,0
DA:122,0
DA:123,196
DA:124,8
DA:125,8
DA:126,8
DA:127,8
DA:128,8
DA:129,8
DA:130,8
DA:131,30
DA:132,30
DA:133,30
DA:134,30
DA:135,30
DA:136,30
DA:137,30
DA:138,30
DA:139,30
DA:140,30
DA:141,30
DA:142,30
DA:143,75
DA:144,0
DA:145,0
DA:146,75
DA:147,75
DA:148,75
DA:149,75
DA:150,75
DA:151,75
DA:152,75
DA:153,30
DA:154,30
DA:155,30
DA:156,30
DA:157,30
DA:158,30
DA:159,30
DA:160,0
DA:161,0
DA:162,0
DA:163,30
DA:164,8
DA:165,8
DA:166,8
DA:167,8
DA:168,8
DA:169,8
DA:170,8
DA:171,51
DA:172,51
DA:173,51
DA:174,51
DA:175,10
DA:176,10
DA:177,10
DA:178,10
DA:179,10
DA:180,10
DA:181,10
DA:182,10
DA:183,10
DA:184,10
DA:185,10
DA:186,22
DA:187,0
DA:188,0
DA:189,22
DA:190,22
DA:191,22
DA:192,22
DA:193,22
DA:194,22
DA:195,22
DA:196,51
DA:197,41
DA:198,41
DA:199,41
DA:200,41
DA:201,41
DA:202,41
DA:203,41
DA:204,41
DA:205,41
DA:206,41
DA:207,41
DA:208,41
DA:209,41
DA:210,41
DA:211,0
DA:212,0
DA:213,51
DA:214,51
DA:215,51
DA:216,51
DA:217,51
DA:218,51
DA:219,51
DA:220,0
DA:221,0
DA:222,0
DA:223,51
DA:224,8
DA:225,8
DA:226,8
DA:227,8
DA:228,8
DA:229,8
DA:230,8
DA:231,0
DA:232,0
DA:233,0
DA:234,0
DA:235,0
DA:236,0
DA:237,0
DA:238,0
DA:239,0
DA:240,0
DA:241,0
DA:242,8
DA:243,8
DA:244,8
DA:245,8
DA:246,8
DA:247,8
DA:248,8
DA:249,0
DA:250,0
DA:251,0
DA:252,0
DA:253,0
DA:254,8
DA:255,8
DA:256,8
DA:257,8
DA:258,8
DA:259,8
DA:260,8
DA:261,334
DA:262,334
DA:263,334
DA:264,385
DA:265,0
DA:266,0
DA:267,0
DA:268,385
DA:269,385
DA:270,385
DA:271,385
DA:272,0
DA:273,0
DA:274,385
DA:275,334
DA:276,334
DA:277,334
DA:278,8
DA:279,8
DA:280,8
DA:281,8
DA:282,8
DA:283,8
DA:284,8
DA:285,0
DA:286,0
DA:287,0
DA:288,0
DA:289,0
DA:290,0
DA:291,0
DA:292,0
DA:293,0
DA:294,0
DA:295,0
DA:296,0
DA:297,0
DA:298,0
DA:299,0
DA:300,0
DA:301,8
DA:302,8
DA:303,8
DA:304,8
DA:305,8
DA:306,8
DA:307,0
DA:308,0
DA:309,8
DA:310,8
DA:311,8
DA:312,8
DA:313,8
DA:314,8
DA:315,0
DA:316,0
DA:317,8
DA:318,8
DA:319,8
DA:320,8
DA:321,8
DA:322,8
DA:323,8
DA:324,8
DA:325,8
DA:326,0
DA:327,0
DA:328,0
LF:328
LH:250
BRDA:1,0,0,8
BRDA:34,1,0,298
BRDA:44,2,0,278
BRDA:48,3,0,1
BRDA:54,4,0,31
BRDA:57,5,0,52
BRDA:60,6,0,1
BRDA:63,7,0,1
BRDA:66,8,0,1
BRDA:69,9,0,1
BRDA:91,10,0,198
BRDA:96,11,0,2
BRDA:114,12,0,2
BRDA:117,13,0,2
BRDA:260,14,0,335
BRDA:263,15,0,386
BRDA:264,16,0,1
BRDA:271,17,0,1
BRDA:51,18,0,197
BRDA:130,19,0,34
BRDA:142,20,0,79
BRDA:143,21,0,4
BRDA:159,22,0,4
BRDA:170,23,0,57
BRDA:174,24,0,16
BRDA:210,25,0,6
BRDA:219,26,0,6
BRDA:185,27,0,28
BRDA:186,28,0,6
BRDA:196,29,0,47
BRF:30
BRH:30
end_of_record
TN:
SF:src\parser\lexer.js
FN:45,Token
FN:53,toString
FN:62,Lexer
FN:73,peek
FN:81,advance
FN:101,skipWhitespace
FN:110,isWordChar
FN:123,tokenizeQuotedString
FN:184,tokenizeVariable
FN:245,tokenizeWord
FN:289,tokenize
FN:453,tokenize
FNF:12
FNH:11
FNDA:1190,Token
FNDA:0,toString
FNDA:282,Lexer
FNDA:18205,peek
FNDA:6265,advance
FNDA:910,skipWhitespace
FNDA:6389,isWordChar
FNDA:36,tokenizeQuotedString
FNDA:1,tokenizeVariable
FNDA:755,tokenizeWord
FNDA:282,tokenize
FNDA:282,tokenize
DA:1,8
DA:2,8
DA:3,8
DA:4,8
DA:5,8
DA:6,8
DA:7,8
DA:8,8
DA:9,8
DA:10,8
DA:11,8
DA:12,8
DA:13,8
DA:14,8
DA:15,8
DA:16,8
DA:17,8
DA:18,8
DA:19,8
DA:20,8
DA:21,8
DA:22,8
DA:23,8
DA:24,8
DA:25,8
DA:26,8
DA:27,8
DA:28,8
DA:29,8
DA:30,8
DA:31,8
DA:32,8
DA:33,8
DA:34,8
DA:35,8
DA:36,8
DA:37,8
DA:38,8
DA:39,8
DA:40,8
DA:41,8
DA:42,8
DA:43,8
DA:44,8
DA:45,8
DA:46,1190
DA:47,1190
DA:48,1190
DA:49,1190
DA:50,1190
DA:51,1190
DA:52,8
DA:53,8
DA:54,0
DA:55,0
DA:56,8
DA:57,8
DA:58,8
DA:59,8
DA:60,8
DA:61,8
DA:62,8
DA:63,282
DA:64,282
DA:65,282
DA:66,282
DA:67,282
DA:68,282
DA:69,8
DA:70,8
DA:71,8
DA:72,8
DA:73,8
DA:74,18205
DA:75,18205
DA:76,18205
DA:77,8
DA:78,8
DA:79,8
DA:80,8
DA:81,8
DA:82,6265
DA:83,0
DA:84,0
DA:85,6265
DA:86,6265
DA:87,6265
DA:88,6265
DA:89,6265
DA:90,6265
DA:91,0
DA:92,0
DA:93,0
DA:94,6265
DA:95,6265
DA:96,6265
DA:97,8
DA:98,8
DA:99,8
DA:100,8
DA:101,8
DA:102,910
DA:103,637
DA:104,637
DA:105,910
DA:106,8
DA:107,8
DA:108,8
DA:109,8
DA:110,8
DA:111,6389
DA:112,6389
DA:113,6389
DA:114,6389
DA:115,6389
DA:116,6389
DA:117,6389
DA:118,8
DA:119,8
DA:120,8
DA:121,8
DA:122,8
DA:123,8
DA:124,36
DA:125,36
DA:126,36
DA:127,36
DA:128,36
DA:129,36
DA:130,36
DA:131,36
DA:132,36
DA:133,36
DA:134,36
DA:135,306
DA:136,306
DA:137,306
DA:138,306
DA:139,0
DA:140,0
DA:141,306
DA:142,306
DA:143,306
DA:144,0
DA:145,0
DA:146,0
DA:147,0
DA:148,0
DA:149,0
DA:150,0
DA:151,0
DA:152,306
DA:153,306
DA:154,306
DA:155,0
DA:156,0
DA:157,0
DA:158,0
DA:159,306
DA:160,306
DA:161,306
DA:162,36
DA:163,36
DA:164,36
DA:165,270
DA:166,270
DA:167,270
DA:168,270
DA:169,270
DA:170,270
DA:171,36
DA:172,36
DA:173,36
DA:174,36
DA:175,36
DA:176,36
DA:177,36
DA:178,36
DA:179,36
DA:180,8
DA:181,8
DA:182,8
DA:183,8
DA:184,8
DA:185,1
DA:186,1
DA:187,1
DA:188,1
DA:189,1
DA:190,1
DA:191,1
DA:192,1
DA:193,1
DA:194,0
DA:195,0
DA:196,0
DA:197,0
DA:198,0
DA:199,0
DA:200,0
DA:201,0
DA:202,0
DA:203,0
DA:204,0
DA:205,0
DA:206,0
DA:207,0
DA:208,0
DA:209,0
DA:210,0
DA:211,0
DA:212,0
DA:213,0
DA:214,0
DA:215,1
DA:216,1
DA:217,1
DA:218,1
DA:219,0
DA:220,0
DA:221,1
DA:222,1
DA:223,1
DA:224,1
DA:225,1
DA:226,1
DA:227,1
DA:228,1
DA:229,1
DA:230,1
DA:231,1
DA:232,0
DA:233,0
DA:234,0
DA:235,0
DA:236,0
DA:237,0
DA:238,0
DA:239,0
DA:240,1
DA:241,8
DA:242,8
DA:243,8
DA:244,8
DA:245,8
DA:246,755
DA:247,755
DA:248,755
DA:249,755
DA:250,755
DA:251,755
DA:252,755
DA:253,5155
DA:254,5155
DA:255,755
DA:256,755
DA:257,755
DA:258,0
DA:259,0
DA:260,0
DA:261,0
DA:262,0
DA:263,0
DA:264,0
DA:265,0
DA:266,0
DA:267,0
DA:268,0
DA:269,0
DA:270,0
DA:271,0
DA:272,0
DA:273,0
DA:274,0
DA:275,755
DA:276,755
DA:277,755
DA:278,755
DA:279,755
DA:280,755
DA:281,755
DA:282,755
DA:283,755
DA:284,8
DA:285,8
DA:286,8
DA:287,8
DA:288,8
DA:289,8
DA:290,282
DA:291,282
DA:292,282
DA:293,910
DA:294,910
DA:295,910
DA:296,910
DA:297,910
DA:298,910
DA:299,0
DA:300,0
DA:301,910
DA:302,910
DA:303,910
DA:304,910
DA:305,910
DA:306,910
DA:307,910
DA:308,0
DA:309,0
DA:310,0
DA:311,0
DA:312,0
DA:313,0
DA:314,0
DA:315,0
DA:316,0
DA:317,0
DA:318,910
DA:319,910
DA:320,910
DA:321,61
DA:322,61
DA:323,61
DA:324,61
DA:325,61
DA:326,61
DA:327,61
DA:328,61
DA:329,61
DA:330,61
DA:331,849
DA:332,849
DA:333,910
DA:334,0
DA:335,0
DA:336,0
DA:337,0
DA:338,0
DA:339,0
DA:340,0
DA:341,0
DA:342,0
DA:343,0
DA:344,849
DA:345,849
DA:346,910
DA:347,0
DA:348,0
DA:349,0
DA:350,0
DA:351,0
DA:352,0
DA:353,0
DA:354,0
DA:355,0
DA:356,0
DA:357,849
DA:358,910
DA:359,0
DA:360,0
DA:361,0
DA:362,0
DA:363,0
DA:364,0
DA:365,0
DA:366,0
DA:367,0
DA:368,0
DA:369,849
DA:370,849
DA:371,910
DA:372,9
DA:373,9
DA:374,9
DA:375,9
DA:376,9
DA:377,9
DA:378,9
DA:379,9
DA:380,9
DA:381,9
DA:382,840
DA:383,910
DA:384,47
DA:385,47
DA:386,47
DA:387,13
DA:388,13
DA:389,13
DA:390,13
DA:391,13
DA:392,13
DA:393,13
DA:394,13
DA:395,47
DA:396,34
DA:397,34
DA:398,34
DA:399,34
DA:400,34
DA:401,34
DA:402,34
DA:403,34
DA:404,47
DA:405,47
DA:406,793
DA:407,793
DA:408,910
DA:409,0
DA:410,0
DA:411,0
DA:412,793
DA:413,793
DA:414,910
DA:415,36
DA:416,36
DA:417,36
DA:418,757
DA:419,757
DA:420,910
DA:421,1
DA:422,1
DA:423,1
DA:424,756
DA:425,756
DA:426,758
DA:427,755
DA:428,755
DA:429,755
DA:430,1
DA:431,1
DA:432,1
DA:433,1
DA:434,281
DA:435,281
DA:436,281
DA:437,281
DA:438,281
DA:439,281
DA:440,281
DA:441,281
DA:442,281
DA:443,281
DA:444,281
DA:445,282
DA:446,8
DA:447,8
DA:448,8
DA:449,8
DA:450,8
DA:451,8
DA:452,8
DA:453,8
DA:454,282
DA:455,282
DA:456,282
LF:456
LH:342
BRDA:1,0,0,8
BRDA:45,1,0,1191
BRDA:62,2,0,283
BRDA:73,3,0,18206
BRDA:75,4,0,17652
BRDA:75,5,0,555
BRDA:81,6,0,6266
BRDA:82,7,0,1
BRDA:90,8,0,1
BRDA:101,9,0,911
BRDA:102,10,0,1548
BRDA:102,11,0,1548
BRDA:102,12,0,638
BRDA:110,13,0,6390
BRDA:111,14,0,1
BRDA:245,15,0,756
BRDA:252,16,0,5634
BRDA:252,17,0,5156
BRDA:257,18,0,1
BRDA:257,19,0,1
BRDA:289,20,0,283
BRDA:292,21,0,911
BRDA:298,22,0,1
BRDA:307,23,0,1
BRDA:320,24,0,62
BRDA:333,25,0,1
BRDA:346,26,0,1
BRDA:358,27,0,1
BRDA:371,28,0,10
BRDA:383,29,0,48
BRDA:408,30,0,1
BRDA:414,31,0,37
BRDA:420,32,0,2
BRDA:430,33,0,2
BRDA:453,34,0,283
BRDA:123,35,0,41
BRDA:134,36,0,311
BRDA:138,37,0,5
BRDA:143,38,0,5
BRDA:154,39,0,5
BRDA:154,40,0,5
BRDA:161,41,0,41
BRDA:161,42,0,41
BRDA:165,43,0,275
BRDA:331,44,0,850
BRDA:344,45,0,850
BRDA:357,46,0,850
BRDA:369,47,0,850
BRDA:382,48,0,841
BRDA:386,49,0,14
BRDA:406,50,0,794
BRDA:412,51,0,794
BRDA:418,52,0,758
BRDA:424,53,0,759
BRDA:395,54,0,35
BRDA:184,55,0,8
BRDA:193,56,0,7
BRDA:218,57,0,7
BRDA:232,58,0,7
BRDA:424,59,0,757
BRDA:426,60,0,756
BRDA:434,61,0,282
BRF:62
BRH:62
end_of_record
TN:
SF:src\parser\parser.js
FN:32,Parser
FN:40,peek
FN:48,advance
FN:58,check
FN:66,expect
FN:78,skipNewlines
FN:88,parse
FN:108,parseSequence
FN:149,parseCompound
FN:165,parsePipeline
FN:189,parseRedirects
FN:219,parseCommand
FN:238,parseArgs
FN:277,parse
FNF:14
FNH:14
FNDA:281,Parser
FNDA:4100,peek
FNDA:1166,advance
FNDA:2705,check
FNDA:672,expect
FNDA:338,skipNewlines
FNDA:281,parse
FNDA:281,parseSequence
FNDA:281,parseCompound
FNDA:281,parsePipeline
FNDA:280,parseRedirects
FNDA:338,parseCommand
FNDA:337,parseArgs
FNDA:281,parse
DA:1,8
DA:2,8
DA:3,8
DA:4,8
DA:5,8
DA:6,8
DA:7,8
DA:8,8
DA:9,8
DA:10,8
DA:11,8
DA:12,8
DA:13,8
DA:14,8
DA:15,8
DA:16,8
DA:17,8
DA:18,8
DA:19,8
DA:20,8
DA:21,8
DA:22,8
DA:23,8
DA:24,8
DA:25,8
DA:26,8
DA:27,8
DA:28,8
DA:29,8
DA:30,8
DA:31,8
DA:32,8
DA:33,281
DA:34,281
DA:35,281
DA:36,8
DA:37,8
DA:38,8
DA:39,8
DA:40,8
DA:41,4100
DA:42,4100
DA:43,4100
DA:44,8
DA:45,8
DA:46,8
DA:47,8
DA:48,8
DA:49,1166
DA:50,0
DA:51,0
DA:52,1166
DA:53,1166
DA:54,8
DA:55,8
DA:56,8
DA:57,8
DA:58,8
DA:59,2705
DA:60,2705
DA:61,2705
DA:62,8
DA:63,8
DA:64,8
DA:65,8
DA:66,8
DA:67,672
DA:68,672
DA:69,4
DA:70,4
DA:71,4
DA:72,668
DA:73,672
DA:74,8
DA:75,8
DA:76,8
DA:77,8
DA:78,8
DA:79,338
DA:80,0
DA:81,0
DA:82,338
DA:83,8
DA:84,8
DA:85,8
DA:86,8
DA:87,8
DA:88,8
DA:89,281
DA:90,281
DA:91,281
DA:92,281
DA:93,0
DA:94,0
DA:95,281
DA:96,281
DA:97,281
DA:98,281
DA:99,281
DA:100,281
DA:101,281
DA:102,281
DA:103,8
DA:104,8
DA:105,8
DA:106,8
DA:107,8
DA:108,8
DA:109,281
DA:110,281
DA:111,281
DA:112,281
DA:113,281
DA:114,281
DA:115,279
DA:116,279
DA:117,279
DA:118,279
DA:119,279
DA:120,279
DA:121,279
DA:122,0
DA:123,0
DA:124,0
DA:125,0
DA:126,0
DA:127,0
DA:128,0
DA:129,0
DA:130,0
DA:131,0
DA:132,0
DA:133,0
DA:134,0
DA:135,0
DA:136,279
DA:137,279
DA:138,279
DA:139,279
DA:140,279
DA:141,0
DA:142,0
DA:143,281
DA:144,8
DA:145,8
DA:146,8
DA:147,8
DA:148,8
DA:149,8
DA:150,281
DA:151,281
DA:152,281
DA:153,281
DA:154,281
DA:155,226
DA:156,226
DA:157,53
DA:158,53
DA:159,281
DA:160,8
DA:161,8
DA:162,8
DA:163,8
DA:164,8
DA:165,8
DA:166,281
DA:167,281
DA:168,281
DA:169,281
DA:170,281
DA:171,281
DA:172,57
DA:173,57
DA:174,57
DA:175,57
DA:176,280
DA:177,280
DA:178,281
DA:179,240
DA:180,240
DA:181,40
DA:182,40
DA:183,281
DA:184,8
DA:185,8
DA:186,8
DA:187,8
DA:188,8
DA:189,8
DA:190,280
DA:191,280
DA:192,280
DA:193,280
DA:194,280
DA:195,280
DA:196,280
DA:197,280
DA:198,9
DA:199,9
DA:200,9
DA:201,9
DA:202,280
DA:203,280
DA:204,280
DA:205,46
DA:206,46
DA:207,46
DA:208,46
DA:209,46
DA:210,46
DA:211,279
DA:212,279
DA:213,280
DA:214,8
DA:215,8
DA:216,8
DA:217,8
DA:218,8
DA:219,8
DA:220,338
DA:221,338
DA:222,0
DA:223,0
DA:224,0
DA:225,0
DA:226,338
DA:227,338
DA:228,338
DA:229,338
DA:230,338
DA:231,338
DA:232,338
DA:233,8
DA:234,8
DA:235,8
DA:236,8
DA:237,8
DA:238,8
DA:239,337
DA:240,337
DA:241,337
DA:242,723
DA:243,723
DA:244,723
DA:245,723
DA:246,723
DA:247,723
DA:248,723
DA:249,723
DA:250,723
DA:251,723
DA:252,723
DA:253,337
DA:254,337
DA:255,386
DA:256,386
DA:257,386
DA:258,386
DA:259,723
DA:260,386
DA:261,723
DA:262,0
DA:263,0
DA:264,0
DA:265,0
DA:266,723
DA:267,337
DA:268,337
DA:269,337
DA:270,8
DA:271,8
DA:272,8
DA:273,8
DA:274,8
DA:275,8
DA:276,8
DA:277,8
DA:278,281
DA:279,281
DA:280,281
LF:280
LH:250
BRDA:1,0,0,8
BRDA:32,1,0,282
BRDA:40,2,0,4101
BRDA:42,3,0,1
BRDA:48,4,0,1167
BRDA:49,5,0,1
BRDA:58,6,0,2706
BRDA:66,7,0,673
BRDA:68,8,0,5
BRDA:78,9,0,339
BRDA:79,10,0,1
BRDA:88,11,0,282
BRDA:92,12,0,1
BRDA:108,13,0,282
BRDA:122,14,0,1
BRDA:141,15,0,1
BRDA:149,16,0,282
BRDA:157,17,0,54
BRDA:165,18,0,282
BRDA:171,19,0,58
BRDA:181,20,0,41
BRDA:189,21,0,281
BRDA:197,22,0,10
BRDA:204,23,0,47
BRDA:219,24,0,339
BRDA:221,25,0,1
BRDA:238,26,0,338
BRDA:241,27,0,724
BRDA:252,28,0,338
BRDA:255,29,0,387
BRDA:259,30,0,36
BRDA:259,31,0,387
BRDA:261,32,0,1
BRDA:277,33,0,282
BRDA:154,34,0,227
BRDA:178,35,0,241
BRDA:204,36,0,248
BRDA:207,37,0,14
BRDA:209,38,0,14
BRDA:246,39,0,667
BRDA:247,40,0,667
BRDA:248,41,0,658
BRDA:249,42,0,626
BRDA:250,43,0,613
BRDA:251,44,0,613
BRDA:69,45,0,1
BRDA:70,46,0,1
BRDA:72,47,0,669
BRDA:114,48,0,280
BRDA:136,49,0,280
BRDA:154,50,0,271
BRDA:176,51,0,281
BRDA:207,52,0,34
BRDA:209,53,0,33
BRDA:211,54,0,280
BRF:55
BRH:55
end_of_record
TN:
SF:src\parser\schist.js
FN:30,parseSchist
FN:51,tokenize
FN:68,parseExpression
FN:109,parseAtom
FN:129,thunk
FN:140,evaluateSchist
FN:158,evaluate
FN:388,isTruthy
FN:397,createSchistEnv
FN:552,schistToString
FN:571,schistWrite
FNF:11
FNH:0
FNDA:0,parseSchist
FNDA:0,tokenize
FNDA:0,parseExpression
FNDA:0,parseAtom
FNDA:0,thunk
FNDA:0,evaluateSchist
FNDA:0,evaluate
FNDA:0,isTruthy
FNDA:0,createSchistEnv
FNDA:0,schistToString
FNDA:0,schistWrite
DA:1,7
DA:2,7
DA:3,7
DA:4,7
DA:5,7
DA:6,7
DA:7,7
DA:8,7
DA:9,7
DA:10,7
DA:11,7
DA:12,7
DA:13,7
DA:14,7
DA:15,7
DA:16,7
DA:17,7
DA:18,7
DA:19,7
DA:20,7
DA:21,7
DA:22,7
DA:23,7
DA:24,7
DA:25,7
DA:26,7
DA:27,7
DA:28,7
DA:29,7
DA:30,7
DA:31,0
DA:32,0
DA:33,0
DA:34,0
DA:35,0
DA:36,0
DA:37,0
DA:38,0
DA:39,0
DA:40,0
DA:41,0
DA:42,0
DA:43,0
DA:44,0
DA:45,7
DA:46,7
DA:47,7
DA:48,7
DA:49,7
DA:50,7
DA:51,0
DA:52,0
DA:53,0
DA:54,0
DA:55,0
DA:56,0
DA:57,0
DA:58,0
DA:59,0
DA:60,0
DA:61,7
DA:62,7
DA:63,7
DA:64,7
DA:65,7
DA:66,7
DA:67,7
DA:68,0
DA:69,0
DA:70,0
DA:71,0
DA:72,0
DA:73,0
DA:74,0
DA:75,0
DA:76,0
DA:77,0
DA:78,0
DA:79,0
DA:80,0
DA:81,0
DA:82,0
DA:83,0
DA:84,0
DA:85,0
DA:86,0
DA:87,0
DA:88,0
DA:89,0
DA:90,0
DA:91,0
DA:92,0
DA:93,0
DA:94,0
DA:95,0
DA:96,0
DA:97,0
DA:98,0
DA:99,0
DA:100,0
DA:101,0
DA:102,0
DA:103,7
DA:104,7
DA:105,7
DA:106,7
DA:107,7
DA:108,7
DA:109,0
DA:110,0
DA:111,0
DA:112,0
DA:113,0
DA:114,0
DA:115,0
DA:116,0
DA:117,0
DA:118,0
DA:119,0
DA:120,0
DA:121,0
DA:122,0
DA:123,7
DA:124,7
DA:125,7
DA:126,7
DA:127,7
DA:128,7
DA:129,0
DA:130,0
DA:131,0
DA:132,7
DA:133,7
DA:134,7
DA:135,7
DA:136,7
DA:137,7
DA:138,7
DA:139,7
DA:140,7
DA:141,0
DA:142,0
DA:143,0
DA:144,0
DA:145,0
DA:146,0
DA:147,0
DA:148,0
DA:149,0
DA:150,7
DA:151,7
DA:152,7
DA:153,7
DA:154,7
DA:155,7
DA:156,7
DA:157,7
DA:158,0
DA:159,0
DA:160,0
DA:161,0
DA:162,0
DA:163,0
DA:164,0
DA:165,0
DA:166,0
DA:167,0
DA:168,0
DA:169,0
DA:170,0
DA:171,0
DA:172,0
DA:173,0
DA:174,0
DA:175,0
DA:176,0
DA:177,0
DA:178,0
DA:179,0
DA:180,0
DA:181,0
DA:182,0
DA:183,0
DA:184,0
DA:185,0
DA:186,0
DA:187,0
DA:188,0
DA:189,0
DA:190,0
DA:191,0
DA:192,0
DA:193,0
DA:194,0
DA:195,0
DA:196,0
DA:197,0
DA:198,0
DA:199,0
DA:200,0
DA:201,0
DA:202,0
DA:203,0
DA:204,0
DA:205,0
DA:206,0
DA:207,0
DA:208,0
DA:209,0
DA:210,0
DA:211,0
DA:212,0
DA:213,0
DA:214,0
DA:215,0
DA:216,0
DA:217,0
DA:218,0
DA:219,0
DA:220,0
DA:221,0
DA:222,0
DA:223,0
DA:224,0
DA:225,0
DA:226,0
DA:227,0
DA:228,0
DA:229,0
DA:230,0
DA:231,0
DA:232,0
DA:233,0
DA:234,0
DA:235,0
DA:236,0
DA:237,0
DA:238,0
DA:239,0
DA:240,0
DA:241,0
DA:242,0
DA:243,0
DA:244,0
DA:245,0
DA:246,0
DA:247,0
DA:248,0
DA:249,0
DA:250,0
DA:251,0
DA:252,0
DA:253,0
DA:254,0
DA:255,0
DA:256,0
DA:257,0
DA:258,0
DA:259,0
DA:260,0
DA:261,0
DA:262,0
DA:263,0
DA:264,0
DA:265,0
DA:266,0
DA:267,0
DA:268,0
DA:269,0
DA:270,0
DA:271,0
DA:272,0
DA:273,0
DA:274,0
DA:275,0
DA:276,0
DA:277,0
DA:278,0
DA:279,0
DA:280,0
DA:281,0
DA:282,0
DA:283,0
DA:284,0
DA:285,0
DA:286,0
DA:287,0
DA:288,0
DA:289,0
DA:290,0
DA:291,0
DA:292,0
DA:293,0
DA:294,0
DA:295,0
DA:296,0
DA:297,0
DA:298,0
DA:299,0
DA:300,0
DA:301,0
DA:302,0
DA:303,0
DA:304,0
DA:305,0
DA:306,0
DA:307,0
DA:308,0
DA:309,0
DA:310,0
DA:311,0
DA:312,0
DA:313,0
DA:314,0
DA:315,0
DA:316,0
DA:317,0
DA:318,0
DA:319,0
DA:320,0
DA:321,0
DA:322,0
DA:323,0
DA:324,0
DA:325,0
DA:326,0
DA:327,0
DA:328,0
DA:329,0
DA:330,0
DA:331,0
DA:332,0
DA:333,0
DA:334,0
DA:335,0
DA:336,0
DA:337,0
DA:338,0
DA:339,0
DA:340,0
DA:341,0
DA:342,0
DA:343,0
DA:344,0
DA:345,0
DA:346,0
DA:347,0
DA:348,0
DA:349,0
DA:350,0
DA:351,0
DA:352,0
DA:353,0
DA:354,0
DA:355,0
DA:356,0
DA:357,0
DA:358,0
DA:359,0
DA:360,0
DA:361,0
DA:362,0
DA:363,0
DA:364,0
DA:365,0
DA:366,0
DA:367,0
DA:368,0
DA:369,0
DA:370,0
DA:371,0
DA:372,0
DA:373,0
DA:374,0
DA:375,0
DA:376,0
DA:377,0
DA:378,0
DA:379,0
DA:380,0
DA:381,0
DA:382,0
DA:383,0
DA:384,7
DA:385,7
DA:386,7
DA:387,7
DA:388,0
DA:389,0
DA:390,0
DA:391,0
DA:392,7
DA:393,7
DA:394,7
DA:395,7
DA:396,7
DA:397,7
DA:398,0
DA:399,0
DA:400,0
DA:401,0
DA:402,0
DA:403,0
DA:404,0
DA:405,0
DA:406,0
DA:407,0
DA:408,0
DA:409,0
DA:410,0
DA:411,0
DA:412,0
DA:413,0
DA:414,0
DA:415,0
DA:416,0
DA:417,0
DA:418,0
DA:419,0
DA:420,0
DA:421,0
DA:422,0
DA:423,0
DA:424,0
DA:425,0
DA:426,0
DA:427,0
DA:428,0
DA:429,0
DA:430,0
DA:431,0
DA:432,0
DA:433,0
DA:434,0
DA:435,0
DA:436,0
DA:437,0
DA:438,0
DA:439,0
DA:440,0
DA:441,0
DA:442,0
DA:443,0
DA:444,0
DA:445,0
DA:446,0
DA:447,0
DA:448,0
DA:449,0
DA:450,0
DA:451,0
DA:452,0
DA:453,0
DA:454,0
DA:455,0
DA:456,0
DA:457,0
DA:458,0
DA:459,0
DA:460,0
DA:461,0
DA:462,0
DA:463,0
DA:464,0
DA:465,0
DA:466,0
DA:467,0
DA:468,0
DA:469,0
DA:470,0
DA:471,0
DA:472,0
DA:473,0
DA:474,0
DA:475,0
DA:476,0
DA:477,0
DA:478,0
DA:479,0
DA:480,0
DA:481,0
DA:482,0
DA:483,0
DA:484,0
DA:485,0
DA:486,0
DA:487,0
DA:488,0
DA:489,0
DA:490,0
DA:491,0
DA:492,0
DA:493,0
DA:494,0
DA:495,0
DA:496,0
DA:497,0
DA:498,0
DA:499,0
DA:500,0
DA:501,0
DA:502,0
DA:503,0
DA:504,0
DA:505,0
DA:506,0
DA:507,0
DA:508,0
DA:509,0
DA:510,0
DA:511,0
DA:512,0
DA:513,0
DA:514,0
DA:515,0
DA:516,0
DA:517,0
DA:518,0
DA:519,0
DA:520,0
DA:521,0
DA:522,0
DA:523,0
DA:524,0
DA:525,0
DA:526,0
DA:527,0
DA:528,0
DA:529,0
DA:530,0
DA:531,0
DA:532,0
DA:533,0
DA:534,0
DA:535,0
DA:536,0
DA:537,0
DA:538,0
DA:539,0
DA:540,0
DA:541,0
DA:542,0
DA:543,0
DA:544,0
DA:545,0
DA:546,7
DA:547,7
DA:548,7
DA:549,7
DA:550,7
DA:551,7
DA:552,7
DA:553,0
DA:554,0
DA:555,0
DA:556,0
DA:557,0
DA:558,0
DA:559,0
DA:560,0
DA:561,0
DA:562,0
DA:563,0
DA:564,0
DA:565,7
DA:566,7
DA:567,7
DA:568,7
DA:569,7
DA:570,7
DA:571,7
DA:572,0
DA:573,0
DA:574,0
DA:575,0
DA:576,0
DA:577,0
DA:578,0
DA:579,0
DA:580,0
DA:581,0
DA:582,0
DA:583,0
LF:583
LH:96
BRDA:1,0,0,7
BRF:1
BRH:1
end_of_record
TN:
SF:src\stdlib\args.js
FN:24,parse
FN:208,usage
FN:302,hasHelp
FN:317,showHelp
FN:337,hasFlag
FN:359,getOption
FN:389,createArgsModule
FNF:7
FNH:5
FNDA:258,parse
FNDA:2,usage
FNDA:260,hasHelp
FNDA:260,showHelp
FNDA:0,hasFlag
FNDA:0,getOption
FNDA:14,createArgsModule
DA:1,7
DA:2,7
DA:3,7
DA:4,7
DA:5,7
DA:6,7
DA:7,7
DA:8,7
DA:9,7
DA:10,7
DA:11,7
DA:12,7
DA:13,7
DA:14,7
DA:15,7
DA:16,7
DA:17,7
DA:18,7
DA:19,7
DA:20,7
DA:21,7
DA:22,7
DA:23,7
DA:24,258
DA:25,258
DA:26,258
DA:27,258
DA:28,258
DA:29,258
DA:30,258
DA:31,258
DA:32,258
DA:33,258
DA:34,258
DA:35,258
DA:36,258
DA:37,258
DA:38,258
DA:39,258
DA:40,258
DA:41,275
DA:42,275
DA:43,270
DA:44,270
DA:45,258
DA:46,258
DA:47,258
DA:48,0
DA:49,0
DA:50,0
DA:51,0
DA:52,258
DA:53,258
DA:54,258
DA:55,258
DA:56,269
DA:57,269
DA:58,269
DA:59,269
DA:60,0
DA:61,0
DA:62,0
DA:63,0
DA:64,269
DA:65,269
DA:66,269
DA:67,1
DA:68,1
DA:69,0
DA:70,0
DA:71,0
DA:72,0
DA:73,1
DA:74,1
DA:75,1
DA:76,1
DA:77,1
DA:78,1
DA:79,1
DA:80,0
DA:81,0
DA:82,1
DA:83,1
DA:84,0
DA:85,0
DA:86,0
DA:87,0
DA:88,0
DA:89,0
DA:90,0
DA:91,0
DA:92,0
DA:93,0
DA:94,0
DA:95,0
DA:96,0
DA:97,0
DA:98,0
DA:99,0
DA:100,0
DA:101,0
DA:102,0
DA:103,0
DA:104,0
DA:105,0
DA:106,0
DA:107,0
DA:108,0
DA:109,1
DA:110,1
DA:111,1
DA:112,1
DA:113,268
DA:114,268
DA:115,269
DA:116,21
DA:117,21
DA:118,21
DA:119,21
DA:120,21
DA:121,21
DA:122,21
DA:123,21
DA:124,0
DA:125,0
DA:126,0
DA:127,0
DA:128,0
DA:129,0
DA:130,0
DA:131,0
DA:132,0
DA:133,0
DA:134,0
DA:135,0
DA:136,0
DA:137,0
DA:138,0
DA:139,0
DA:140,0
DA:141,0
DA:142,0
DA:143,0
DA:144,0
DA:145,0
DA:146,0
DA:147,0
DA:148,0
DA:149,0
DA:150,21
DA:151,21
DA:152,21
DA:153,21
DA:154,22
DA:155,22
DA:156,22
DA:157,0
DA:158,0
DA:159,0
DA:160,0
DA:161,22
DA:162,21
DA:163,21
DA:164,21
DA:165,21
DA:166,21
DA:167,247
DA:168,247
DA:169,247
DA:170,247
DA:171,247
DA:172,258
DA:173,258
DA:174,258
DA:175,258
DA:176,258
DA:177,258
DA:178,7
DA:179,7
DA:180,7
DA:181,7
DA:182,7
DA:183,7
DA:184,7
DA:185,7
DA:186,7
DA:187,7
DA:188,7
DA:189,7
DA:190,7
DA:191,7
DA:192,7
DA:193,7
DA:194,7
DA:195,7
DA:196,7
DA:197,7
DA:198,7
DA:199,7
DA:200,7
DA:201,7
DA:202,7
DA:203,7
DA:204,7
DA:205,7
DA:206,7
DA:207,7
DA:208,2
DA:209,2
DA:210,2
DA:211,2
DA:212,2
DA:213,2
DA:214,2
DA:215,2
DA:216,2
DA:217,2
DA:218,2
DA:219,2
DA:220,2
DA:221,2
DA:222,2
DA:223,2
DA:224,2
DA:225,2
DA:226,2
DA:227,2
DA:228,2
DA:229,2
DA:230,2
DA:231,2
DA:232,2
DA:233,2
DA:234,2
DA:235,2
DA:236,3
DA:237,3
DA:238,3
DA:239,3
DA:240,2
DA:241,2
DA:242,2
DA:243,2
DA:244,2
DA:245,2
DA:246,2
DA:247,0
DA:248,0
DA:249,0
DA:250,0
DA:251,0
DA:252,0
DA:253,0
DA:254,0
DA:255,0
DA:256,0
DA:257,0
DA:258,0
DA:259,0
DA:260,0
DA:261,0
DA:262,0
DA:263,0
DA:264,0
DA:265,0
DA:266,0
DA:267,2
DA:268,2
DA:269,2
DA:270,2
DA:271,2
DA:272,2
DA:273,6
DA:274,2
DA:275,2
DA:276,2
DA:277,2
DA:278,2
DA:279,2
DA:280,2
DA:281,0
DA:282,0
DA:283,0
DA:284,0
DA:285,0
DA:286,0
DA:287,2
DA:288,2
DA:289,2
DA:290,0
DA:291,0
DA:292,0
DA:293,2
DA:294,2
DA:295,2
DA:296,7
DA:297,7
DA:298,7
DA:299,7
DA:300,7
DA:301,7
DA:302,260
DA:303,260
DA:304,260
DA:305,7
DA:306,7
DA:307,7
DA:308,7
DA:309,7
DA:310,7
DA:311,7
DA:312,7
DA:313,7
DA:314,7
DA:315,7
DA:316,7
DA:317,260
DA:318,260
DA:319,258
DA:320,258
DA:321,2
DA:322,2
DA:323,2
DA:324,2
DA:325,260
DA:326,7
DA:327,7
DA:328,7
DA:329,7
DA:330,7
DA:331,7
DA:332,7
DA:333,7
DA:334,7
DA:335,7
DA:336,7
DA:337,0
DA:338,0
DA:339,0
DA:340,0
DA:341,0
DA:342,0
DA:343,0
DA:344,0
DA:345,0
DA:346,0
DA:347,7
DA:348,7
DA:349,7
DA:350,7
DA:351,7
DA:352,7
DA:353,7
DA:354,7
DA:355,7
DA:356,7
DA:357,7
DA:358,7
DA:359,0
DA:360,0
DA:361,0
DA:362,0
DA:363,0
DA:364,0
DA:365,0
DA:366,0
DA:367,0
DA:368,0
DA:369,0
DA:370,0
DA:371,0
DA:372,0
DA:373,0
DA:374,0
DA:375,0
DA:376,0
DA:377,0
DA:378,0
DA:379,0
DA:380,0
DA:381,0
DA:382,0
DA:383,0
DA:384,7
DA:385,7
DA:386,7
DA:387,7
DA:388,7
DA:389,7
DA:390,14
DA:391,14
DA:392,14
DA:393,14
DA:394,14
DA:395,14
DA:396,14
DA:397,14
DA:398,14
LF:398
LH:265
BRDA:1,0,0,7
BRDA:24,1,0,258
BRDA:33,2,0,147
BRDA:55,3,0,269
BRDA:59,4,0,0
BRDA:66,5,0,1
BRDA:68,6,0,0
BRDA:79,7,0,0
BRDA:83,8,0,0
BRDA:113,9,0,268
BRDA:115,10,0,21
BRDA:115,11,0,21
BRDA:115,12,0,21
BRDA:167,13,0,247
BRDA:40,14,0,275
BRDA:42,15,0,270
BRDA:208,16,0,8
BRDA:246,17,0,6
BRDA:246,18,0,6
BRDA:280,19,0,6
BRDA:280,20,0,6
BRDA:289,21,0,6
BRDA:289,22,0,6
BRDA:235,23,0,9
BRDA:236,24,0,6
BRDA:238,25,0,6
BRDA:272,26,0,12
BRDA:273,27,0,6
BRDA:302,28,0,260
BRDA:317,29,0,260
BRDA:318,30,0,258
BRDA:321,31,0,2
BRDA:323,32,0,25
BRDA:389,33,0,14
BRDA:123,34,0,0
BRDA:123,35,0,0
BRDA:123,36,0,0
BRDA:156,37,0,0
BRDA:153,38,0,22
BRF:39
BRH:31
end_of_record
TN:
SF:src\stdlib\path.js
FN:15,join
FN:36,resolve
FN:74,dirname
FN:99,basename
FN:128,extname
FN:155,normalize
FN:196,relative
FN:242,isAbsolute
FN:255,createPathModule
FNF:9
FNH:5
FNDA:157,join
FNDA:0,resolve
FNDA:0,dirname
FNDA:4,basename
FNDA:0,extname
FNDA:415,normalize
FNDA:0,relative
FNDA:258,isAbsolute
FNDA:7,createPathModule
DA:1,7
DA:2,7
DA:3,7
DA:4,7
DA:5,7
DA:6,7
DA:7,7
DA:8,7
DA:9,7
DA:10,7
DA:11,7
DA:12,7
DA:13,7
DA:14,7
DA:15,157
DA:16,157
DA:17,157
DA:18,157
DA:19,157
DA:20,157
DA:21,157
DA:22,157
DA:23,157
DA:24,157
DA:25,157
DA:26,7
DA:27,7
DA:28,7
DA:29,7
DA:30,7
DA:31,7
DA:32,7
DA:33,7
DA:34,7
DA:35,7
DA:36,0
DA:37,0
DA:38,0
DA:39,0
DA:40,0
DA:41,0
DA:42,0
DA:43,0
DA:44,0
DA:45,0
DA:46,0
DA:47,0
DA:48,0
DA:49,0
DA:50,0
DA:51,0
DA:52,0
DA:53,0
DA:54,0
DA:55,0
DA:56,0
DA:57,0
DA:58,0
DA:59,0
DA:60,0
DA:61,0
DA:62,0
DA:63,7
DA:64,7
DA:65,7
DA:66,7
DA:67,7
DA:68,7
DA:69,7
DA:70,7
DA:71,7
DA:72,7
DA:73,7
DA:74,0
DA:75,0
DA:76,0
DA:77,0
DA:78,0
DA:79,0
DA:80,0
DA:81,0
DA:82,0
DA:83,0
DA:84,0
DA:85,0
DA:86,0
DA:87,7
DA:88,7
DA:89,7
DA:90,7
DA:91,7
DA:92,7
DA:93,7
DA:94,7
DA:95,7
DA:96,7
DA:97,7
DA:98,7
DA:99,4
DA:100,4
DA:101,4
DA:102,4
DA:103,4
DA:104,4
DA:105,4
DA:106,4
DA:107,4
DA:108,4
DA:109,4
DA:110,4
DA:111,4
DA:112,0
DA:113,0
DA:114,4
DA:115,4
DA:116,4
DA:117,7
DA:118,7
DA:119,7
DA:120,7
DA:121,7
DA:122,7
DA:123,7
DA:124,7
DA:125,7
DA:126,7
DA:127,7
DA:128,0
DA:129,0
DA:130,0
DA:131,0
DA:132,0
DA:133,0
DA:134,0
DA:135,0
DA:136,0
DA:137,0
DA:138,0
DA:139,0
DA:140,0
DA:141,0
DA:142,0
DA:143,0
DA:144,7
DA:145,7
DA:146,7
DA:147,7
DA:148,7
DA:149,7
DA:150,7
DA:151,7
DA:152,7
DA:153,7
DA:154,7
DA:155,415
DA:156,415
DA:157,415
DA:158,415
DA:159,415
DA:160,415
DA:161,415
DA:162,415
DA:163,866
DA:164,4
DA:165,4
DA:166,4
DA:167,4
DA:168,0
DA:169,0
DA:170,0
DA:171,4
DA:172,866
DA:173,862
DA:174,862
DA:175,866
DA:176,415
DA:177,415
DA:178,415
DA:179,415
DA:180,415
DA:181,415
DA:182,0
DA:183,415
DA:184,415
DA:185,7
DA:186,7
DA:187,7
DA:188,7
DA:189,7
DA:190,7
DA:191,7
DA:192,7
DA:193,7
DA:194,7
DA:195,7
DA:196,0
DA:197,0
DA:198,0
DA:199,0
DA:200,0
DA:201,0
DA:202,0
DA:203,0
DA:204,0
DA:205,0
DA:206,0
DA:207,0
DA:208,0
DA:209,0
DA:210,0
DA:211,0
DA:212,0
DA:213,0
DA:214,0
DA:215,0
DA:216,0
DA:217,0
DA:218,0
DA:219,0
DA:220,0
DA:221,0
DA:222,0
DA:223,0
DA:224,0
DA:225,0
DA:226,0
DA:227,0
DA:228,0
DA:229,0
DA:230,0
DA:231,0
DA:232,7
DA:233,7
DA:234,7
DA:235,7
DA:236,7
DA:237,7
DA:238,7
DA:239,7
DA:240,7
DA:241,7
DA:242,258
DA:243,258
DA:244,258
DA:245,7
DA:246,7
DA:247,7
DA:248,7
DA:249,7
DA:250,7
DA:251,7
DA:252,7
DA:253,7
DA:254,7
DA:255,7
DA:256,7
DA:257,7
DA:258,7
DA:259,7
DA:260,7
DA:261,7
DA:262,7
DA:263,7
DA:264,7
DA:265,7
DA:266,7
DA:267,7
LF:267
LH:169
BRDA:1,0,0,7
BRDA:255,1,0,7
BRDA:15,2,0,159
BRDA:16,3,0,2
BRDA:20,4,0,316
BRDA:155,5,0,416
BRDA:156,6,0,1
BRDA:162,7,0,867
BRDA:163,8,0,5
BRDA:180,9,0,1
BRDA:182,10,0,1
BRDA:183,11,0,1
BRDA:159,12,0,1289
BRDA:159,13,0,1289
BRDA:242,14,0,259
BRDA:99,15,0,10
BRDA:100,16,0,6
BRDA:105,17,0,6
BRDA:108,18,0,6
BRDA:111,19,0,6
BRDA:111,20,0,6
BRDA:167,21,0,1
BRDA:172,22,0,863
BRF:23
BRH:23
end_of_record
TN:
SF:src\ui\activity-led.js
FN:7,ActivityLED
FN:16,reading
FN:23,writing
FN:30,error
FN:43,idle
FN:50,setActivity
FN:74,wrap
FNF:7
FNH:6
FNDA:7,ActivityLED
FNDA:82,reading
FNDA:114,writing
FNDA:12,error
FNDA:184,idle
FNDA:392,setActivity
FNDA:0,wrap
DA:1,7
DA:2,7
DA:3,7
DA:4,7
DA:5,7
DA:6,7
DA:7,7
DA:8,7
DA:9,7
DA:10,7
DA:11,7
DA:12,7
DA:13,7
DA:14,7
DA:15,7
DA:16,7
DA:17,82
DA:18,82
DA:19,7
DA:20,7
DA:21,7
DA:22,7
DA:23,7
DA:24,114
DA:25,114
DA:26,7
DA:27,7
DA:28,7
DA:29,7
DA:30,7
DA:31,12
DA:32,12
DA:33,12
DA:34,2
DA:35,0
DA:36,0
DA:37,12
DA:38,12
DA:39,7
DA:40,7
DA:41,7
DA:42,7
DA:43,7
DA:44,184
DA:45,184
DA:46,7
DA:47,7
DA:48,7
DA:49,7
DA:50,7
DA:51,392
DA:52,392
DA:53,392
DA:54,392
DA:55,392
DA:56,0
DA:57,0
DA:58,0
DA:59,0
DA:60,0
DA:61,0
DA:62,0
DA:63,0
DA:64,0
DA:65,0
DA:66,392
DA:67,7
DA:68,7
DA:69,7
DA:70,7
DA:71,7
DA:72,7
DA:73,7
DA:74,7
DA:75,0
DA:76,0
DA:77,0
DA:78,0
DA:79,0
DA:80,0
DA:81,0
DA:82,0
DA:83,0
DA:84,0
DA:85,0
DA:86,0
DA:87,0
DA:88,0
DA:89,0
DA:90,7
DA:91,7
DA:92,7
DA:93,7
LF:93
LH:66
BRDA:1,0,0,7
BRDA:7,1,0,7
BRDA:16,2,0,83
BRDA:30,3,0,15
BRDA:43,4,0,185
BRDA:50,5,0,393
BRDA:56,6,0,1
BRDA:23,7,0,119
BRDA:33,8,0,9
BRDA:34,9,0,7
BRF:10
BRH:10
end_of_record
TN:
SF:src\utils\command-context.js
FN:18,CommandContext
FN:32,writeln
FN:46,write
FN:63,error
FN:73,getStdinLines
FN:82,getStdout
FN:90,getStdoutLines
FN:98,hasStdin
FN:106,isStandalone
FN:116,readLine
FN:130,createTerminalContext
FN:147,createPipedContext
FN:164,createRedirectedContext
FNF:13
FNH:8
FNDA:332,CommandContext
FNDA:389,writeln
FNDA:0,write
FNDA:0,error
FNDA:44,getStdinLines
FNDA:136,getStdout
FNDA:0,getStdoutLines
FNDA:72,hasStdin
FNDA:0,isStandalone
FNDA:0,readLine
FNDA:196,createTerminalContext
FNDA:91,createPipedContext
FNDA:45,createRedirectedContext
DA:1,7
DA:2,7
DA:3,7
DA:4,7
DA:5,7
DA:6,7
DA:7,7
DA:8,7
DA:9,7
DA:10,7
DA:11,7
DA:12,7
DA:13,7
DA:14,7
DA:15,7
DA:16,7
DA:17,7
DA:18,7
DA:19,332
DA:20,332
DA:21,332
DA:22,332
DA:23,332
DA:24,332
DA:25,332
DA:26,332
DA:27,7
DA:28,7
DA:29,7
DA:30,7
DA:31,7
DA:32,7
DA:33,389
DA:34,341
DA:35,341
DA:36,389
DA:37,48
DA:38,48
DA:39,48
DA:40,389
DA:41,7
DA:42,7
DA:43,7
DA:44,7
DA:45,7
DA:46,7
DA:47,0
DA:48,0
DA:49,0
DA:50,0
DA:51,0
DA:52,0
DA:53,0
DA:54,0
DA:55,0
DA:56,0
DA:57,0
DA:58,7
DA:59,7
DA:60,7
DA:61,7
DA:62,7
DA:63,7
DA:64,0
DA:65,0
DA:66,0
DA:67,0
DA:68,7
DA:69,7
DA:70,7
DA:71,7
DA:72,7
DA:73,7
DA:74,44
DA:75,44
DA:76,44
DA:77,7
DA:78,7
DA:79,7
DA:80,7
DA:81,7
DA:82,7
DA:83,136
DA:84,136
DA:85,7
DA:86,7
DA:87,7
DA:88,7
DA:89,7
DA:90,7
DA:91,0
DA:92,0
DA:93,7
DA:94,7
DA:95,7
DA:96,7
DA:97,7
DA:98,7
DA:99,72
DA:100,72
DA:101,7
DA:102,7
DA:103,7
DA:104,7
DA:105,7
DA:106,7
DA:107,0
DA:108,0
DA:109,7
DA:110,7
DA:111,7
DA:112,7
DA:113,7
DA:114,7
DA:115,7
DA:116,7
DA:117,0
DA:118,0
DA:119,0
DA:120,0
DA:121,0
DA:122,7
DA:123,7
DA:124,7
DA:125,7
DA:126,7
DA:127,7
DA:128,7
DA:129,7
DA:130,7
DA:131,196
DA:132,196
DA:133,196
DA:134,196
DA:135,196
DA:136,196
DA:137,196
DA:138,196
DA:139,7
DA:140,7
DA:141,7
DA:142,7
DA:143,7
DA:144,7
DA:145,7
DA:146,7
DA:147,7
DA:148,91
DA:149,91
DA:150,91
DA:151,91
DA:152,91
DA:153,91
DA:154,91
DA:155,91
DA:156,7
DA:157,7
DA:158,7
DA:159,7
DA:160,7
DA:161,7
DA:162,7
DA:163,7
DA:164,7
DA:165,45
DA:166,45
DA:167,45
DA:168,45
DA:169,45
DA:170,45
DA:171,45
DA:172,45
LF:172
LH:148
BRDA:1,0,0,7
BRDA:18,1,0,332
BRDA:130,2,0,197
BRDA:20,3,0,196
BRDA:21,4,0,277
BRDA:22,5,0,241
BRDA:23,6,0,287
BRDA:32,7,0,390
BRDA:33,8,0,134
BRDA:33,9,0,342
BRDA:36,10,0,49
BRDA:73,11,0,47
BRDA:74,12,0,3
BRDA:82,13,0,139
BRDA:98,14,0,75
BRDA:147,15,0,94
BRDA:164,16,0,50
BRF:17
BRH:17
end_of_record
TN:
SF:src\utils\command-registry.js
FN:7,CommandRegistry
FN:18,register
FN:37,getCommands
FN:50,getCategories
FN:58,getByCategory
FNF:5
FNH:2
FNDA:8,CommandRegistry
FNDA:12771,register
FNDA:0,getCommands
FNDA:0,getCategories
FNDA:0,getByCategory
DA:1,8
DA:2,8
DA:3,8
DA:4,8
DA:5,8
DA:6,8
DA:7,8
DA:8,8
DA:9,8
DA:10,8
DA:11,8
DA:12,8
DA:13,8
DA:14,8
DA:15,8
DA:16,8
DA:17,8
DA:18,8
DA:19,12771
DA:20,12771
DA:21,12771
DA:22,12771
DA:23,12771
DA:24,12771
DA:25,12771
DA:26,12771
DA:27,21
DA:28,21
DA:29,12771
DA:30,12771
DA:31,8
DA:32,8
DA:33,8
DA:34,8
DA:35,8
DA:36,8
DA:37,8
DA:38,0
DA:39,0
DA:40,0
DA:41,0
DA:42,0
DA:43,0
DA:44,0
DA:45,8
DA:46,8
DA:47,8
DA:48,8
DA:49,8
DA:50,8
DA:51,0
DA:52,0
DA:53,8
DA:54,8
DA:55,8
DA:56,8
DA:57,8
DA:58,8
DA:59,0
DA:60,0
DA:61,0
DA:62,0
DA:63,0
DA:64,0
DA:65,8
DA:66,8
DA:67,8
DA:68,8
LF:68
LH:53
BRDA:1,0,0,8
BRDA:7,1,0,8
BRDA:18,2,0,12772
BRDA:26,3,0,22
BRF:4
BRH:4
end_of_record
TN:
SF:src\utils\command-utils.js
FN:25,resolvePath
FN:52,showError
FN:61,showWarning
FN:70,showSuccess
FN:79,showInfo
FN:88,getKernel
FN:104,withTimeout
FN:118,hasHelpFlag
FN:132,hasFlag
FN:150,getOption
FN:182,getPositionalArgs
FN:218,formatSize
FN:233,formatDate
FN:263,formatPermissions
FNF:14
FNH:3
FNDA:259,resolvePath
FNDA:20,showError
FNDA:0,showWarning
FNDA:0,showSuccess
FNDA:0,showInfo
FNDA:0,getKernel
FNDA:0,withTimeout
FNDA:30,hasHelpFlag
FNDA:0,hasFlag
FNDA:0,getOption
FNDA:0,getPositionalArgs
FNDA:0,formatSize
FNDA:0,formatDate
FNDA:0,formatPermissions
DA:1,7
DA:2,7
DA:3,7
DA:4,7
DA:5,7
DA:6,7
DA:7,7
DA:8,7
DA:9,7
DA:10,7
DA:11,7
DA:12,7
DA:13,7
DA:14,7
DA:15,7
DA:16,7
DA:17,7
DA:18,7
DA:19,7
DA:20,7
DA:21,7
DA:22,7
DA:23,7
DA:24,7
DA:25,7
DA:26,259
DA:27,258
DA:28,258
DA:29,259
DA:30,0
DA:31,0
DA:32,259
DA:33,1
DA:34,1
DA:35,258
DA:36,259
DA:37,106
DA:38,106
DA:39,152
DA:40,152
DA:41,259
DA:42,7
DA:43,7
DA:44,7
DA:45,7
DA:46,7
DA:47,7
DA:48,7
DA:49,7
DA:50,7
DA:51,7
DA:52,7
DA:53,20
DA:54,20
DA:55,7
DA:56,7
DA:57,7
DA:58,7
DA:59,7
DA:60,7
DA:61,7
DA:62,0
DA:63,0
DA:64,7
DA:65,7
DA:66,7
DA:67,7
DA:68,7
DA:69,7
DA:70,7
DA:71,0
DA:72,0
DA:73,7
DA:74,7
DA:75,7
DA:76,7
DA:77,7
DA:78,7
DA:79,7
DA:80,0
DA:81,0
DA:82,7
DA:83,7
DA:84,7
DA:85,7
DA:86,7
DA:87,7
DA:88,7
DA:89,0
DA:90,0
DA:91,0
DA:92,0
DA:93,0
DA:94,0
DA:95,7
DA:96,7
DA:97,7
DA:98,7
DA:99,7
DA:100,7
DA:101,7
DA:102,7
DA:103,7
DA:104,7
DA:105,0
DA:106,0
DA:107,0
DA:108,0
DA:109,0
DA:110,0
DA:111,0
DA:112,7
DA:113,7
DA:114,7
DA:115,7
DA:116,7
DA:117,7
DA:118,7
DA:119,30
DA:120,30
DA:121,7
DA:122,7
DA:123,7
DA:124,7
DA:125,7
DA:126,7
DA:127,7
DA:128,7
DA:129,7
DA:130,7
DA:131,7
DA:132,7
DA:133,0
DA:134,0
DA:135,0
DA:136,0
DA:137,7
DA:138,7
DA:139,7
DA:140,7
DA:141,7
DA:142,7
DA:143,7
DA:144,7
DA:145,7
DA:146,7
DA:147,7
DA:148,7
DA:149,7
DA:150,7
DA:151,0
DA:152,0
DA:153,0
DA:154,0
DA:155,0
DA:156,0
DA:157,0
DA:158,0
DA:159,0
DA:160,0
DA:161,0
DA:162,0
DA:163,0
DA:164,0
DA:165,0
DA:166,0
DA:167,0
DA:168,0
DA:169,0
DA:170,0
DA:171,0
DA:172,7
DA:173,7
DA:174,7
DA:175,7
DA:176,7
DA:177,7
DA:178,7
DA:179,7
DA:180,7
DA:181,7
DA:182,7
DA:183,0
DA:184,0
DA:185,0
DA:186,0
DA:187,0
DA:188,0
DA:189,0
DA:190,0
DA:191,0
DA:192,0
DA:193,0
DA:194,0
DA:195,0
DA:196,0
DA:197,0
DA:198,0
DA:199,0
DA:200,0
DA:201,0
DA:202,0
DA:203,0
DA:204,0
DA:205,0
DA:206,0
DA:207,7
DA:208,7
DA:209,7
DA:210,7
DA:211,7
DA:212,7
DA:213,7
DA:214,7
DA:215,7
DA:216,7
DA:217,7
DA:218,7
DA:219,0
DA:220,0
DA:221,0
DA:222,0
DA:223,0
DA:224,7
DA:225,7
DA:226,7
DA:227,7
DA:228,7
DA:229,7
DA:230,7
DA:231,7
DA:232,7
DA:233,7
DA:234,0
DA:235,0
DA:236,0
DA:237,0
DA:238,0
DA:239,0
DA:240,0
DA:241,0
DA:242,0
DA:243,0
DA:244,0
DA:245,0
DA:246,0
DA:247,0
DA:248,0
DA:249,0
DA:250,0
DA:251,0
DA:252,0
DA:253,0
DA:254,0
DA:255,0
DA:256,7
DA:257,7
DA:258,7
DA:259,7
DA:260,7
DA:261,7
DA:262,7
DA:263,7
DA:264,0
DA:265,0
DA:266,0
DA:267,0
DA:268,7
DA:269,7
DA:270,7
LF:270
LH:169
BRDA:1,0,0,7
BRDA:25,1,0,260
BRDA:26,2,0,2
BRDA:29,3,0,1
BRDA:32,4,0,2
BRDA:36,5,0,107
BRDA:52,6,0,24
BRDA:39,7,0,153
BRDA:118,8,0,36
BRDA:27,9,0,259
BRDA:32,10,0,259
BRDA:35,11,0,259
BRF:12
BRH:12
end_of_record
TN:
SF:src\utils\help-formatter.js
FN:13,displayHelp
FNF:1
FNH:0
FNDA:0,displayHelp
DA:1,7
DA:2,7
DA:3,7
DA:4,7
DA:5,7
DA:6,7
DA:7,7
DA:8,7
DA:9,7
DA:10,7
DA:11,7
DA:12,7
DA:13,7
DA:14,0
DA:15,0
DA:16,0
DA:17,0
DA:18,0
DA:19,0
DA:20,0
DA:21,0
DA:22,0
DA:23,0
DA:24,0
DA:25,0
DA:26,0
DA:27,0
DA:28,0
DA:29,0
DA:30,0
DA:31,0
DA:32,0
DA:33,0
DA:34,0
DA:35,0
DA:36,0
DA:37,0
DA:38,0
DA:39,0
DA:40,0
DA:41,0
DA:42,0
DA:43,0
DA:44,0
DA:45,0
DA:46,0
DA:47,0
DA:48,0
DA:49,0
DA:50,0
DA:51,0
DA:52,0
DA:53,0
DA:54,0
DA:55,0
DA:56,0
DA:57,0
DA:58,0
DA:59,0
DA:60,0
DA:61,0
DA:62,0
DA:63,0
DA:64,0
DA:65,0
DA:66,0
DA:67,0
DA:68,0
DA:69,0
DA:70,0
DA:71,0
DA:72,0
DA:73,0
DA:74,0
DA:75,0
DA:76,0
DA:77,0
DA:78,0
DA:79,0
DA:80,0
DA:81,0
DA:82,0
DA:83,0
LF:83
LH:13
BRDA:1,0,0,7
BRF:1
BRH:1
end_of_record
TN:
SF:src\utils\man-renderer.js
FN:26,renderManPage
FN:145,renderInline
FN:175,wrapParagraph
FN:205,stripAnsi
FN:214,formatManPage
FNF:5
FNH:0
FNDA:0,renderManPage
FNDA:0,renderInline
FNDA:0,wrapParagraph
FNDA:0,stripAnsi
FNDA:0,formatManPage
DA:1,7
DA:2,7
DA:3,7
DA:4,7
DA:5,7
DA:6,7
DA:7,7
DA:8,7
DA:9,7
DA:10,7
DA:11,7
DA:12,7
DA:13,7
DA:14,7
DA:15,7
DA:16,7
DA:17,7
DA:18,7
DA:19,7
DA:20,7
DA:21,7
DA:22,7
DA:23,7
DA:24,7
DA:25,7
DA:26,7
DA:27,0
DA:28,0
DA:29,0
DA:30,0
DA:31,0
DA:32,0
DA:33,0
DA:34,0
DA:35,0
DA:36,0
DA:37,0
DA:38,0
DA:39,0
DA:40,0
DA:41,0
DA:42,0
DA:43,0
DA:44,0
DA:45,0
DA:46,0
DA:47,0
DA:48,0
DA:49,0
DA:50,0
DA:51,0
DA:52,0
DA:53,0
DA:54,0
DA:55,0
DA:56,0
DA:57,0
DA:58,0
DA:59,0
DA:60,0
DA:61,0
DA:62,0
DA:63,0
DA:64,0
DA:65,0
DA:66,0
DA:67,0
DA:68,0
DA:69,0
DA:70,0
DA:71,0
DA:72,0
DA:73,0
DA:74,0
DA:75,0
DA:76,0
DA:77,0
DA:78,0
DA:79,0
DA:80,0
DA:81,0
DA:82,0
DA:83,0
DA:84,0
DA:85,0
DA:86,0
DA:87,0
DA:88,0
DA:89,0
DA:90,0
DA:91,0
DA:92,0
DA:93,0
DA:94,0
DA:95,0
DA:96,0
DA:97,0
DA:98,0
DA:99,0
DA:100,0
DA:101,0
DA:102,0
DA:103,0
DA:104,0
DA:105,0
DA:106,0
DA:107,0
DA:108,0
DA:109,0
DA:110,0
DA:111,0
DA:112,0
DA:113,0
DA:114,0
DA:115,0
DA:116,0
DA:117,0
DA:118,0
DA:119,0
DA:120,0
DA:121,0
DA:122,0
DA:123,0
DA:124,0
DA:125,0
DA:126,0
DA:127,0
DA:128,0
DA:129,0
DA:130,0
DA:131,0
DA:132,0
DA:133,0
DA:134,0
DA:135,0
DA:136,0
DA:137,0
DA:138,0
DA:139,7
DA:140,7
DA:141,7
DA:142,7
DA:143,7
DA:144,7
DA:145,0
DA:146,0
DA:147,0
DA:148,0
DA:149,0
DA:150,0
DA:151,0
DA:152,0
DA:153,0
DA:154,0
DA:155,0
DA:156,0
DA:157,0
DA:158,0
DA:159,0
DA:160,0
DA:161,0
DA:162,0
DA:163,0
DA:164,0
DA:165,0
DA:166,0
DA:167,0
DA:168,7
DA:169,7
DA:170,7
DA:171,7
DA:172,7
DA:173,7
DA:174,7
DA:175,0
DA:176,0
DA:177,0
DA:178,0
DA:179,0
DA:180,0
DA:181,0
DA:182,0
DA:183,0
DA:184,0
DA:185,0
DA:186,0
DA:187,0
DA:188,0
DA:189,0
DA:190,0
DA:191,0
DA:192,0
DA:193,0
DA:194,0
DA:195,0
DA:196,0
DA:197,0
DA:198,0
DA:199,7
DA:200,7
DA:201,7
DA:202,7
DA:203,7
DA:204,7
DA:205,0
DA:206,0
DA:207,0
DA:208,7
DA:209,7
DA:210,7
DA:211,7
DA:212,7
DA:213,7
DA:214,7
DA:215,0
DA:216,0
DA:217,0
DA:218,0
DA:219,0
DA:220,0
DA:221,0
DA:222,0
DA:223,0
DA:224,0
DA:225,0
DA:226,0
DA:227,0
DA:228,0
DA:229,0
DA:230,0
DA:231,0
DA:232,0
DA:233,0
DA:234,0
DA:235,0
DA:236,0
DA:237,0
DA:238,0
DA:239,0
DA:240,0
DA:241,0
DA:242,0
DA:243,0
DA:244,0
DA:245,0
DA:246,0
DA:247,0
DA:248,0
DA:249,0
DA:250,0
DA:251,0
DA:252,0
DA:253,0
DA:254,0
LF:254
LH:52
BRDA:1,0,0,7
BRF:1
BRH:1
end_of_record
