TN:
SF:src\shell.js
FN:8,Shell
FN:30,registerCommand
FN:48,tokenize
FN:119,parsePipeline
FN:185,parseCommand
FN:203,splitBySemicolon
FN:242,execute
FN:266,executeSegment
FN:283,executeSimple
FN:304,executePipeline
FN:387,historyPrevious
FN:398,historyNext
FN:412,writePrompt
FN:421,cd
FN:445,getState
FN:456,setState
FNF:16
FNH:9
FNDA:269,Shell
FNDA:10222,registerCommand
FNDA:269,tokenize
FNDA:269,parsePipeline
FNDA:0,parseCommand
FNDA:269,splitBySemicolon
FNDA:269,execute
FNDA:269,executeSegment
FNDA:186,executeSimple
FNDA:83,executePipeline
FNDA:0,historyPrevious
FNDA:0,historyNext
FNDA:0,writePrompt
FNDA:0,cd
FNDA:0,getState
FNDA:0,setState
DA:1,5
DA:2,5
DA:3,5
DA:4,5
DA:5,5
DA:6,5
DA:7,5
DA:8,5
DA:9,269
DA:10,269
DA:11,269
DA:12,269
DA:13,269
DA:14,269
DA:15,269
DA:16,269
DA:17,269
DA:18,269
DA:19,269
DA:20,269
DA:21,5
DA:22,5
DA:23,5
DA:24,5
DA:25,5
DA:26,5
DA:27,5
DA:28,5
DA:29,5
DA:30,5
DA:31,10222
DA:32,10222
DA:33,10222
DA:34,10222
DA:35,10222
DA:36,10222
DA:37,10222
DA:38,10222
DA:39,10222
DA:40,10222
DA:41,10222
DA:42,5
DA:43,5
DA:44,5
DA:45,5
DA:46,5
DA:47,5
DA:48,5
DA:49,269
DA:50,269
DA:51,269
DA:52,269
DA:53,269
DA:54,269
DA:55,269
DA:56,6119
DA:57,6119
DA:58,6119
DA:59,6119
DA:60,36
DA:61,36
DA:62,36
DA:63,6119
DA:64,36
DA:65,36
DA:66,36
DA:67,6083
DA:68,116
DA:69,116
DA:70,0
DA:71,0
DA:72,0
DA:73,116
DA:74,116
DA:75,13
DA:76,13
DA:77,116
DA:78,103
DA:79,103
DA:80,6047
DA:81,625
DA:82,625
DA:83,495
DA:84,495
DA:85,495
DA:86,5931
DA:87,5306
DA:88,5306
DA:89,5306
DA:90,6119
DA:91,269
DA:92,269
DA:93,269
DA:94,268
DA:95,268
DA:96,269
DA:97,269
DA:98,269
DA:99,5
DA:100,5
DA:101,5
DA:102,5
DA:103,5
DA:104,5
DA:105,5
DA:106,5
DA:107,5
DA:108,5
DA:109,5
DA:110,5
DA:111,5
DA:112,5
DA:113,5
DA:114,5
DA:115,5
DA:116,5
DA:117,5
DA:118,5
DA:119,5
DA:120,269
DA:121,269
DA:122,269
DA:123,269
DA:124,269
DA:125,269
DA:126,269
DA:127,269
DA:128,823
DA:129,823
DA:130,823
DA:131,60
DA:132,60
DA:133,59
DA:134,59
DA:135,59
DA:136,59
DA:137,59
DA:138,59
DA:139,823
DA:140,9
DA:141,9
DA:142,9
DA:143,9
DA:144,9
DA:145,9
DA:146,763
DA:147,47
DA:148,47
DA:149,47
DA:150,47
DA:151,47
DA:152,47
DA:153,47
DA:154,754
DA:155,707
DA:156,707
DA:157,707
DA:158,823
DA:159,269
DA:160,269
DA:161,269
DA:162,269
DA:163,269
DA:164,269
DA:165,269
DA:166,269
DA:167,269
DA:168,269
DA:169,269
DA:170,269
DA:171,269
DA:172,269
DA:173,269
DA:174,269
DA:175,269
DA:176,269
DA:177,5
DA:178,5
DA:179,5
DA:180,5
DA:181,5
DA:182,5
DA:183,5
DA:184,5
DA:185,5
DA:186,0
DA:187,0
DA:188,0
DA:189,0
DA:190,0
DA:191,0
DA:192,0
DA:193,0
DA:194,0
DA:195,0
DA:196,0
DA:197,5
DA:198,5
DA:199,5
DA:200,5
DA:201,5
DA:202,5
DA:203,5
DA:204,269
DA:205,269
DA:206,269
DA:207,269
DA:208,269
DA:209,269
DA:210,6132
DA:211,6132
DA:212,6132
DA:213,36
DA:214,36
DA:215,36
DA:216,6132
DA:217,36
DA:218,36
DA:219,36
DA:220,6096
DA:221,0
DA:222,0
DA:223,0
DA:224,0
DA:225,0
DA:226,6060
DA:227,6060
DA:228,6060
DA:229,6132
DA:230,269
DA:231,269
DA:232,269
DA:233,269
DA:234,269
DA:235,269
DA:236,269
DA:237,269
DA:238,5
DA:239,5
DA:240,5
DA:241,5
DA:242,5
DA:243,269
DA:244,269
DA:245,269
DA:246,269
DA:247,269
DA:248,269
DA:249,269
DA:250,269
DA:251,269
DA:252,269
DA:253,0
DA:254,0
DA:255,0
DA:256,0
DA:257,269
DA:258,269
DA:259,269
DA:260,269
DA:261,269
DA:262,5
DA:263,5
DA:264,5
DA:265,5
DA:266,5
DA:267,269
DA:268,269
DA:269,269
DA:270,269
DA:271,269
DA:272,83
DA:273,269
DA:274,186
DA:275,186
DA:276,186
DA:277,186
DA:278,269
DA:279,5
DA:280,5
DA:281,5
DA:282,5
DA:283,5
DA:284,186
DA:285,186
DA:286,0
DA:287,0
DA:288,0
DA:289,0
DA:290,186
DA:291,186
DA:292,186
DA:293,186
DA:294,186
DA:295,186
DA:296,0
DA:297,0
DA:298,0
DA:299,186
DA:300,5
DA:301,5
DA:302,5
DA:303,5
DA:304,5
DA:305,83
DA:306,83
DA:307,83
DA:308,83
DA:309,83
DA:310,83
DA:311,83
DA:312,83
DA:313,83
DA:314,83
DA:315,9
DA:316,9
DA:317,8
DA:318,82
DA:319,82
DA:320,83
DA:321,141
DA:322,141
DA:323,141
DA:324,141
DA:325,141
DA:326,141
DA:327,1
DA:328,1
DA:329,1
DA:330,140
DA:331,140
DA:332,140
DA:333,141
DA:334,47
DA:335,141
DA:336,59
DA:337,92
DA:338,34
DA:339,34
DA:340,34
DA:341,34
DA:342,140
DA:343,140
DA:344,140
DA:345,140
DA:346,140
DA:347,140
DA:348,141
DA:349,59
DA:350,140
DA:351,47
DA:352,47
DA:353,47
DA:354,47
DA:355,47
DA:356,13
DA:357,13
DA:358,13
DA:359,11
DA:360,13
DA:361,2
DA:362,2
DA:363,2
DA:364,47
DA:365,34
DA:366,34
DA:367,34
DA:368,81
DA:369,34
DA:370,34
DA:371,34
DA:372,34
DA:373,0
DA:374,0
DA:375,0
DA:376,34
DA:377,141
DA:378,83
DA:379,1
DA:380,1
DA:381,1
DA:382,83
DA:383,5
DA:384,5
DA:385,5
DA:386,5
DA:387,5
DA:388,0
DA:389,0
DA:390,0
DA:391,0
DA:392,0
DA:393,0
DA:394,5
DA:395,5
DA:396,5
DA:397,5
DA:398,5
DA:399,0
DA:400,0
DA:401,0
DA:402,0
DA:403,0
DA:404,0
DA:405,0
DA:406,0
DA:407,0
DA:408,5
DA:409,5
DA:410,5
DA:411,5
DA:412,5
DA:413,0
DA:414,0
DA:415,0
DA:416,0
DA:417,5
DA:418,5
DA:419,5
DA:420,5
DA:421,5
DA:422,0
DA:423,0
DA:424,0
DA:425,0
DA:426,0
DA:427,0
DA:428,0
DA:429,0
DA:430,0
DA:431,0
DA:432,0
DA:433,0
DA:434,0
DA:435,0
DA:436,0
DA:437,0
DA:438,0
DA:439,0
DA:440,0
DA:441,5
DA:442,5
DA:443,5
DA:444,5
DA:445,5
DA:446,0
DA:447,0
DA:448,0
DA:449,0
DA:450,0
DA:451,0
DA:452,5
DA:453,5
DA:454,5
DA:455,5
DA:456,5
DA:457,0
DA:458,0
DA:459,0
DA:460,0
DA:461,0
DA:462,5
LF:462
LH:380
BRDA:1,0,0,5
BRDA:8,1,0,270
BRDA:30,2,0,10223
BRDA:37,3,0,1
BRDA:38,4,0,1
BRDA:48,5,0,270
BRDA:55,6,0,6120
BRDA:59,7,0,6048
BRDA:59,8,0,73
BRDA:59,9,0,37
BRDA:63,10,0,6084
BRDA:63,11,0,37
BRDA:63,12,0,37
BRDA:67,13,0,6048
BRDA:67,14,0,5778
BRDA:67,15,0,5777
BRDA:67,16,0,5777
BRDA:67,17,0,117
BRDA:69,18,0,1
BRDA:74,19,0,48
BRDA:74,20,0,14
BRDA:80,21,0,5932
BRDA:80,22,0,650
BRDA:80,23,0,626
BRDA:82,24,0,496
BRDA:86,25,0,5307
BRDA:119,26,0,270
BRDA:127,27,0,824
BRDA:130,28,0,61
BRDA:139,29,0,764
BRDA:139,30,0,10
BRDA:146,31,0,721
BRDA:146,32,0,48
BRDA:151,33,0,14
BRDA:154,34,0,708
BRDA:174,35,0,229
BRDA:174,36,0,222
BRDA:203,37,0,270
BRDA:209,38,0,6133
BRDA:212,39,0,6061
BRDA:212,40,0,73
BRDA:212,41,0,37
BRDA:216,42,0,6097
BRDA:216,43,0,37
BRDA:216,44,0,37
BRDA:220,45,0,6061
BRDA:220,46,0,1
BRDA:220,47,0,1
BRDA:242,48,0,270
BRDA:243,49,0,1
BRDA:252,50,0,1
BRDA:266,51,0,270
BRDA:271,52,0,84
BRDA:273,53,0,187
BRDA:283,54,0,187
BRDA:285,55,0,1
BRDA:295,56,0,1
BRDA:304,57,0,85
BRDA:314,58,0,11
BRDA:320,59,0,143
BRDA:323,60,0,84
BRDA:326,61,0,3
BRDA:333,62,0,49
BRDA:335,63,0,95
BRDA:335,64,0,61
BRDA:337,65,0,36
BRDA:348,66,0,61
BRDA:350,67,0,83
BRDA:350,68,0,49
BRDA:355,69,0,15
BRDA:368,70,0,36
BRDA:372,71,0,2
BRDA:378,72,0,142
BRDA:378,73,0,3
BRDA:335,74,0,94
BRDA:348,75,0,142
BRDA:77,76,0,104
BRDA:132,77,0,60
BRDA:146,78,0,755
BRDA:151,79,0,35
BRDA:317,80,0,10
BRDA:318,81,0,84
BRDA:330,82,0,142
BRDA:342,83,0,142
BRDA:359,84,0,13
BRDA:360,85,0,4
BRDA:364,86,0,36
BRDA:93,87,0,269
BRF:88
BRH:88
end_of_record
TN:
SF:src\commands\filesystem.js
FN:30,withTimeout
FN:54,registerFilesystemCommands
FN:56,shell.registerCommand.description
FN:102,shell.registerCommand.description
FN:181,shell.registerCommand.description
FN:225,shell.registerCommand.description
FN:257,shell.registerCommand.description
FN:289,shell.registerCommand.description
FN:321,shell.registerCommand.description
FN:355,shell.registerCommand.description
FN:390,shell.registerCommand.description
FN:398,shell.registerCommand.description
FN:450,shell.registerCommand.description
FN:481,shell.registerCommand.description
FN:575,shell.registerCommand.description
FN:606,shell.registerCommand.description
FN:637,shell.registerCommand.description
FN:705,shell.registerCommand.description
FN:731,shell.registerCommand.description
FN:790,shell.registerCommand.description
FN:877,shell.registerCommand.description
FN:938,shell.registerCommand.description
FN:1016,shell.registerCommand.description
FNF:23
FNH:15
FNDA:140,withTimeout
FNDA:269,registerFilesystemCommands
FNDA:0,shell.registerCommand.description
FNDA:14,shell.registerCommand.description
FNDA:61,shell.registerCommand.description
FNDA:28,shell.registerCommand.description
FNDA:22,shell.registerCommand.description
FNDA:33,shell.registerCommand.description
FNDA:19,shell.registerCommand.description
FNDA:17,shell.registerCommand.description
FNDA:0,shell.registerCommand.description
FNDA:0,shell.registerCommand.description
FNDA:19,shell.registerCommand.description
FNDA:39,shell.registerCommand.description
FNDA:8,shell.registerCommand.description
FNDA:8,shell.registerCommand.description
FNDA:19,shell.registerCommand.description
FNDA:8,shell.registerCommand.description
FNDA:0,shell.registerCommand.description
FNDA:0,shell.registerCommand.description
FNDA:0,shell.registerCommand.description
FNDA:0,shell.registerCommand.description
FNDA:0,shell.registerCommand.description
DA:1,4
DA:2,4
DA:3,4
DA:4,4
DA:5,4
DA:6,4
DA:7,4
DA:8,4
DA:9,4
DA:10,4
DA:11,4
DA:12,4
DA:13,4
DA:14,4
DA:15,4
DA:16,4
DA:17,4
DA:18,4
DA:19,4
DA:20,4
DA:21,4
DA:22,4
DA:23,4
DA:24,4
DA:25,4
DA:26,4
DA:27,4
DA:28,4
DA:29,4
DA:30,140
DA:31,140
DA:32,140
DA:33,140
DA:34,61
DA:35,140
DA:36,79
DA:37,79
DA:38,140
DA:39,140
DA:40,140
DA:41,140
DA:42,140
DA:43,140
DA:44,140
DA:45,124
DA:46,124
DA:47,124
DA:48,140
DA:49,16
DA:50,16
DA:51,16
DA:52,140
DA:53,4
DA:54,4
DA:55,269
DA:56,269
DA:57,0
DA:58,0
DA:59,0
DA:60,0
DA:61,0
DA:62,0
DA:63,0
DA:64,0
DA:65,0
DA:66,0
DA:67,0
DA:68,0
DA:69,0
DA:70,0
DA:71,0
DA:72,0
DA:73,0
DA:74,0
DA:75,0
DA:76,0
DA:77,0
DA:78,0
DA:79,0
DA:80,0
DA:81,0
DA:82,0
DA:83,0
DA:84,0
DA:85,0
DA:86,0
DA:87,0
DA:88,0
DA:89,0
DA:90,0
DA:91,0
DA:92,0
DA:93,0
DA:94,0
DA:95,0
DA:96,269
DA:97,269
DA:98,269
DA:99,269
DA:100,269
DA:101,269
DA:102,269
DA:103,14
DA:104,14
DA:105,14
DA:106,14
DA:107,14
DA:108,14
DA:109,14
DA:110,14
DA:111,14
DA:112,14
DA:113,14
DA:114,14
DA:115,14
DA:116,14
DA:117,14
DA:118,14
DA:119,14
DA:120,14
DA:121,14
DA:122,14
DA:123,14
DA:124,14
DA:125,14
DA:126,14
DA:127,14
DA:128,14
DA:129,0
DA:130,0
DA:131,0
DA:132,14
DA:133,14
DA:134,14
DA:135,14
DA:136,14
DA:137,14
DA:138,14
DA:139,14
DA:140,14
DA:141,2
DA:142,2
DA:143,2
DA:144,12
DA:145,14
DA:146,2
DA:147,2
DA:148,8
DA:149,8
DA:150,8
DA:151,8
DA:152,8
DA:153,8
DA:154,8
DA:155,8
DA:156,8
DA:157,14
DA:158,10
DA:159,10
DA:160,6
DA:161,6
DA:162,10
DA:163,4
DA:164,4
DA:165,14
DA:166,14
DA:167,14
DA:168,4
DA:169,4
DA:170,4
DA:171,10
DA:172,14
DA:173,0
DA:174,0
DA:175,269
DA:176,269
DA:177,269
DA:178,269
DA:179,269
DA:180,269
DA:181,269
DA:182,61
DA:183,61
DA:184,61
DA:185,61
DA:186,61
DA:187,61
DA:188,61
DA:189,61
DA:190,61
DA:191,61
DA:192,61
DA:193,61
DA:194,61
DA:195,61
DA:196,61
DA:197,61
DA:198,61
DA:199,61
DA:200,19
DA:201,19
DA:202,19
DA:203,42
DA:204,42
DA:205,42
DA:206,42
DA:207,42
DA:208,61
DA:209,47
DA:210,47
DA:211,43
DA:212,43
DA:213,43
DA:214,43
DA:215,43
DA:216,61
DA:217,4
DA:218,4
DA:219,269
DA:220,269
DA:221,269
DA:222,269
DA:223,269
DA:224,269
DA:225,269
DA:226,28
DA:227,28
DA:228,28
DA:229,28
DA:230,28
DA:231,28
DA:232,28
DA:233,28
DA:234,28
DA:235,28
DA:236,28
DA:237,28
DA:238,28
DA:239,28
DA:240,2
DA:241,2
DA:242,2
DA:243,26
DA:244,26
DA:245,26
DA:246,26
DA:247,26
DA:248,28
DA:249,11
DA:250,11
DA:251,269
DA:252,269
DA:253,269
DA:254,269
DA:255,269
DA:256,269
DA:257,269
DA:258,22
DA:259,22
DA:260,22
DA:261,22
DA:262,22
DA:263,22
DA:264,22
DA:265,22
DA:266,22
DA:267,22
DA:268,22
DA:269,22
DA:270,22
DA:271,22
DA:272,1
DA:273,1
DA:274,1
DA:275,21
DA:276,21
DA:277,21
DA:278,21
DA:279,21
DA:280,22
DA:281,0
DA:282,0
DA:283,269
DA:284,269
DA:285,269
DA:286,269
DA:287,269
DA:288,269
DA:289,269
DA:290,33
DA:291,33
DA:292,33
DA:293,33
DA:294,33
DA:295,33
DA:296,33
DA:297,33
DA:298,33
DA:299,33
DA:300,33
DA:301,33
DA:302,33
DA:303,33
DA:304,1
DA:305,1
DA:306,1
DA:307,32
DA:308,32
DA:309,32
DA:310,32
DA:311,32
DA:312,33
DA:313,1
DA:314,1
DA:315,269
DA:316,269
DA:317,269
DA:318,269
DA:319,269
DA:320,269
DA:321,269
DA:322,19
DA:323,19
DA:324,19
DA:325,19
DA:326,19
DA:327,19
DA:328,19
DA:329,19
DA:330,19
DA:331,19
DA:332,19
DA:333,19
DA:334,19
DA:335,19
DA:336,2
DA:337,2
DA:338,2
DA:339,2
DA:340,17
DA:341,17
DA:342,17
DA:343,17
DA:344,17
DA:345,17
DA:346,19
DA:347,1
DA:348,1
DA:349,269
DA:350,269
DA:351,269
DA:352,269
DA:353,269
DA:354,269
DA:355,269
DA:356,17
DA:357,17
DA:358,17
DA:359,17
DA:360,17
DA:361,17
DA:362,17
DA:363,17
DA:364,17
DA:365,17
DA:366,17
DA:367,17
DA:368,17
DA:369,17
DA:370,17
DA:371,2
DA:372,2
DA:373,2
DA:374,2
DA:375,15
DA:376,15
DA:377,15
DA:378,15
DA:379,15
DA:380,15
DA:381,17
DA:382,1
DA:383,1
DA:384,269
DA:385,269
DA:386,269
DA:387,269
DA:388,269
DA:389,269
DA:390,269
DA:391,0
DA:392,269
DA:393,269
DA:394,269
DA:395,269
DA:396,269
DA:397,269
DA:398,269
DA:399,0
DA:400,0
DA:401,0
DA:402,0
DA:403,0
DA:404,0
DA:405,0
DA:406,0
DA:407,0
DA:408,0
DA:409,0
DA:410,0
DA:411,0
DA:412,0
DA:413,0
DA:414,0
DA:415,0
DA:416,0
DA:417,0
DA:418,0
DA:419,0
DA:420,0
DA:421,0
DA:422,0
DA:423,0
DA:424,0
DA:425,0
DA:426,0
DA:427,0
DA:428,0
DA:429,0
DA:430,0
DA:431,0
DA:432,0
DA:433,0
DA:434,0
DA:435,0
DA:436,0
DA:437,0
DA:438,0
DA:439,0
DA:440,0
DA:441,0
DA:442,0
DA:443,0
DA:444,269
DA:445,269
DA:446,269
DA:447,269
DA:448,269
DA:449,269
DA:450,269
DA:451,19
DA:452,3
DA:453,3
DA:454,3
DA:455,3
DA:456,3
DA:457,16
DA:458,16
DA:459,16
DA:460,19
DA:461,19
DA:462,19
DA:463,19
DA:464,19
DA:465,19
DA:466,19
DA:467,19
DA:468,19
DA:469,19
DA:470,19
DA:471,19
DA:472,19
DA:473,0
DA:474,0
DA:475,269
DA:476,269
DA:477,269
DA:478,269
DA:479,269
DA:480,269
DA:481,269
DA:482,39
DA:483,39
DA:484,39
DA:485,39
DA:486,39
DA:487,39
DA:488,39
DA:489,39
DA:490,39
DA:491,39
DA:492,39
DA:493,39
DA:494,39
DA:495,39
DA:496,39
DA:497,39
DA:498,39
DA:499,39
DA:500,39
DA:501,39
DA:502,39
DA:503,39
DA:504,39
DA:505,39
DA:506,39
DA:507,39
DA:508,0
DA:509,0
DA:510,0
DA:511,39
DA:512,39
DA:513,39
DA:514,39
DA:515,39
DA:516,39
DA:517,39
DA:518,39
DA:519,39
DA:520,25
DA:521,25
DA:522,39
DA:523,3
DA:524,3
DA:525,3
DA:526,3
DA:527,3
DA:528,14
DA:529,11
DA:530,11
DA:531,11
DA:532,28
DA:533,28
DA:534,28
DA:535,28
DA:536,229
DA:537,229
DA:538,229
DA:539,229
DA:540,85
DA:541,85
DA:542,28
DA:543,28
DA:544,28
DA:545,39
DA:546,0
DA:547,0
DA:548,39
DA:549,28
DA:550,28
DA:551,85
DA:552,85
DA:553,85
DA:554,85
DA:555,0
DA:556,0
DA:557,85
DA:558,85
DA:559,85
DA:560,19
DA:561,19
DA:562,85
DA:563,85
DA:564,28
DA:565,28
DA:566,39
DA:567,0
DA:568,0
DA:569,269
DA:570,269
DA:571,269
DA:572,269
DA:573,269
DA:574,269
DA:575,269
DA:576,8
DA:577,0
DA:578,0
DA:579,0
DA:580,8
DA:581,8
DA:582,8
DA:583,8
DA:584,8
DA:585,8
DA:586,8
DA:587,5
DA:588,5
DA:589,5
DA:590,8
DA:591,8
DA:592,8
DA:593,8
DA:594,7
DA:595,7
DA:596,7
DA:597,8
DA:598,1
DA:599,1
DA:600,269
DA:601,269
DA:602,269
DA:603,269
DA:604,269
DA:605,269
DA:606,269
DA:607,8
DA:608,0
DA:609,0
DA:610,0
DA:611,8
DA:612,8
DA:613,8
DA:614,8
DA:615,8
DA:616,8
DA:617,8
DA:618,5
DA:619,5
DA:620,5
DA:621,8
DA:622,8
DA:623,8
DA:624,8
DA:625,7
DA:626,7
DA:627,7
DA:628,8
DA:629,1
DA:630,1
DA:631,269
DA:632,269
DA:633,269
DA:634,269
DA:635,269
DA:636,269
DA:637,269
DA:638,19
DA:639,19
DA:640,19
DA:641,19
DA:642,19
DA:643,19
DA:644,19
DA:645,19
DA:646,19
DA:647,19
DA:648,19
DA:649,19
DA:650,19
DA:651,19
DA:652,19
DA:653,19
DA:654,19
DA:655,19
DA:656,19
DA:657,19
DA:658,19
DA:659,19
DA:660,19
DA:661,19
DA:662,19
DA:663,19
DA:664,19
DA:665,19
DA:666,19
DA:667,11
DA:668,19
DA:669,7
DA:670,7
DA:671,7
DA:672,7
DA:673,8
DA:674,1
DA:675,1
DA:676,1
DA:677,18
DA:678,18
DA:679,18
DA:680,18
DA:681,18
DA:682,18
DA:683,18
DA:684,19
DA:685,19
DA:686,19
DA:687,19
DA:688,19
DA:689,19
DA:690,19
DA:691,19
DA:692,19
DA:693,19
DA:694,18
DA:695,18
DA:696,19
DA:697,0
DA:698,0
DA:699,269
DA:700,269
DA:701,269
DA:702,269
DA:703,269
DA:704,269
DA:705,269
DA:706,8
DA:707,0
DA:708,0
DA:709,0
DA:710,8
DA:711,8
DA:712,8
DA:713,8
DA:714,8
DA:715,7
DA:716,7
DA:717,7
DA:718,8
DA:719,8
DA:720,8
DA:721,8
DA:722,1
DA:723,1
DA:724,269
DA:725,269
DA:726,269
DA:727,269
DA:728,269
DA:729,269
DA:730,269
DA:731,0
DA:732,0
DA:733,0
DA:734,0
DA:735,0
DA:736,0
DA:737,0
DA:738,0
DA:739,0
DA:740,0
DA:741,0
DA:742,0
DA:743,0
DA:744,0
DA:745,0
DA:746,0
DA:747,0
DA:748,0
DA:749,0
DA:750,0
DA:751,0
DA:752,0
DA:753,0
DA:754,0
DA:755,0
DA:756,0
DA:757,0
DA:758,0
DA:759,0
DA:760,0
DA:761,0
DA:762,0
DA:763,0
DA:764,0
DA:765,0
DA:766,0
DA:767,0
DA:768,0
DA:769,0
DA:770,0
DA:771,0
DA:772,0
DA:773,0
DA:774,0
DA:775,0
DA:776,0
DA:777,0
DA:778,0
DA:779,0
DA:780,0
DA:781,0
DA:782,0
DA:783,0
DA:784,0
DA:785,0
DA:786,0
DA:787,0
DA:788,269
DA:789,269
DA:790,269
DA:791,0
DA:792,0
DA:793,0
DA:794,0
DA:795,0
DA:796,0
DA:797,0
DA:798,0
DA:799,0
DA:800,0
DA:801,0
DA:802,0
DA:803,0
DA:804,0
DA:805,0
DA:806,0
DA:807,0
DA:808,0
DA:809,0
DA:810,0
DA:811,0
DA:812,0
DA:813,0
DA:814,0
DA:815,0
DA:816,0
DA:817,0
DA:818,0
DA:819,0
DA:820,0
DA:821,0
DA:822,0
DA:823,0
DA:824,0
DA:825,0
DA:826,0
DA:827,0
DA:828,0
DA:829,0
DA:830,0
DA:831,0
DA:832,0
DA:833,0
DA:834,0
DA:835,0
DA:836,0
DA:837,0
DA:838,0
DA:839,0
DA:840,0
DA:841,0
DA:842,0
DA:843,0
DA:844,0
DA:845,0
DA:846,0
DA:847,0
DA:848,0
DA:849,0
DA:850,0
DA:851,0
DA:852,0
DA:853,0
DA:854,0
DA:855,0
DA:856,0
DA:857,0
DA:858,0
DA:859,0
DA:860,0
DA:861,0
DA:862,0
DA:863,0
DA:864,0
DA:865,0
DA:866,0
DA:867,0
DA:868,0
DA:869,0
DA:870,0
DA:871,269
DA:872,269
DA:873,269
DA:874,269
DA:875,269
DA:876,269
DA:877,269
DA:878,0
DA:879,0
DA:880,0
DA:881,0
DA:882,0
DA:883,0
DA:884,0
DA:885,0
DA:886,0
DA:887,0
DA:888,0
DA:889,0
DA:890,0
DA:891,0
DA:892,0
DA:893,0
DA:894,0
DA:895,0
DA:896,0
DA:897,0
DA:898,0
DA:899,0
DA:900,0
DA:901,0
DA:902,0
DA:903,0
DA:904,0
DA:905,0
DA:906,0
DA:907,0
DA:908,0
DA:909,0
DA:910,0
DA:911,0
DA:912,0
DA:913,0
DA:914,0
DA:915,0
DA:916,0
DA:917,0
DA:918,0
DA:919,0
DA:920,0
DA:921,0
DA:922,0
DA:923,0
DA:924,0
DA:925,0
DA:926,0
DA:927,0
DA:928,0
DA:929,0
DA:930,0
DA:931,0
DA:932,269
DA:933,269
DA:934,269
DA:935,269
DA:936,269
DA:937,269
DA:938,269
DA:939,0
DA:940,0
DA:941,0
DA:942,0
DA:943,0
DA:944,0
DA:945,0
DA:946,0
DA:947,0
DA:948,0
DA:949,0
DA:950,0
DA:951,0
DA:952,0
DA:953,0
DA:954,0
DA:955,0
DA:956,0
DA:957,0
DA:958,0
DA:959,0
DA:960,0
DA:961,0
DA:962,0
DA:963,0
DA:964,0
DA:965,0
DA:966,0
DA:967,0
DA:968,0
DA:969,0
DA:970,0
DA:971,0
DA:972,0
DA:973,0
DA:974,0
DA:975,0
DA:976,0
DA:977,0
DA:978,0
DA:979,0
DA:980,0
DA:981,0
DA:982,0
DA:983,0
DA:984,0
DA:985,0
DA:986,0
DA:987,0
DA:988,0
DA:989,0
DA:990,0
DA:991,0
DA:992,0
DA:993,0
DA:994,0
DA:995,0
DA:996,0
DA:997,0
DA:998,0
DA:999,0
DA:1000,0
DA:1001,0
DA:1002,0
DA:1003,0
DA:1004,0
DA:1005,0
DA:1006,0
DA:1007,0
DA:1008,0
DA:1009,0
DA:1010,269
DA:1011,269
DA:1012,269
DA:1013,269
DA:1014,269
DA:1015,269
DA:1016,269
DA:1017,0
DA:1018,0
DA:1019,0
DA:1020,0
DA:1021,0
DA:1022,0
DA:1023,0
DA:1024,0
DA:1025,0
DA:1026,0
DA:1027,0
DA:1028,0
DA:1029,0
DA:1030,0
DA:1031,0
DA:1032,0
DA:1033,0
DA:1034,0
DA:1035,0
DA:1036,0
DA:1037,0
DA:1038,0
DA:1039,0
DA:1040,0
DA:1041,0
DA:1042,0
DA:1043,0
DA:1044,0
DA:1045,0
DA:1046,0
DA:1047,0
DA:1048,0
DA:1049,0
DA:1050,0
DA:1051,0
DA:1052,0
DA:1053,0
DA:1054,0
DA:1055,0
DA:1056,0
DA:1057,0
DA:1058,0
DA:1059,0
DA:1060,0
DA:1061,0
DA:1062,0
DA:1063,0
DA:1064,0
DA:1065,0
DA:1066,0
DA:1067,0
DA:1068,0
DA:1069,0
DA:1070,0
DA:1071,0
DA:1072,0
DA:1073,0
DA:1074,0
DA:1075,0
DA:1076,0
DA:1077,0
DA:1078,269
DA:1079,269
DA:1080,269
DA:1081,269
DA:1082,269
LF:1082
LH:645
BRDA:1,0,0,4
BRDA:30,1,0,140
BRDA:35,2,0,79
BRDA:45,3,0,124
BRDA:48,4,0,16
BRDA:41,5,0,140
BRDA:54,6,0,269
BRDA:730,7,0,0
BRDA:181,8,0,70
BRDA:183,9,0,19
BRDA:195,10,0,9
BRDA:199,11,0,28
BRDA:208,12,0,56
BRDA:211,13,0,52
BRDA:216,14,0,47
BRDA:216,15,0,13
BRDA:214,16,0,205
BRDA:481,17,0,194
BRDA:483,18,0,156
BRDA:503,19,0,155
BRDA:507,20,0,155
BRDA:514,21,0,155
BRDA:519,22,0,180
BRDA:522,23,0,169
BRDA:522,24,0,158
BRDA:532,25,0,183
BRDA:545,26,0,155
BRDA:548,27,0,183
BRDA:566,28,0,155
BRDA:535,29,0,384
BRDA:537,30,0,155
BRDA:539,31,0,240
BRDA:550,32,0,240
BRDA:554,33,0,155
BRDA:559,34,0,190
BRDA:559,35,0,174
BRDA:559,36,0,174
BRDA:560,37,0,174
BRDA:575,38,0,232
BRDA:576,39,0,224
BRDA:586,40,0,229
BRDA:586,41,0,229
BRDA:591,42,0,224
BRDA:594,43,0,231
BRDA:597,44,0,225
BRDA:596,45,0,254
BRDA:606,46,0,232
BRDA:607,47,0,224
BRDA:617,48,0,229
BRDA:617,49,0,229
BRDA:622,50,0,224
BRDA:625,51,0,231
BRDA:628,52,0,225
BRDA:627,53,0,254
BRDA:637,54,0,183
BRDA:639,55,0,171
BRDA:657,56,0,164
BRDA:666,57,0,175
BRDA:668,58,0,172
BRDA:673,59,0,165
BRDA:684,60,0,169
BRDA:684,61,0,169
BRDA:685,62,0,180
BRDA:685,63,0,180
BRDA:686,64,0,181
BRDA:686,65,0,181
BRDA:690,66,0,179
BRDA:691,67,0,168
BRDA:692,68,0,167
BRDA:693,69,0,171
BRDA:696,70,0,164
BRDA:680,71,0,285
BRDA:705,72,0,232
BRDA:706,73,0,224
BRDA:712,74,0,225
BRDA:712,75,0,231
BRDA:715,76,0,231
BRDA:718,77,0,226
BRDA:721,78,0,225
BRDA:102,79,0,214
BRDA:104,80,0,208
BRDA:121,81,0,200
BRDA:128,82,0,200
BRDA:135,83,0,202
BRDA:136,84,0,212
BRDA:140,85,0,202
BRDA:144,86,0,212
BRDA:145,87,0,202
BRDA:147,88,0,208
BRDA:148,89,0,203
BRDA:148,90,0,205
BRDA:149,91,0,203
BRDA:153,92,0,200
BRDA:154,93,0,203
BRDA:154,94,0,205
BRDA:157,95,0,210
BRDA:159,96,0,205
BRDA:159,97,0,206
BRDA:162,98,0,204
BRDA:172,99,0,200
BRDA:161,100,0,307
BRDA:164,101,0,214
BRDA:166,102,0,204
BRDA:167,103,0,210
BRDA:203,104,0,51
BRDA:528,105,0,166
BRDA:668,106,0,171
BRDA:677,107,0,182
BRDA:690,108,0,182
BRDA:692,109,0,182
BRDA:693,110,0,182
BRDA:694,111,0,182
BRDA:33,112,0,61
BRDA:211,113,0,69
BRDA:225,114,0,142
BRDA:235,115,0,114
BRDA:239,116,0,116
BRDA:243,117,0,140
BRDA:248,118,0,129
BRDA:248,119,0,125
BRDA:257,120,0,136
BRDA:267,121,0,114
BRDA:271,122,0,115
BRDA:275,123,0,135
BRDA:280,124,0,114
BRDA:289,125,0,147
BRDA:299,126,0,114
BRDA:303,127,0,115
BRDA:307,128,0,146
BRDA:312,129,0,145
BRDA:312,130,0,115
BRDA:321,131,0,133
BRDA:331,132,0,114
BRDA:335,133,0,116
BRDA:340,134,0,131
BRDA:346,135,0,130
BRDA:346,136,0,115
BRDA:355,137,0,131
BRDA:366,138,0,114
BRDA:370,139,0,116
BRDA:375,140,0,129
BRDA:381,141,0,128
BRDA:381,142,0,115
BRDA:450,143,0,133
BRDA:451,144,0,117
BRDA:457,145,0,130
BRDA:460,146,0,119
BRDA:460,147,0,125
BRDA:472,148,0,130
BRDA:472,149,0,114
BRF:150
BRH:149
end_of_record
TN:
SF:src\commands\index.js
FN:9,registerBuiltins
FNF:1
FNH:1
FNDA:269,registerBuiltins
DA:1,4
DA:2,4
DA:3,4
DA:4,4
DA:5,4
DA:6,4
DA:7,4
DA:8,4
DA:9,4
DA:10,269
DA:11,269
DA:12,269
LF:12
LH:12
BRDA:1,0,0,4
BRDA:9,1,0,269
BRF:2
BRH:2
end_of_record
TN:
SF:src\commands\shell.js
FN:22,registerShellCommands
FN:24,shell.registerCommand.description
FN:32,shell.registerCommand.description
FN:140,shell.registerCommand.description
FN:197,shell.registerCommand.description
FN:205,shell.registerCommand.description
FN:226,shell.registerCommand.description
FN:242,shell.registerCommand.description
FN:261,shell.registerCommand.description
FN:280,shell.registerCommand.description
FN:293,shell.registerCommand.description
FN:319,shell.registerCommand.description
FN:391,shell.registerCommand.description
FN:498,shell.registerCommand.description
FN:594,shell.registerCommand.description
FN:647,shell.registerCommand.description
FN:688,shell.registerCommand.description
FN:744,shell.registerCommand.description
FN:791,shell.registerCommand.description
FNF:19
FNH:2
FNDA:269,registerShellCommands
FNDA:0,shell.registerCommand.description
FNDA:0,shell.registerCommand.description
FNDA:0,shell.registerCommand.description
FNDA:0,shell.registerCommand.description
FNDA:31,shell.registerCommand.description
FNDA:0,shell.registerCommand.description
FNDA:0,shell.registerCommand.description
FNDA:0,shell.registerCommand.description
FNDA:0,shell.registerCommand.description
FNDA:0,shell.registerCommand.description
FNDA:0,shell.registerCommand.description
FNDA:0,shell.registerCommand.description
FNDA:0,shell.registerCommand.description
FNDA:0,shell.registerCommand.description
FNDA:0,shell.registerCommand.description
FNDA:0,shell.registerCommand.description
FNDA:0,shell.registerCommand.description
FNDA:0,shell.registerCommand.description
DA:1,4
DA:2,4
DA:3,4
DA:4,4
DA:5,4
DA:6,4
DA:7,4
DA:8,4
DA:9,4
DA:10,4
DA:11,4
DA:12,4
DA:13,4
DA:14,4
DA:15,4
DA:16,4
DA:17,4
DA:18,4
DA:19,4
DA:20,4
DA:21,4
DA:22,4
DA:23,269
DA:24,269
DA:25,0
DA:26,269
DA:27,269
DA:28,269
DA:29,269
DA:30,269
DA:31,269
DA:32,269
DA:33,0
DA:34,0
DA:35,0
DA:36,0
DA:37,0
DA:38,0
DA:39,0
DA:40,0
DA:41,0
DA:42,0
DA:43,0
DA:44,0
DA:45,0
DA:46,0
DA:47,0
DA:48,0
DA:49,0
DA:50,0
DA:51,0
DA:52,0
DA:53,0
DA:54,0
DA:55,0
DA:56,0
DA:57,0
DA:58,0
DA:59,0
DA:60,0
DA:61,0
DA:62,0
DA:63,0
DA:64,0
DA:65,0
DA:66,0
DA:67,0
DA:68,0
DA:69,0
DA:70,0
DA:71,0
DA:72,0
DA:73,0
DA:74,0
DA:75,0
DA:76,0
DA:77,0
DA:78,0
DA:79,0
DA:80,0
DA:81,0
DA:82,0
DA:83,0
DA:84,0
DA:85,0
DA:86,0
DA:87,0
DA:88,0
DA:89,0
DA:90,0
DA:91,0
DA:92,0
DA:93,0
DA:94,0
DA:95,0
DA:96,0
DA:97,0
DA:98,0
DA:99,0
DA:100,0
DA:101,0
DA:102,0
DA:103,0
DA:104,0
DA:105,0
DA:106,0
DA:107,0
DA:108,0
DA:109,0
DA:110,0
DA:111,0
DA:112,0
DA:113,0
DA:114,0
DA:115,0
DA:116,0
DA:117,0
DA:118,0
DA:119,0
DA:120,0
DA:121,0
DA:122,0
DA:123,0
DA:124,0
DA:125,0
DA:126,0
DA:127,0
DA:128,0
DA:129,0
DA:130,0
DA:131,0
DA:132,0
DA:133,0
DA:134,269
DA:135,269
DA:136,269
DA:137,269
DA:138,269
DA:139,269
DA:140,269
DA:141,0
DA:142,0
DA:143,0
DA:144,0
DA:145,0
DA:146,0
DA:147,0
DA:148,0
DA:149,0
DA:150,0
DA:151,0
DA:152,0
DA:153,0
DA:154,0
DA:155,0
DA:156,0
DA:157,0
DA:158,0
DA:159,0
DA:160,0
DA:161,0
DA:162,0
DA:163,0
DA:164,0
DA:165,0
DA:166,0
DA:167,0
DA:168,0
DA:169,0
DA:170,0
DA:171,0
DA:172,0
DA:173,0
DA:174,0
DA:175,0
DA:176,0
DA:177,0
DA:178,0
DA:179,0
DA:180,0
DA:181,0
DA:182,0
DA:183,0
DA:184,0
DA:185,0
DA:186,0
DA:187,0
DA:188,0
DA:189,0
DA:190,0
DA:191,269
DA:192,269
DA:193,269
DA:194,269
DA:195,269
DA:196,269
DA:197,269
DA:198,0
DA:199,269
DA:200,269
DA:201,269
DA:202,269
DA:203,269
DA:204,269
DA:205,269
DA:206,31
DA:207,31
DA:208,31
DA:209,31
DA:210,0
DA:211,0
DA:212,0
DA:213,0
DA:214,0
DA:215,0
DA:216,0
DA:217,0
DA:218,0
DA:219,31
DA:220,269
DA:221,269
DA:222,269
DA:223,269
DA:224,269
DA:225,269
DA:226,269
DA:227,0
DA:228,0
DA:229,0
DA:230,0
DA:231,0
DA:232,0
DA:233,0
DA:234,0
DA:235,0
DA:236,269
DA:237,269
DA:238,269
DA:239,269
DA:240,269
DA:241,269
DA:242,269
DA:243,0
DA:244,0
DA:245,0
DA:246,0
DA:247,0
DA:248,0
DA:249,0
DA:250,0
DA:251,0
DA:252,0
DA:253,0
DA:254,0
DA:255,269
DA:256,269
DA:257,269
DA:258,269
DA:259,269
DA:260,269
DA:261,269
DA:262,0
DA:263,0
DA:264,0
DA:265,0
DA:266,0
DA:267,0
DA:268,0
DA:269,0
DA:270,0
DA:271,0
DA:272,0
DA:273,0
DA:274,269
DA:275,269
DA:276,269
DA:277,269
DA:278,269
DA:279,269
DA:280,269
DA:281,0
DA:282,0
DA:283,0
DA:284,0
DA:285,0
DA:286,0
DA:287,269
DA:288,269
DA:289,269
DA:290,269
DA:291,269
DA:292,269
DA:293,269
DA:294,0
DA:295,0
DA:296,0
DA:297,0
DA:298,0
DA:299,0
DA:300,0
DA:301,0
DA:302,0
DA:303,0
DA:304,0
DA:305,0
DA:306,0
DA:307,0
DA:308,0
DA:309,0
DA:310,0
DA:311,0
DA:312,0
DA:313,269
DA:314,269
DA:315,269
DA:316,269
DA:317,269
DA:318,269
DA:319,269
DA:320,0
DA:321,0
DA:322,0
DA:323,0
DA:324,0
DA:325,0
DA:326,0
DA:327,0
DA:328,0
DA:329,0
DA:330,0
DA:331,0
DA:332,0
DA:333,0
DA:334,0
DA:335,0
DA:336,0
DA:337,0
DA:338,0
DA:339,0
DA:340,0
DA:341,0
DA:342,0
DA:343,0
DA:344,0
DA:345,0
DA:346,0
DA:347,0
DA:348,0
DA:349,0
DA:350,0
DA:351,0
DA:352,0
DA:353,0
DA:354,0
DA:355,0
DA:356,0
DA:357,0
DA:358,0
DA:359,0
DA:360,0
DA:361,0
DA:362,0
DA:363,0
DA:364,0
DA:365,0
DA:366,0
DA:367,0
DA:368,0
DA:369,0
DA:370,0
DA:371,0
DA:372,0
DA:373,0
DA:374,0
DA:375,0
DA:376,0
DA:377,0
DA:378,0
DA:379,0
DA:380,0
DA:381,0
DA:382,0
DA:383,0
DA:384,0
DA:385,269
DA:386,269
DA:387,269
DA:388,269
DA:389,269
DA:390,269
DA:391,269
DA:392,0
DA:393,0
DA:394,0
DA:395,0
DA:396,0
DA:397,0
DA:398,0
DA:399,0
DA:400,0
DA:401,0
DA:402,0
DA:403,0
DA:404,0
DA:405,0
DA:406,0
DA:407,0
DA:408,0
DA:409,0
DA:410,0
DA:411,0
DA:412,0
DA:413,0
DA:414,0
DA:415,0
DA:416,0
DA:417,0
DA:418,0
DA:419,0
DA:420,0
DA:421,0
DA:422,0
DA:423,0
DA:424,0
DA:425,0
DA:426,0
DA:427,0
DA:428,0
DA:429,0
DA:430,0
DA:431,0
DA:432,0
DA:433,0
DA:434,0
DA:435,0
DA:436,0
DA:437,0
DA:438,0
DA:439,0
DA:440,0
DA:441,0
DA:442,0
DA:443,0
DA:444,0
DA:445,0
DA:446,0
DA:447,0
DA:448,0
DA:449,0
DA:450,0
DA:451,0
DA:452,0
DA:453,0
DA:454,0
DA:455,0
DA:456,0
DA:457,0
DA:458,0
DA:459,0
DA:460,0
DA:461,0
DA:462,0
DA:463,0
DA:464,0
DA:465,0
DA:466,0
DA:467,0
DA:468,0
DA:469,0
DA:470,0
DA:471,0
DA:472,0
DA:473,0
DA:474,0
DA:475,0
DA:476,0
DA:477,0
DA:478,0
DA:479,0
DA:480,0
DA:481,0
DA:482,0
DA:483,0
DA:484,0
DA:485,0
DA:486,0
DA:487,0
DA:488,0
DA:489,0
DA:490,0
DA:491,0
DA:492,269
DA:493,269
DA:494,269
DA:495,269
DA:496,269
DA:497,269
DA:498,269
DA:499,0
DA:500,0
DA:501,0
DA:502,0
DA:503,0
DA:504,0
DA:505,0
DA:506,0
DA:507,0
DA:508,0
DA:509,0
DA:510,0
DA:511,0
DA:512,0
DA:513,0
DA:514,0
DA:515,0
DA:516,0
DA:517,0
DA:518,0
DA:519,0
DA:520,0
DA:521,0
DA:522,0
DA:523,0
DA:524,0
DA:525,0
DA:526,0
DA:527,0
DA:528,0
DA:529,0
DA:530,0
DA:531,0
DA:532,0
DA:533,0
DA:534,0
DA:535,0
DA:536,0
DA:537,0
DA:538,0
DA:539,0
DA:540,0
DA:541,0
DA:542,0
DA:543,0
DA:544,0
DA:545,0
DA:546,0
DA:547,0
DA:548,0
DA:549,0
DA:550,0
DA:551,0
DA:552,0
DA:553,0
DA:554,0
DA:555,0
DA:556,0
DA:557,0
DA:558,0
DA:559,0
DA:560,0
DA:561,0
DA:562,0
DA:563,0
DA:564,0
DA:565,0
DA:566,0
DA:567,0
DA:568,0
DA:569,0
DA:570,0
DA:571,0
DA:572,0
DA:573,0
DA:574,0
DA:575,0
DA:576,0
DA:577,0
DA:578,0
DA:579,0
DA:580,0
DA:581,0
DA:582,0
DA:583,0
DA:584,0
DA:585,0
DA:586,0
DA:587,0
DA:588,269
DA:589,269
DA:590,269
DA:591,269
DA:592,269
DA:593,269
DA:594,269
DA:595,0
DA:596,0
DA:597,0
DA:598,0
DA:599,0
DA:600,0
DA:601,0
DA:602,0
DA:603,0
DA:604,0
DA:605,0
DA:606,0
DA:607,0
DA:608,0
DA:609,0
DA:610,0
DA:611,0
DA:612,0
DA:613,0
DA:614,0
DA:615,0
DA:616,0
DA:617,0
DA:618,0
DA:619,0
DA:620,0
DA:621,0
DA:622,0
DA:623,0
DA:624,0
DA:625,0
DA:626,0
DA:627,0
DA:628,0
DA:629,0
DA:630,0
DA:631,0
DA:632,0
DA:633,0
DA:634,0
DA:635,0
DA:636,0
DA:637,0
DA:638,0
DA:639,0
DA:640,0
DA:641,269
DA:642,269
DA:643,269
DA:644,269
DA:645,269
DA:646,269
DA:647,269
DA:648,0
DA:649,0
DA:650,0
DA:651,0
DA:652,0
DA:653,0
DA:654,0
DA:655,0
DA:656,0
DA:657,0
DA:658,0
DA:659,0
DA:660,0
DA:661,0
DA:662,0
DA:663,0
DA:664,0
DA:665,0
DA:666,0
DA:667,0
DA:668,0
DA:669,0
DA:670,0
DA:671,0
DA:672,0
DA:673,0
DA:674,0
DA:675,0
DA:676,0
DA:677,0
DA:678,0
DA:679,0
DA:680,0
DA:681,0
DA:682,269
DA:683,269
DA:684,269
DA:685,269
DA:686,269
DA:687,269
DA:688,269
DA:689,0
DA:690,0
DA:691,0
DA:692,0
DA:693,0
DA:694,0
DA:695,0
DA:696,0
DA:697,0
DA:698,0
DA:699,0
DA:700,0
DA:701,0
DA:702,0
DA:703,0
DA:704,0
DA:705,0
DA:706,0
DA:707,0
DA:708,0
DA:709,0
DA:710,0
DA:711,0
DA:712,0
DA:713,0
DA:714,0
DA:715,0
DA:716,0
DA:717,0
DA:718,0
DA:719,0
DA:720,0
DA:721,0
DA:722,0
DA:723,0
DA:724,0
DA:725,0
DA:726,0
DA:727,0
DA:728,0
DA:729,0
DA:730,0
DA:731,0
DA:732,0
DA:733,0
DA:734,0
DA:735,0
DA:736,0
DA:737,0
DA:738,269
DA:739,269
DA:740,269
DA:741,269
DA:742,269
DA:743,269
DA:744,269
DA:745,0
DA:746,0
DA:747,0
DA:748,0
DA:749,0
DA:750,0
DA:751,0
DA:752,0
DA:753,0
DA:754,0
DA:755,0
DA:756,0
DA:757,0
DA:758,0
DA:759,0
DA:760,0
DA:761,0
DA:762,0
DA:763,0
DA:764,0
DA:765,0
DA:766,0
DA:767,0
DA:768,0
DA:769,0
DA:770,0
DA:771,0
DA:772,0
DA:773,0
DA:774,0
DA:775,0
DA:776,0
DA:777,0
DA:778,0
DA:779,0
DA:780,0
DA:781,0
DA:782,0
DA:783,0
DA:784,0
DA:785,269
DA:786,269
DA:787,269
DA:788,269
DA:789,269
DA:790,269
DA:791,269
DA:792,0
DA:793,0
DA:794,0
DA:795,0
DA:796,0
DA:797,0
DA:798,0
DA:799,0
DA:800,0
DA:801,0
DA:802,0
DA:803,0
DA:804,0
DA:805,0
DA:806,0
DA:807,0
DA:808,0
DA:809,0
DA:810,0
DA:811,0
DA:812,0
DA:813,0
DA:814,0
DA:815,0
DA:816,0
DA:817,0
DA:818,0
DA:819,0
DA:820,0
DA:821,0
DA:822,0
DA:823,0
DA:824,0
DA:825,0
DA:826,269
DA:827,269
DA:828,269
DA:829,269
DA:830,269
LF:830
LH:153
BRDA:1,0,0,4
BRDA:22,1,0,269
BRDA:205,2,0,240
BRDA:207,3,0,209
BRDA:209,4,0,209
BRF:5
BRH:5
end_of_record
TN:
SF:src\kernel\client.js
FN:9,KernelClient
FN:18,initialize
FN:27,worker.onerror
FN:34,worker.onmessageerror
FN:59,getKernel
FN:76,getVersion
FN:84,restart
FNF:7
FNH:3
FNDA:4,KernelClient
FNDA:4,initialize
FNDA:0,worker.onerror
FNDA:0,worker.onmessageerror
FNDA:569,getKernel
FNDA:0,getVersion
FNDA:0,restart
DA:1,4
DA:2,4
DA:3,4
DA:4,4
DA:5,4
DA:6,4
DA:7,4
DA:8,4
DA:9,4
DA:10,4
DA:11,4
DA:12,4
DA:13,4
DA:14,4
DA:15,4
DA:16,4
DA:17,4
DA:18,4
DA:19,4
DA:20,4
DA:21,4
DA:22,4
DA:23,4
DA:24,4
DA:25,4
DA:26,4
DA:27,4
DA:28,0
DA:29,0
DA:30,0
DA:31,0
DA:32,4
DA:33,4
DA:34,4
DA:35,0
DA:36,4
DA:37,4
DA:38,4
DA:39,4
DA:40,4
DA:41,4
DA:42,4
DA:43,4
DA:44,4
DA:45,4
DA:46,4
DA:47,4
DA:48,4
DA:49,4
DA:50,4
DA:51,0
DA:52,0
DA:53,0
DA:54,4
DA:55,4
DA:56,4
DA:57,4
DA:58,4
DA:59,4
DA:60,569
DA:61,569
DA:62,569
DA:63,0
DA:64,0
DA:65,569
DA:66,569
DA:67,569
DA:68,0
DA:69,0
DA:70,0
DA:71,569
DA:72,4
DA:73,4
DA:74,4
DA:75,4
DA:76,4
DA:77,0
DA:78,0
DA:79,0
DA:80,4
DA:81,4
DA:82,4
DA:83,4
DA:84,4
DA:85,0
DA:86,0
DA:87,0
DA:88,0
DA:89,0
DA:90,0
DA:91,0
DA:92,0
DA:93,0
DA:94,0
DA:95,0
DA:96,0
DA:97,0
DA:98,4
DA:99,4
DA:100,4
DA:101,4
LF:101
LH:72
BRDA:1,0,0,4
BRDA:9,1,0,4
BRDA:18,2,0,4
BRDA:50,3,0,0
BRDA:59,4,0,569
BRDA:62,5,0,0
BRDA:67,6,0,0
BRF:7
BRH:4
end_of_record
TN:
SF:src\stdlib\args.js
FN:24,parse
FN:208,usage
FN:302,hasHelp
FN:317,showHelp
FN:337,hasFlag
FN:359,getOption
FN:389,createArgsModule
FNF:7
FNH:4
FNDA:252,parse
FNDA:0,usage
FNDA:252,hasHelp
FNDA:252,showHelp
FNDA:0,hasFlag
FNDA:0,getOption
FNDA:8,createArgsModule
DA:1,4
DA:2,4
DA:3,4
DA:4,4
DA:5,4
DA:6,4
DA:7,4
DA:8,4
DA:9,4
DA:10,4
DA:11,4
DA:12,4
DA:13,4
DA:14,4
DA:15,4
DA:16,4
DA:17,4
DA:18,4
DA:19,4
DA:20,4
DA:21,4
DA:22,4
DA:23,4
DA:24,252
DA:25,252
DA:26,252
DA:27,252
DA:28,252
DA:29,252
DA:30,252
DA:31,252
DA:32,252
DA:33,252
DA:34,252
DA:35,252
DA:36,252
DA:37,252
DA:38,252
DA:39,252
DA:40,252
DA:41,241
DA:42,241
DA:43,241
DA:44,241
DA:45,252
DA:46,252
DA:47,252
DA:48,0
DA:49,0
DA:50,0
DA:51,0
DA:52,252
DA:53,252
DA:54,252
DA:55,252
DA:56,264
DA:57,264
DA:58,264
DA:59,264
DA:60,0
DA:61,0
DA:62,0
DA:63,0
DA:64,264
DA:65,264
DA:66,264
DA:67,0
DA:68,0
DA:69,0
DA:70,0
DA:71,0
DA:72,0
DA:73,0
DA:74,0
DA:75,0
DA:76,0
DA:77,0
DA:78,0
DA:79,0
DA:80,0
DA:81,0
DA:82,0
DA:83,0
DA:84,0
DA:85,0
DA:86,0
DA:87,0
DA:88,0
DA:89,0
DA:90,0
DA:91,0
DA:92,0
DA:93,0
DA:94,0
DA:95,0
DA:96,0
DA:97,0
DA:98,0
DA:99,0
DA:100,0
DA:101,0
DA:102,0
DA:103,0
DA:104,0
DA:105,0
DA:106,0
DA:107,0
DA:108,0
DA:109,0
DA:110,0
DA:111,0
DA:112,0
DA:113,264
DA:114,264
DA:115,264
DA:116,20
DA:117,20
DA:118,20
DA:119,20
DA:120,20
DA:121,20
DA:122,20
DA:123,20
DA:124,0
DA:125,0
DA:126,0
DA:127,0
DA:128,0
DA:129,0
DA:130,0
DA:131,0
DA:132,0
DA:133,0
DA:134,0
DA:135,0
DA:136,0
DA:137,0
DA:138,0
DA:139,0
DA:140,0
DA:141,0
DA:142,0
DA:143,0
DA:144,0
DA:145,0
DA:146,0
DA:147,0
DA:148,0
DA:149,0
DA:150,20
DA:151,20
DA:152,20
DA:153,20
DA:154,21
DA:155,21
DA:156,21
DA:157,0
DA:158,0
DA:159,0
DA:160,0
DA:161,21
DA:162,20
DA:163,20
DA:164,20
DA:165,20
DA:166,20
DA:167,244
DA:168,244
DA:169,244
DA:170,244
DA:171,244
DA:172,252
DA:173,252
DA:174,252
DA:175,252
DA:176,252
DA:177,252
DA:178,4
DA:179,4
DA:180,4
DA:181,4
DA:182,4
DA:183,4
DA:184,4
DA:185,4
DA:186,4
DA:187,4
DA:188,4
DA:189,4
DA:190,4
DA:191,4
DA:192,4
DA:193,4
DA:194,4
DA:195,4
DA:196,4
DA:197,4
DA:198,4
DA:199,4
DA:200,4
DA:201,4
DA:202,4
DA:203,4
DA:204,4
DA:205,4
DA:206,4
DA:207,4
DA:208,0
DA:209,0
DA:210,0
DA:211,0
DA:212,0
DA:213,0
DA:214,0
DA:215,0
DA:216,0
DA:217,0
DA:218,0
DA:219,0
DA:220,0
DA:221,0
DA:222,0
DA:223,0
DA:224,0
DA:225,0
DA:226,0
DA:227,0
DA:228,0
DA:229,0
DA:230,0
DA:231,0
DA:232,0
DA:233,0
DA:234,0
DA:235,0
DA:236,0
DA:237,0
DA:238,0
DA:239,0
DA:240,0
DA:241,0
DA:242,0
DA:243,0
DA:244,0
DA:245,0
DA:246,0
DA:247,0
DA:248,0
DA:249,0
DA:250,0
DA:251,0
DA:252,0
DA:253,0
DA:254,0
DA:255,0
DA:256,0
DA:257,0
DA:258,0
DA:259,0
DA:260,0
DA:261,0
DA:262,0
DA:263,0
DA:264,0
DA:265,0
DA:266,0
DA:267,0
DA:268,0
DA:269,0
DA:270,0
DA:271,0
DA:272,0
DA:273,0
DA:274,0
DA:275,0
DA:276,0
DA:277,0
DA:278,0
DA:279,0
DA:280,0
DA:281,0
DA:282,0
DA:283,0
DA:284,0
DA:285,0
DA:286,0
DA:287,0
DA:288,0
DA:289,0
DA:290,0
DA:291,0
DA:292,0
DA:293,0
DA:294,0
DA:295,0
DA:296,4
DA:297,4
DA:298,4
DA:299,4
DA:300,4
DA:301,4
DA:302,252
DA:303,252
DA:304,252
DA:305,4
DA:306,4
DA:307,4
DA:308,4
DA:309,4
DA:310,4
DA:311,4
DA:312,4
DA:313,4
DA:314,4
DA:315,4
DA:316,4
DA:317,252
DA:318,252
DA:319,252
DA:320,252
DA:321,0
DA:322,0
DA:323,0
DA:324,0
DA:325,252
DA:326,4
DA:327,4
DA:328,4
DA:329,4
DA:330,4
DA:331,4
DA:332,4
DA:333,4
DA:334,4
DA:335,4
DA:336,4
DA:337,0
DA:338,0
DA:339,0
DA:340,0
DA:341,0
DA:342,0
DA:343,0
DA:344,0
DA:345,0
DA:346,0
DA:347,4
DA:348,4
DA:349,4
DA:350,4
DA:351,4
DA:352,4
DA:353,4
DA:354,4
DA:355,4
DA:356,4
DA:357,4
DA:358,4
DA:359,0
DA:360,0
DA:361,0
DA:362,0
DA:363,0
DA:364,0
DA:365,0
DA:366,0
DA:367,0
DA:368,0
DA:369,0
DA:370,0
DA:371,0
DA:372,0
DA:373,0
DA:374,0
DA:375,0
DA:376,0
DA:377,0
DA:378,0
DA:379,0
DA:380,0
DA:381,0
DA:382,0
DA:383,0
DA:384,4
DA:385,4
DA:386,4
DA:387,4
DA:388,4
DA:389,4
DA:390,8
DA:391,8
DA:392,8
DA:393,8
DA:394,8
DA:395,8
DA:396,8
DA:397,8
DA:398,8
LF:398
LH:187
BRDA:1,0,0,4
BRDA:24,1,0,252
BRDA:33,2,0,180
BRDA:55,3,0,264
BRDA:59,4,0,0
BRDA:66,5,0,0
BRDA:115,6,0,20
BRDA:115,7,0,20
BRDA:115,8,0,20
BRDA:123,9,0,0
BRDA:123,10,0,0
BRDA:123,11,0,0
BRDA:156,12,0,0
BRDA:167,13,0,244
BRDA:40,14,0,366
BRDA:302,15,0,252
BRDA:317,16,0,252
BRDA:321,17,0,0
BRDA:389,18,0,8
BRDA:153,19,0,21
BRF:20
BRH:13
end_of_record
TN:
SF:src\stdlib\path.js
FN:15,join
FN:36,resolve
FN:74,dirname
FN:99,basename
FN:128,extname
FN:155,normalize
FN:196,relative
FN:242,isAbsolute
FN:255,createPathModule
FNF:9
FNH:4
FNDA:153,join
FNDA:0,resolve
FNDA:0,dirname
FNDA:0,basename
FNDA:0,extname
FNDA:411,normalize
FNDA:0,relative
FNDA:258,isAbsolute
FNDA:4,createPathModule
DA:1,4
DA:2,4
DA:3,4
DA:4,4
DA:5,4
DA:6,4
DA:7,4
DA:8,4
DA:9,4
DA:10,4
DA:11,4
DA:12,4
DA:13,4
DA:14,4
DA:15,153
DA:16,153
DA:17,153
DA:18,153
DA:19,153
DA:20,153
DA:21,153
DA:22,153
DA:23,153
DA:24,153
DA:25,153
DA:26,4
DA:27,4
DA:28,4
DA:29,4
DA:30,4
DA:31,4
DA:32,4
DA:33,4
DA:34,4
DA:35,4
DA:36,0
DA:37,0
DA:38,0
DA:39,0
DA:40,0
DA:41,0
DA:42,0
DA:43,0
DA:44,0
DA:45,0
DA:46,0
DA:47,0
DA:48,0
DA:49,0
DA:50,0
DA:51,0
DA:52,0
DA:53,0
DA:54,0
DA:55,0
DA:56,0
DA:57,0
DA:58,0
DA:59,0
DA:60,0
DA:61,0
DA:62,0
DA:63,4
DA:64,4
DA:65,4
DA:66,4
DA:67,4
DA:68,4
DA:69,4
DA:70,4
DA:71,4
DA:72,4
DA:73,4
DA:74,0
DA:75,0
DA:76,0
DA:77,0
DA:78,0
DA:79,0
DA:80,0
DA:81,0
DA:82,0
DA:83,0
DA:84,0
DA:85,0
DA:86,0
DA:87,4
DA:88,4
DA:89,4
DA:90,4
DA:91,4
DA:92,4
DA:93,4
DA:94,4
DA:95,4
DA:96,4
DA:97,4
DA:98,4
DA:99,0
DA:100,0
DA:101,0
DA:102,0
DA:103,0
DA:104,0
DA:105,0
DA:106,0
DA:107,0
DA:108,0
DA:109,0
DA:110,0
DA:111,0
DA:112,0
DA:113,0
DA:114,0
DA:115,0
DA:116,0
DA:117,4
DA:118,4
DA:119,4
DA:120,4
DA:121,4
DA:122,4
DA:123,4
DA:124,4
DA:125,4
DA:126,4
DA:127,4
DA:128,0
DA:129,0
DA:130,0
DA:131,0
DA:132,0
DA:133,0
DA:134,0
DA:135,0
DA:136,0
DA:137,0
DA:138,0
DA:139,0
DA:140,0
DA:141,0
DA:142,0
DA:143,0
DA:144,4
DA:145,4
DA:146,4
DA:147,4
DA:148,4
DA:149,4
DA:150,4
DA:151,4
DA:152,4
DA:153,4
DA:154,4
DA:155,411
DA:156,411
DA:157,411
DA:158,411
DA:159,411
DA:160,411
DA:161,411
DA:162,411
DA:163,856
DA:164,4
DA:165,4
DA:166,4
DA:167,4
DA:168,0
DA:169,0
DA:170,0
DA:171,4
DA:172,856
DA:173,852
DA:174,852
DA:175,856
DA:176,411
DA:177,411
DA:178,411
DA:179,411
DA:180,411
DA:181,411
DA:182,0
DA:183,411
DA:184,411
DA:185,4
DA:186,4
DA:187,4
DA:188,4
DA:189,4
DA:190,4
DA:191,4
DA:192,4
DA:193,4
DA:194,4
DA:195,4
DA:196,0
DA:197,0
DA:198,0
DA:199,0
DA:200,0
DA:201,0
DA:202,0
DA:203,0
DA:204,0
DA:205,0
DA:206,0
DA:207,0
DA:208,0
DA:209,0
DA:210,0
DA:211,0
DA:212,0
DA:213,0
DA:214,0
DA:215,0
DA:216,0
DA:217,0
DA:218,0
DA:219,0
DA:220,0
DA:221,0
DA:222,0
DA:223,0
DA:224,0
DA:225,0
DA:226,0
DA:227,0
DA:228,0
DA:229,0
DA:230,0
DA:231,0
DA:232,4
DA:233,4
DA:234,4
DA:235,4
DA:236,4
DA:237,4
DA:238,4
DA:239,4
DA:240,4
DA:241,4
DA:242,258
DA:243,258
DA:244,258
DA:245,4
DA:246,4
DA:247,4
DA:248,4
DA:249,4
DA:250,4
DA:251,4
DA:252,4
DA:253,4
DA:254,4
DA:255,4
DA:256,4
DA:257,4
DA:258,4
DA:259,4
DA:260,4
DA:261,4
DA:262,4
DA:263,4
DA:264,4
DA:265,4
DA:266,4
DA:267,4
LF:267
LH:153
BRDA:1,0,0,4
BRDA:15,1,0,154
BRDA:16,2,0,1
BRDA:20,3,0,307
BRDA:155,4,0,411
BRDA:156,5,0,0
BRDA:162,6,0,856
BRDA:163,7,0,4
BRDA:180,8,0,0
BRDA:182,9,0,0
BRDA:183,10,0,0
BRDA:159,11,0,1274
BRDA:159,12,0,1274
BRDA:242,13,0,258
BRDA:255,14,0,4
BRDA:167,15,0,0
BRDA:172,16,0,852
BRF:17
BRH:12
end_of_record
TN:
SF:src\ui\activity-led.js
FN:7,ActivityLED
FN:16,reading
FN:23,writing
FN:30,error
FN:43,idle
FN:50,setActivity
FN:74,wrap
FNF:7
FNH:6
FNDA:4,ActivityLED
FNDA:61,reading
FNDA:79,writing
FNDA:16,error
FNDA:124,idle
FNDA:280,setActivity
FNDA:0,wrap
DA:1,4
DA:2,4
DA:3,4
DA:4,4
DA:5,4
DA:6,4
DA:7,4
DA:8,4
DA:9,4
DA:10,4
DA:11,4
DA:12,4
DA:13,4
DA:14,4
DA:15,4
DA:16,4
DA:17,61
DA:18,61
DA:19,4
DA:20,4
DA:21,4
DA:22,4
DA:23,4
DA:24,79
DA:25,79
DA:26,4
DA:27,4
DA:28,4
DA:29,4
DA:30,4
DA:31,16
DA:32,16
DA:33,16
DA:34,0
DA:35,0
DA:36,0
DA:37,16
DA:38,16
DA:39,4
DA:40,4
DA:41,4
DA:42,4
DA:43,4
DA:44,124
DA:45,124
DA:46,4
DA:47,4
DA:48,4
DA:49,4
DA:50,4
DA:51,280
DA:52,280
DA:53,280
DA:54,280
DA:55,280
DA:56,0
DA:57,0
DA:58,0
DA:59,0
DA:60,0
DA:61,0
DA:62,0
DA:63,0
DA:64,0
DA:65,0
DA:66,280
DA:67,4
DA:68,4
DA:69,4
DA:70,4
DA:71,4
DA:72,4
DA:73,4
DA:74,4
DA:75,0
DA:76,0
DA:77,0
DA:78,0
DA:79,0
DA:80,0
DA:81,0
DA:82,0
DA:83,0
DA:84,0
DA:85,0
DA:86,0
DA:87,0
DA:88,0
DA:89,0
DA:90,4
DA:91,4
DA:92,4
DA:93,4
LF:93
LH:65
BRDA:1,0,0,4
BRDA:7,1,0,4
BRDA:16,2,0,61
BRDA:30,3,0,17
BRDA:43,4,0,124
BRDA:50,5,0,280
BRDA:56,6,0,0
BRDA:23,7,0,82
BRF:8
BRH:7
end_of_record
TN:
SF:src\utils\command-context.js
FN:17,CommandContext
FN:30,writeln
FN:44,write
FN:61,error
FN:71,getStdinLines
FN:80,getStdout
FN:88,getStdoutLines
FN:96,hasStdin
FN:104,isStandalone
FN:114,createTerminalContext
FN:129,createPipedContext
FN:144,createRedirectedContext
FNF:12
FNH:8
FNDA:166,CommandContext
FNDA:451,writeln
FNDA:0,write
FNDA:0,error
FNDA:25,getStdinLines
FNDA:140,getStdout
FNDA:0,getStdoutLines
FNDA:58,hasStdin
FNDA:0,isStandalone
FNDA:26,createTerminalContext
FNDA:93,createPipedContext
FNDA:47,createRedirectedContext
DA:1,4
DA:2,4
DA:3,4
DA:4,4
DA:5,4
DA:6,4
DA:7,4
DA:8,4
DA:9,4
DA:10,4
DA:11,4
DA:12,4
DA:13,4
DA:14,4
DA:15,4
DA:16,4
DA:17,4
DA:18,166
DA:19,166
DA:20,166
DA:21,166
DA:22,166
DA:23,166
DA:24,166
DA:25,4
DA:26,4
DA:27,4
DA:28,4
DA:29,4
DA:30,4
DA:31,451
DA:32,388
DA:33,388
DA:34,451
DA:35,63
DA:36,63
DA:37,63
DA:38,451
DA:39,4
DA:40,4
DA:41,4
DA:42,4
DA:43,4
DA:44,4
DA:45,0
DA:46,0
DA:47,0
DA:48,0
DA:49,0
DA:50,0
DA:51,0
DA:52,0
DA:53,0
DA:54,0
DA:55,0
DA:56,4
DA:57,4
DA:58,4
DA:59,4
DA:60,4
DA:61,4
DA:62,0
DA:63,0
DA:64,0
DA:65,0
DA:66,4
DA:67,4
DA:68,4
DA:69,4
DA:70,4
DA:71,4
DA:72,25
DA:73,25
DA:74,25
DA:75,4
DA:76,4
DA:77,4
DA:78,4
DA:79,4
DA:80,4
DA:81,140
DA:82,140
DA:83,4
DA:84,4
DA:85,4
DA:86,4
DA:87,4
DA:88,4
DA:89,0
DA:90,0
DA:91,4
DA:92,4
DA:93,4
DA:94,4
DA:95,4
DA:96,4
DA:97,58
DA:98,58
DA:99,4
DA:100,4
DA:101,4
DA:102,4
DA:103,4
DA:104,4
DA:105,0
DA:106,0
DA:107,4
DA:108,4
DA:109,4
DA:110,4
DA:111,4
DA:112,4
DA:113,4
DA:114,4
DA:115,26
DA:116,26
DA:117,26
DA:118,26
DA:119,26
DA:120,26
DA:121,26
DA:122,4
DA:123,4
DA:124,4
DA:125,4
DA:126,4
DA:127,4
DA:128,4
DA:129,4
DA:130,93
DA:131,93
DA:132,93
DA:133,93
DA:134,93
DA:135,93
DA:136,93
DA:137,4
DA:138,4
DA:139,4
DA:140,4
DA:141,4
DA:142,4
DA:143,4
DA:144,4
DA:145,47
DA:146,47
DA:147,47
DA:148,47
DA:149,47
DA:150,47
DA:151,47
LF:151
LH:132
BRDA:1,0,0,4
BRDA:17,1,0,166
BRDA:19,2,0,121
BRDA:20,3,0,73
BRDA:21,4,0,119
BRDA:30,5,0,451
BRDA:31,6,0,171
BRDA:31,7,0,388
BRDA:34,8,0,63
BRDA:71,9,0,26
BRDA:72,10,0,1
BRDA:80,11,0,141
BRDA:96,12,0,59
BRDA:114,13,0,26
BRDA:129,14,0,94
BRDA:144,15,0,49
BRF:16
BRH:16
end_of_record
TN:
SF:src\utils\command-registry.js
FN:7,CommandRegistry
FN:18,register
FN:37,getCommands
FN:50,getCategories
FN:58,getByCategory
FNF:5
FNH:2
FNDA:5,CommandRegistry
FNDA:10222,register
FNDA:0,getCommands
FNDA:0,getCategories
FNDA:0,getByCategory
DA:1,5
DA:2,5
DA:3,5
DA:4,5
DA:5,5
DA:6,5
DA:7,5
DA:8,5
DA:9,5
DA:10,5
DA:11,5
DA:12,5
DA:13,5
DA:14,5
DA:15,5
DA:16,5
DA:17,5
DA:18,5
DA:19,10222
DA:20,10222
DA:21,10222
DA:22,10222
DA:23,10222
DA:24,10222
DA:25,10222
DA:26,10222
DA:27,12
DA:28,12
DA:29,10222
DA:30,10222
DA:31,5
DA:32,5
DA:33,5
DA:34,5
DA:35,5
DA:36,5
DA:37,5
DA:38,0
DA:39,0
DA:40,0
DA:41,0
DA:42,0
DA:43,0
DA:44,0
DA:45,5
DA:46,5
DA:47,5
DA:48,5
DA:49,5
DA:50,5
DA:51,0
DA:52,0
DA:53,5
DA:54,5
DA:55,5
DA:56,5
DA:57,5
DA:58,5
DA:59,0
DA:60,0
DA:61,0
DA:62,0
DA:63,0
DA:64,0
DA:65,5
DA:66,5
DA:67,5
DA:68,5
LF:68
LH:53
BRDA:1,0,0,5
BRDA:7,1,0,5
BRDA:18,2,0,10223
BRDA:26,3,0,13
BRF:4
BRH:4
end_of_record
TN:
SF:src\utils\command-utils.js
FN:23,resolvePath
FN:42,showError
FN:51,showWarning
FN:60,showSuccess
FN:69,showInfo
FN:78,getKernel
FN:94,withTimeout
FN:108,hasHelpFlag
FN:122,hasFlag
FN:140,getOption
FN:172,getPositionalArgs
FN:208,formatSize
FN:223,formatDate
FN:253,formatPermissions
FNF:14
FNH:3
FNDA:258,resolvePath
FNDA:60,showError
FNDA:0,showWarning
FNDA:0,showSuccess
FNDA:0,showInfo
FNDA:0,getKernel
FNDA:0,withTimeout
FNDA:31,hasHelpFlag
FNDA:0,hasFlag
FNDA:0,getOption
FNDA:0,getPositionalArgs
FNDA:0,formatSize
FNDA:0,formatDate
FNDA:0,formatPermissions
DA:1,4
DA:2,4
DA:3,4
DA:4,4
DA:5,4
DA:6,4
DA:7,4
DA:8,4
DA:9,4
DA:10,4
DA:11,4
DA:12,4
DA:13,4
DA:14,4
DA:15,4
DA:16,4
DA:17,4
DA:18,4
DA:19,4
DA:20,4
DA:21,4
DA:22,4
DA:23,4
DA:24,258
DA:25,258
DA:26,258
DA:27,105
DA:28,105
DA:29,153
DA:30,153
DA:31,258
DA:32,4
DA:33,4
DA:34,4
DA:35,4
DA:36,4
DA:37,4
DA:38,4
DA:39,4
DA:40,4
DA:41,4
DA:42,4
DA:43,60
DA:44,60
DA:45,4
DA:46,4
DA:47,4
DA:48,4
DA:49,4
DA:50,4
DA:51,4
DA:52,0
DA:53,0
DA:54,4
DA:55,4
DA:56,4
DA:57,4
DA:58,4
DA:59,4
DA:60,4
DA:61,0
DA:62,0
DA:63,4
DA:64,4
DA:65,4
DA:66,4
DA:67,4
DA:68,4
DA:69,4
DA:70,0
DA:71,0
DA:72,4
DA:73,4
DA:74,4
DA:75,4
DA:76,4
DA:77,4
DA:78,4
DA:79,0
DA:80,0
DA:81,0
DA:82,0
DA:83,0
DA:84,0
DA:85,4
DA:86,4
DA:87,4
DA:88,4
DA:89,4
DA:90,4
DA:91,4
DA:92,4
DA:93,4
DA:94,4
DA:95,0
DA:96,0
DA:97,0
DA:98,0
DA:99,0
DA:100,0
DA:101,0
DA:102,4
DA:103,4
DA:104,4
DA:105,4
DA:106,4
DA:107,4
DA:108,4
DA:109,31
DA:110,31
DA:111,4
DA:112,4
DA:113,4
DA:114,4
DA:115,4
DA:116,4
DA:117,4
DA:118,4
DA:119,4
DA:120,4
DA:121,4
DA:122,4
DA:123,0
DA:124,0
DA:125,0
DA:126,0
DA:127,4
DA:128,4
DA:129,4
DA:130,4
DA:131,4
DA:132,4
DA:133,4
DA:134,4
DA:135,4
DA:136,4
DA:137,4
DA:138,4
DA:139,4
DA:140,4
DA:141,0
DA:142,0
DA:143,0
DA:144,0
DA:145,0
DA:146,0
DA:147,0
DA:148,0
DA:149,0
DA:150,0
DA:151,0
DA:152,0
DA:153,0
DA:154,0
DA:155,0
DA:156,0
DA:157,0
DA:158,0
DA:159,0
DA:160,0
DA:161,0
DA:162,4
DA:163,4
DA:164,4
DA:165,4
DA:166,4
DA:167,4
DA:168,4
DA:169,4
DA:170,4
DA:171,4
DA:172,4
DA:173,0
DA:174,0
DA:175,0
DA:176,0
DA:177,0
DA:178,0
DA:179,0
DA:180,0
DA:181,0
DA:182,0
DA:183,0
DA:184,0
DA:185,0
DA:186,0
DA:187,0
DA:188,0
DA:189,0
DA:190,0
DA:191,0
DA:192,0
DA:193,0
DA:194,0
DA:195,0
DA:196,0
DA:197,4
DA:198,4
DA:199,4
DA:200,4
DA:201,4
DA:202,4
DA:203,4
DA:204,4
DA:205,4
DA:206,4
DA:207,4
DA:208,4
DA:209,0
DA:210,0
DA:211,0
DA:212,0
DA:213,0
DA:214,4
DA:215,4
DA:216,4
DA:217,4
DA:218,4
DA:219,4
DA:220,4
DA:221,4
DA:222,4
DA:223,4
DA:224,0
DA:225,0
DA:226,0
DA:227,0
DA:228,0
DA:229,0
DA:230,0
DA:231,0
DA:232,0
DA:233,0
DA:234,0
DA:235,0
DA:236,0
DA:237,0
DA:238,0
DA:239,0
DA:240,0
DA:241,0
DA:242,0
DA:243,0
DA:244,0
DA:245,0
DA:246,4
DA:247,4
DA:248,4
DA:249,4
DA:250,4
DA:251,4
DA:252,4
DA:253,4
DA:254,0
DA:255,0
DA:256,0
DA:257,0
DA:258,4
DA:259,4
DA:260,4
LF:260
LH:161
BRDA:1,0,0,4
BRDA:23,1,0,258
BRDA:24,2,0,0
BRDA:26,3,0,105
BRDA:42,4,0,61
BRDA:29,5,0,153
BRDA:108,6,0,34
BRF:7
BRH:6
end_of_record
TN:
SF:src\utils\help-formatter.js
FN:13,displayHelp
FNF:1
FNH:0
FNDA:0,displayHelp
DA:1,4
DA:2,4
DA:3,4
DA:4,4
DA:5,4
DA:6,4
DA:7,4
DA:8,4
DA:9,4
DA:10,4
DA:11,4
DA:12,4
DA:13,4
DA:14,0
DA:15,0
DA:16,0
DA:17,0
DA:18,0
DA:19,0
DA:20,0
DA:21,0
DA:22,0
DA:23,0
DA:24,0
DA:25,0
DA:26,0
DA:27,0
DA:28,0
DA:29,0
DA:30,0
DA:31,0
DA:32,0
DA:33,0
DA:34,0
DA:35,0
DA:36,0
DA:37,0
DA:38,0
DA:39,0
DA:40,0
DA:41,0
DA:42,0
DA:43,0
DA:44,0
DA:45,0
DA:46,0
DA:47,0
DA:48,0
DA:49,0
DA:50,0
DA:51,0
DA:52,0
DA:53,0
DA:54,0
DA:55,0
DA:56,0
DA:57,0
DA:58,0
DA:59,0
DA:60,0
DA:61,0
DA:62,0
DA:63,0
DA:64,0
DA:65,0
DA:66,0
DA:67,0
DA:68,0
DA:69,0
DA:70,0
DA:71,0
DA:72,0
DA:73,0
DA:74,0
DA:75,0
DA:76,0
DA:77,0
DA:78,0
DA:79,0
DA:80,0
DA:81,0
DA:82,0
DA:83,0
LF:83
LH:13
BRDA:1,0,0,4
BRF:1
BRH:1
end_of_record
TN:
SF:src\utils\man-renderer.js
FN:26,renderManPage
FN:145,renderInline
FN:175,wrapParagraph
FN:205,stripAnsi
FN:214,formatManPage
FNF:5
FNH:0
FNDA:0,renderManPage
FNDA:0,renderInline
FNDA:0,wrapParagraph
FNDA:0,stripAnsi
FNDA:0,formatManPage
DA:1,4
DA:2,4
DA:3,4
DA:4,4
DA:5,4
DA:6,4
DA:7,4
DA:8,4
DA:9,4
DA:10,4
DA:11,4
DA:12,4
DA:13,4
DA:14,4
DA:15,4
DA:16,4
DA:17,4
DA:18,4
DA:19,4
DA:20,4
DA:21,4
DA:22,4
DA:23,4
DA:24,4
DA:25,4
DA:26,4
DA:27,0
DA:28,0
DA:29,0
DA:30,0
DA:31,0
DA:32,0
DA:33,0
DA:34,0
DA:35,0
DA:36,0
DA:37,0
DA:38,0
DA:39,0
DA:40,0
DA:41,0
DA:42,0
DA:43,0
DA:44,0
DA:45,0
DA:46,0
DA:47,0
DA:48,0
DA:49,0
DA:50,0
DA:51,0
DA:52,0
DA:53,0
DA:54,0
DA:55,0
DA:56,0
DA:57,0
DA:58,0
DA:59,0
DA:60,0
DA:61,0
DA:62,0
DA:63,0
DA:64,0
DA:65,0
DA:66,0
DA:67,0
DA:68,0
DA:69,0
DA:70,0
DA:71,0
DA:72,0
DA:73,0
DA:74,0
DA:75,0
DA:76,0
DA:77,0
DA:78,0
DA:79,0
DA:80,0
DA:81,0
DA:82,0
DA:83,0
DA:84,0
DA:85,0
DA:86,0
DA:87,0
DA:88,0
DA:89,0
DA:90,0
DA:91,0
DA:92,0
DA:93,0
DA:94,0
DA:95,0
DA:96,0
DA:97,0
DA:98,0
DA:99,0
DA:100,0
DA:101,0
DA:102,0
DA:103,0
DA:104,0
DA:105,0
DA:106,0
DA:107,0
DA:108,0
DA:109,0
DA:110,0
DA:111,0
DA:112,0
DA:113,0
DA:114,0
DA:115,0
DA:116,0
DA:117,0
DA:118,0
DA:119,0
DA:120,0
DA:121,0
DA:122,0
DA:123,0
DA:124,0
DA:125,0
DA:126,0
DA:127,0
DA:128,0
DA:129,0
DA:130,0
DA:131,0
DA:132,0
DA:133,0
DA:134,0
DA:135,0
DA:136,0
DA:137,0
DA:138,0
DA:139,4
DA:140,4
DA:141,4
DA:142,4
DA:143,4
DA:144,4
DA:145,0
DA:146,0
DA:147,0
DA:148,0
DA:149,0
DA:150,0
DA:151,0
DA:152,0
DA:153,0
DA:154,0
DA:155,0
DA:156,0
DA:157,0
DA:158,0
DA:159,0
DA:160,0
DA:161,0
DA:162,0
DA:163,0
DA:164,0
DA:165,0
DA:166,0
DA:167,0
DA:168,4
DA:169,4
DA:170,4
DA:171,4
DA:172,4
DA:173,4
DA:174,4
DA:175,0
DA:176,0
DA:177,0
DA:178,0
DA:179,0
DA:180,0
DA:181,0
DA:182,0
DA:183,0
DA:184,0
DA:185,0
DA:186,0
DA:187,0
DA:188,0
DA:189,0
DA:190,0
DA:191,0
DA:192,0
DA:193,0
DA:194,0
DA:195,0
DA:196,0
DA:197,0
DA:198,0
DA:199,4
DA:200,4
DA:201,4
DA:202,4
DA:203,4
DA:204,4
DA:205,0
DA:206,0
DA:207,0
DA:208,4
DA:209,4
DA:210,4
DA:211,4
DA:212,4
DA:213,4
DA:214,4
DA:215,0
DA:216,0
DA:217,0
DA:218,0
DA:219,0
DA:220,0
DA:221,0
DA:222,0
DA:223,0
DA:224,0
DA:225,0
DA:226,0
DA:227,0
DA:228,0
DA:229,0
DA:230,0
DA:231,0
DA:232,0
DA:233,0
DA:234,0
DA:235,0
DA:236,0
DA:237,0
DA:238,0
DA:239,0
DA:240,0
DA:241,0
DA:242,0
DA:243,0
DA:244,0
DA:245,0
DA:246,0
DA:247,0
DA:248,0
DA:249,0
DA:250,0
DA:251,0
DA:252,0
DA:253,0
DA:254,0
LF:254
LH:52
BRDA:1,0,0,4
BRF:1
BRH:1
end_of_record
